------------------------------ Tue 02/09/2021 16:40:31.85 ----------------------------------------------- 
CRI400W to BAC400A 0.21 
CRI400W to CRI400B 0.16 
CRI400W to CRI400C 0.14 
CRI400W to GUA400A 0.14 
CRI400W to GUA400B 0.30 
CRI400W to HON400A 0.25 
CRI400W to HON400B 0.26 
CRI400W to SAL400B 0.27 
CRI400W to SAL400D 0.25 
CRI400W to NIC400B 0.25 
CRI400W to NIC400C 0.16 
------------------------------ Tue 02/09/2021 16:42:56.67 ----------------------------------------------- 
CRI400W to BAC400A 0.14 
CRI400W to CRI400B 0.15 
CRI400W to CRI400C 0.15 
CRI400W to GUA400A 0.38 
CRI400W to GUA400B 0.28 
CRI400W to HON400A 0.25 
CRI400W to HON400B 0.25 
CRI400W to SAL400B 0.25 
CRI400W to SAL400D 0.25 
CRI400W to NIC400B 0.23 
CRI400W to NIC400C 0.121 
------------------------------ Tue 02/09/2021 16:47:55.67 ----------------------------------------------- 
CRI400W to BAC400A 0.14 
CRI400W to CRI400B 0.16 
CRI400W to CRI400C 0.14 
CRI400W to GUA400A 0.28 
CRI400W to GUA400B 0.25 
CRI400W to HON400A 0.17 
CRI400W to HON400B 0.25 
CRI400W to SAL400B 0.17 
CRI400W to SAL400D 0.16 
CRI400W to NIC400B 0.19 
CRI400W to NIC400C 0.17 
------------------------------ Tue 02/09/2021 16:52:55.67 ----------------------------------------------- 
CRI400W to BAC400A 0.16 
CRI400W to CRI400B 0.16 
CRI400W to CRI400C 0.15 
CRI400W to GUA400A 0.34 
CRI400W to GUA400B 0.24 
CRI400W to HON400A 0.37 
CRI400W to HON400B 0.26 
CRI400W to SAL400B 0.24 
CRI400W to SAL400D 0.22 
CRI400W to NIC400B 0.23 
CRI400W to NIC400C 0.16 
------------------------------ Tue 02/09/2021 16:57:55.68 ----------------------------------------------- 
CRI400W to BAC400A 0.15 
CRI400W to CRI400B 0.15 
CRI400W to CRI400C 0.16 
CRI400W to GUA400A 0.20 
CRI400W to GUA400B 0.25 
CRI400W to HON400A 0.31 
CRI400W to HON400B 0.26 
CRI400W to SAL400B 0.26 
CRI400W to SAL400D 0.16 
CRI400W to NIC400B 0.16 
CRI400W to NIC400C 0.16 
------------------------------ Tue 02/09/2021 17:02:55.68 ----------------------------------------------- 
CRI400W to BAC400A 0.14 
CRI400W to CRI400B 0.17 
CRI400W to CRI400C 0.14 
CRI400W to GUA400A 0.26 
CRI400W to GUA400B 0.25 
CRI400W to HON400A 0.27 
CRI400W to HON400B 0.28 
CRI400W to SAL400B 0.15 
CRI400W to SAL400D 0.15 
CRI400W to NIC400B 0.15 
CRI400W to NIC400C 0.17 
------------------------------ Tue 02/09/2021 17:07:55.69 ----------------------------------------------- 
CRI400W to BAC400A 0.16 
CRI400W to CRI400B 0.14 
CRI400W to CRI400C 0.16 
CRI400W to GUA400A 0.23 
CRI400W to GUA400B 0.23 
CRI400W to HON400A 0.18 
CRI400W to HON400B 0.27 
CRI400W to SAL400B 0.16 
CRI400W to SAL400D 0.17 
CRI400W to NIC400B 0.17 
CRI400W to NIC400C 0.19 
------------------------------ Tue 02/09/2021 17:12:55.72 ----------------------------------------------- 
CRI400W to BAC400A 0.14 
CRI400W to CRI400B 0.15 
CRI400W to CRI400C 0.17 
CRI400W to GUA400A 0.17 
CRI400W to GUA400B 0.29 
CRI400W to HON400A 0.31 
CRI400W to HON400B 0.28 
CRI400W to SAL400B 0.16 
CRI400W to SAL400D 0.19 
CRI400W to NIC400B 0.17 
CRI400W to NIC400C 0.19 
------------------------------ Tue 02/09/2021 17:17:55.71 ----------------------------------------------- 
CRI400W to BAC400A 0.14 
CRI400W to CRI400B 0.15 
CRI400W to CRI400C 0.16 
CRI400W to GUA400A 0.27 
CRI400W to GUA400B 0.27 
CRI400W to HON400A 0.28 
CRI400W to HON400B 0.18 
CRI400W to SAL400B 0.17 
CRI400W to SAL400D 0.24 
CRI400W to NIC400B 0.15 
CRI400W to NIC400C 0.17 
------------------------------ Tue 02/09/2021 17:22:55.71 ----------------------------------------------- 
CRI400W to BAC400A 0.15 
CRI400W to CRI400B 0.17 
CRI400W to CRI400C 0.17 
CRI400W to GUA400A 0.23 
CRI400W to GUA400B 0.25 
CRI400W to HON400A 0.17 
CRI400W to HON400B 0.26 
CRI400W to SAL400B 0.15 
CRI400W to SAL400D 0.25 
CRI400W to NIC400B 0.14 
CRI400W to NIC400C 0.27 
------------------------------ Tue 02/09/2021 17:27:55.73 ----------------------------------------------- 
CRI400W to BAC400A 0.14 
CRI400W to CRI400B 0.14 
CRI400W to CRI400C 0.16 
CRI400W to GUA400A 0.25 
CRI400W to GUA400B 0.29 
CRI400W to HON400A 0.18 
CRI400W to HON400B 0.30 
CRI400W to SAL400B 0.14 
CRI400W to SAL400D 0.28 
CRI400W to NIC400B 0.19 
CRI400W to NIC400C 0.21 
------------------------------ Tue 02/09/2021 17:32:55.73 ----------------------------------------------- 
CRI400W to BAC400A 0.14 
CRI400W to CRI400B 0.16 
CRI400W to CRI400C 0.14 
CRI400W to GUA400A 0.23 
CRI400W to GUA400B 0.25 
CRI400W to HON400A 0.25 
CRI400W to HON400B 0.27 
CRI400W to SAL400B 0.25 
CRI400W to SAL400D 0.17 
CRI400W to NIC400B 0.16 
CRI400W to NIC400C 0.15 
------------------------------ Tue 02/09/2021 17:37:55.75 ----------------------------------------------- 
CRI400W to BAC400A 0.14 
CRI400W to CRI400B 0.14 
CRI400W to CRI400C 0.14 
CRI400W to GUA400A 0.24 
CRI400W to GUA400B 0.22 
CRI400W to HON400A 0.23 
CRI400W to HON400B 0.25 
CRI400W to SAL400B 0.25 
CRI400W to SAL400D 0.15 
CRI400W to NIC400B 0.14 
CRI400W to NIC400C 0.25 
------------------------------ Tue 02/09/2021 17:42:55.75 ----------------------------------------------- 
CRI400W to BAC400A 0.13 
CRI400W to CRI400B 0.14 
CRI400W to CRI400C 0.17 
CRI400W to GUA400A 0.27 
CRI400W to GUA400B 0.21 
CRI400W to HON400A 0.25 
CRI400W to HON400B 0.17 
CRI400W to SAL400B 0.24 
CRI400W to SAL400D 0.24 
CRI400W to NIC400B 0.16 
CRI400W to NIC400C 0.16 
------------------------------ Tue 02/09/2021 17:47:55.74 ----------------------------------------------- 
CRI400W to BAC400A 0.14 
CRI400W to CRI400B 0.14 
CRI400W to CRI400C 0.17 
CRI400W to GUA400A 0.35 
CRI400W to GUA400B 0.23 
CRI400W to HON400A 0.23 
CRI400W to HON400B 0.23 
CRI400W to SAL400B 0.24 
CRI400W to SAL400D 0.24 
CRI400W to NIC400B 0.15 
CRI400W to NIC400C 0.18 
------------------------------ Tue 02/09/2021 17:52:55.77 ----------------------------------------------- 
CRI400W to BAC400A 0.14 
CRI400W to CRI400B 0.14 
CRI400W to CRI400C 0.14 
CRI400W to GUA400A 0.25 
CRI400W to GUA400B 0.25 
CRI400W to HON400A 0.18 
CRI400W to HON400B 0.23 
CRI400W to SAL400B 0.24 
CRI400W to SAL400D 0.23 
CRI400W to NIC400B 0.15 
CRI400W to NIC400C 0.16 
------------------------------ Tue 02/09/2021 17:57:55.78 ----------------------------------------------- 
CRI400W to BAC400A 0.16 
CRI400W to CRI400B 0.14 
CRI400W to CRI400C 0.16 
CRI400W to GUA400A 0.28 
CRI400W to GUA400B 0.28 
CRI400W to HON400A 0.17 
CRI400W to HON400B 0.24 
CRI400W to SAL400B 0.25 
CRI400W to SAL400D 0.18 
CRI400W to NIC400B 0.17 
CRI400W to NIC400C 0.14 
------------------------------ Tue 02/09/2021 18:02:55.78 ----------------------------------------------- 
CRI400W to BAC400A 0.14 
CRI400W to CRI400B 0.14 
CRI400W to CRI400C 0.14 
CRI400W to GUA400A 0.25 
CRI400W to GUA400B 0.25 
CRI400W to HON400A 0.23 
CRI400W to HON400B 0.24 
CRI400W to SAL400B 0.25 
CRI400W to SAL400D 0.24 
CRI400W to NIC400B 0.24 
CRI400W to NIC400C 0.17 
------------------------------ Tue 02/09/2021 18:07:55.79 ----------------------------------------------- 
CRI400W to BAC400A 0.16 
CRI400W to CRI400B 0.14 
CRI400W to CRI400C 0.14 
CRI400W to GUA400A 0.23 
CRI400W to GUA400B 0.25 
CRI400W to HON400A 0.25 
CRI400W to HON400B 0.24 
CRI400W to SAL400B 0.23 
CRI400W to SAL400D 0.25 
CRI400W to NIC400B 0.24 
CRI400W to NIC400C 0.17 
------------------------------ Tue 02/09/2021 18:12:55.80 ----------------------------------------------- 
CRI400W to BAC400A 0.16 
CRI400W to CRI400B 0.15 
CRI400W to CRI400C 0.14 
CRI400W to GUA400A 0.25 
CRI400W to GUA400B 0.25 
CRI400W to HON400A 0.27 
CRI400W to HON400B 0.26 
CRI400W to SAL400B 0.24 
CRI400W to SAL400D 0.24 
CRI400W to NIC400B 0.14 
CRI400W to NIC400C 0.17 
------------------------------ Tue 02/09/2021 18:17:55.82 ----------------------------------------------- 
CRI400W to BAC400A 0.14 
CRI400W to CRI400B 0.16 
CRI400W to CRI400C 0.16 
CRI400W to GUA400A 0.23 
CRI400W to GUA400B 0.22 
CRI400W to HON400A 0.19 
CRI400W to HON400B 0.25 
CRI400W to SAL400B 0.25 
CRI400W to SAL400D 0.25 
CRI400W to NIC400B 0.16 
CRI400W to NIC400C 0.16 
------------------------------ Tue 02/09/2021 18:22:55.83 ----------------------------------------------- 
CRI400W to BAC400A 0.16 
CRI400W to CRI400B 0.14 
CRI400W to CRI400C 0.14 
CRI400W to GUA400A 0.23 
CRI400W to GUA400B 0.24 
CRI400W to HON400A 0.28 
CRI400W to HON400B 0.26 
CRI400W to SAL400B 0.23 
CRI400W to SAL400D 0.23 
CRI400W to NIC400B 0.17 
CRI400W to NIC400C 0.118 
------------------------------ Tue 02/09/2021 18:27:55.84 ----------------------------------------------- 
CRI400W to BAC400A 0.14 
CRI400W to CRI400B 0.14 
CRI400W to CRI400C 0.14 
CRI400W to GUA400A 0.25 
CRI400W to GUA400B 0.27 
CRI400W to HON400A 0.19 
CRI400W to HON400B 0.25 
CRI400W to SAL400B 0.24 
CRI400W to SAL400D 0.24 
CRI400W to NIC400B 0.25 
CRI400W to NIC400C 0.19 
------------------------------ Tue 02/09/2021 18:32:55.86 ----------------------------------------------- 
CRI400W to BAC400A 0.17 
CRI400W to CRI400B 0.14 
CRI400W to CRI400C 0.14 
CRI400W to GUA400A 0.26 
CRI400W to GUA400B 0.28 
CRI400W to HON400A 0.28 
CRI400W to HON400B 0.27 
CRI400W to SAL400B 0.27 
CRI400W to SAL400D 0.24 
CRI400W to NIC400B 0.15 
CRI400W to NIC400C 0.19 
------------------------------ Tue 02/09/2021 18:37:55.85 ----------------------------------------------- 
CRI400W to BAC400A 0.14 
CRI400W to CRI400B 0.14 
CRI400W to CRI400C 0.14 
CRI400W to GUA400A 0.23 
CRI400W to GUA400B 0.23 
CRI400W to HON400A 0.25 
CRI400W to HON400B 0.23 
CRI400W to SAL400B 0.23 
CRI400W to SAL400D 0.28 
CRI400W to NIC400B 0.15 
CRI400W to NIC400C 0.17 
------------------------------ Tue 02/09/2021 18:42:55.86 ----------------------------------------------- 
CRI400W to BAC400A 0.14 
CRI400W to CRI400B 0.16 
CRI400W to CRI400C 0.14 
CRI400W to GUA400A 0.25 
CRI400W to GUA400B 0.27 
CRI400W to HON400A 0.33 
CRI400W to HON400B 0.28 
CRI400W to SAL400B 0.16 
CRI400W to SAL400D 0.28 
CRI400W to NIC400B 0.16 
CRI400W to NIC400C 0.16 
------------------------------ Tue 02/09/2021 18:47:55.88 ----------------------------------------------- 
CRI400W to BAC400A 0.14 
CRI400W to CRI400B 0.17 
CRI400W to CRI400C 0.16 
CRI400W to GUA400A 0.24 
CRI400W to GUA400B 0.25 
CRI400W to HON400A 0.18 
CRI400W to HON400B 0.27 
CRI400W to SAL400B 0.15 
CRI400W to SAL400D 0.24 
CRI400W to NIC400B 0.14 
CRI400W to NIC400C 0.18 
------------------------------ Tue 02/09/2021 18:52:55.88 ----------------------------------------------- 
CRI400W to BAC400A 0.14 
CRI400W to CRI400B 0.14 
CRI400W to CRI400C 0.14 
CRI400W to GUA400A 0.23 
CRI400W to GUA400B 0.22 
CRI400W to HON400A 0.23 
CRI400W to HON400B 0.23 
CRI400W to SAL400B 0.23 
CRI400W to SAL400D 0.23 
CRI400W to NIC400B 0.15 
CRI400W to NIC400C 0.25 
------------------------------ Tue 02/09/2021 18:57:55.88 ----------------------------------------------- 
CRI400W to BAC400A 0.14 
CRI400W to CRI400B 0.14 
CRI400W to CRI400C 0.14 
CRI400W to GUA400A 0.24 
CRI400W to GUA400B 0.27 
CRI400W to HON400A 0.25 
CRI400W to HON400B 0.23 
CRI400W to SAL400B 0.24 
CRI400W to SAL400D 0.24 
CRI400W to NIC400B 0.24 
CRI400W to NIC400C 0.16 
------------------------------ Tue 02/09/2021 19:02:55.90 ----------------------------------------------- 
CRI400W to BAC400A 0.12 
CRI400W to CRI400B 0.14 
CRI400W to CRI400C 0.15 
CRI400W to GUA400A 0.24 
CRI400W to GUA400B 0.24 
CRI400W to HON400A 0.25 
CRI400W to HON400B 0.23 
CRI400W to SAL400B 0.25 
CRI400W to SAL400D 0.17 
CRI400W to NIC400B 0.14 
CRI400W to NIC400C 0.16 
------------------------------ Tue 02/09/2021 19:07:55.91 ----------------------------------------------- 
CRI400W to BAC400A 0.14 
CRI400W to CRI400B 0.12 
CRI400W to CRI400C 0.14 
CRI400W to GUA400A 0.25 
CRI400W to GUA400B 0.25 
CRI400W to HON400A 0.24 
CRI400W to HON400B 0.22 
CRI400W to SAL400B 0.14 
CRI400W to SAL400D 0.25 
CRI400W to NIC400B 0.14 
CRI400W to NIC400C 0.14 
------------------------------ Tue 02/09/2021 19:12:55.90 ----------------------------------------------- 
CRI400W to BAC400A 0.16 
CRI400W to CRI400B 0.14 
CRI400W to CRI400C 0.15 
CRI400W to GUA400A 0.24 
CRI400W to GUA400B 0.23 
CRI400W to HON400A 0.26 
CRI400W to HON400B 0.23 
CRI400W to SAL400B 0.23 
CRI400W to SAL400D 0.25 
CRI400W to NIC400B 0.14 
CRI400W to NIC400C 0.15 
------------------------------ Tue 02/09/2021 19:17:55.92 ----------------------------------------------- 
CRI400W to BAC400A 0. 
CRI400W to CRI400B 0.14 
CRI400W to CRI400C 0.16 
CRI400W to GUA400A 0.23 
CRI400W to GUA400B 0.31 
CRI400W to HON400A 0.23 
CRI400W to HON400B 0.23 
CRI400W to SAL400B 0.27 
CRI400W to SAL400D 0.23 
CRI400W to NIC400B 0.16 
CRI400W to NIC400C 0.17 
------------------------------ Tue 02/09/2021 19:22:55.93 ----------------------------------------------- 
CRI400W to BAC400A 0. 
CRI400W to CRI400B 0.13 
CRI400W to CRI400C 0.14 
CRI400W to GUA400A 0.22 
CRI400W to GUA400B 0.24 
CRI400W to HON400A 0.25 
CRI400W to HON400B 0.25 
CRI400W to SAL400B 0.25 
CRI400W to SAL400D 0.24 
CRI400W to NIC400B 0.22 
CRI400W to NIC400C 0.17 
------------------------------ Tue 02/09/2021 19:27:55.94 ----------------------------------------------- 
CRI400W to BAC400A 0.14 
CRI400W to CRI400B 0.19 
CRI400W to CRI400C 0.15 
CRI400W to GUA400A 0.24 
CRI400W to GUA400B 0.23 
CRI400W to HON400A 0.25 
CRI400W to HON400B 0.23 
CRI400W to SAL400B 0.25 
CRI400W to SAL400D 0.23 
CRI400W to NIC400B 0.16 
CRI400W to NIC400C 0.17 
------------------------------ Tue 02/09/2021 19:32:55.94 ----------------------------------------------- 
CRI400W to BAC400A 0.27 
CRI400W to CRI400B 0.15 
CRI400W to CRI400C 0.14 
CRI400W to GUA400A 0.31 
CRI400W to GUA400B 0.24 
CRI400W to HON400A 0.24 
CRI400W to HON400B 0.22 
CRI400W to SAL400B 0.23 
CRI400W to SAL400D 0.25 
CRI400W to NIC400B 0.22 
CRI400W to NIC400C 0.14 
------------------------------ Tue 02/09/2021 19:37:55.95 ----------------------------------------------- 
CRI400W to BAC400A 0. 
CRI400W to CRI400B 0.14 
CRI400W to CRI400C 0.14 
CRI400W to GUA400A 0.14 
CRI400W to GUA400B 0.25 
CRI400W to HON400A 0.25 
CRI400W to HON400B 0.24 
CRI400W to SAL400B 0.23 
CRI400W to SAL400D 0.25 
CRI400W to NIC400B 0.24 
CRI400W to NIC400C 0.17 
------------------------------ Tue 02/09/2021 19:42:55.96 ----------------------------------------------- 
CRI400W to BAC400A 0.14 
CRI400W to CRI400B 0.16 
CRI400W to CRI400C 0.13 
CRI400W to GUA400A 0.24 
CRI400W to GUA400B 0.24 
CRI400W to HON400A 0.26 
CRI400W to HON400B 0.24 
CRI400W to SAL400B 0.24 
CRI400W to SAL400D 0.23 
CRI400W to NIC400B 0.15 
CRI400W to NIC400C 0.15 
------------------------------ Tue 02/09/2021 19:47:55.97 ----------------------------------------------- 
CRI400W to BAC400A 0.16 
CRI400W to CRI400B 0.14 
CRI400W to CRI400C 0.12 
CRI400W to GUA400A 0.22 
CRI400W to GUA400B 0.25 
CRI400W to HON400A 0.25 
CRI400W to HON400B 0.23 
CRI400W to SAL400B 0.24 
CRI400W to SAL400D 0.24 
CRI400W to NIC400B 0.23 
CRI400W to NIC400C 0.15 
------------------------------ Tue 02/09/2021 19:52:55.96 ----------------------------------------------- 
CRI400W to BAC400A 0.16 
CRI400W to CRI400B 0.14 
CRI400W to CRI400C 0.14 
CRI400W to GUA400A 0.23 
CRI400W to GUA400B 0.23 
CRI400W to HON400A 0.24 
CRI400W to HON400B 0.24 
CRI400W to SAL400B 0.25 
CRI400W to SAL400D 0.23 
CRI400W to NIC400B 0.14 
CRI400W to NIC400C 0.14 
------------------------------ Tue 02/09/2021 19:57:55.98 ----------------------------------------------- 
CRI400W to BAC400A 0.14 
CRI400W to CRI400B 0.16 
CRI400W to CRI400C 0.14 
CRI400W to GUA400A 0.25 
CRI400W to GUA400B 0.24 
CRI400W to HON400A 0.25 
CRI400W to HON400B 0.24 
CRI400W to SAL400B 0.24 
CRI400W to SAL400D 0.24 
CRI400W to NIC400B 0.14 
CRI400W to NIC400C 0.17 
------------------------------ Tue 02/09/2021 20:02:55.98 ----------------------------------------------- 
CRI400W to BAC400A 0.23 
CRI400W to CRI400B 0.15 
CRI400W to CRI400C 0.14 
CRI400W to GUA400A 0.30 
CRI400W to GUA400B 0.114 
CRI400W to HON400A 0.25 
CRI400W to HON400B 0.23 
CRI400W to SAL400B 0.24 
CRI400W to SAL400D -60.33 
CRI400W to NIC400B 0.26 
CRI400W to NIC400C 0.23 
------------------------------ Tue 02/09/2021 20:07:56.00 ----------------------------------------------- 
CRI400W to BAC400A 0.23 
CRI400W to CRI400B 0.15 
CRI400W to CRI400C 0.14 
CRI400W to GUA400A 0.33 
CRI400W to GUA400B 0.33 
CRI400W to HON400A 0.32 
CRI400W to HON400B 0.31 
CRI400W to SAL400B 0.24 
CRI400W to SAL400D 0.24 
CRI400W to NIC400B 0.24 
CRI400W to NIC400C 0.14 
------------------------------ Tue 02/09/2021 20:12:56.03 ----------------------------------------------- 
CRI400W to BAC400A 0.14 
CRI400W to CRI400B 0.14 
CRI400W to CRI400C 0.14 
CRI400W to GUA400A 0.23 
CRI400W to GUA400B 0.23 
CRI400W to HON400A 0.24 
CRI400W to HON400B 0.23 
CRI400W to SAL400B 0.23 
CRI400W to SAL400D 0.23 
CRI400W to NIC400B 0.22 
CRI400W to NIC400C 0.-86 
------------------------------ Tue 02/09/2021 20:17:56.03 ----------------------------------------------- 
CRI400W to BAC400A 0.12 
CRI400W to CRI400B 0.14 
CRI400W to CRI400C 0.16 
CRI400W to GUA400A 0.23 
CRI400W to GUA400B 0.24 
CRI400W to HON400A 0.25 
CRI400W to HON400B 0.22 
CRI400W to SAL400B 0.21 
CRI400W to SAL400D 0.24 
CRI400W to NIC400B 0.22 
CRI400W to NIC400C 0.14 
------------------------------ Tue 02/09/2021 20:22:56.04 ----------------------------------------------- 
CRI400W to BAC400A 0.13 
CRI400W to CRI400B 0.14 
CRI400W to CRI400C 0.12 
CRI400W to GUA400A 0.24 
CRI400W to GUA400B 0.29 
CRI400W to HON400A 0.23 
CRI400W to HON400B 0.23 
CRI400W to SAL400B 0.22 
CRI400W to SAL400D 0.24 
CRI400W to NIC400B 0.14 
CRI400W to NIC400C 0.14 
------------------------------ Tue 02/09/2021 20:27:56.05 ----------------------------------------------- 
CRI400W to BAC400A 0.14 
CRI400W to CRI400B 0.13 
CRI400W to CRI400C 0.14 
CRI400W to GUA400A 0.23 
CRI400W to GUA400B 0.25 
CRI400W to HON400A 0.23 
CRI400W to HON400B 0.23 
CRI400W to SAL400B 0.22 
CRI400W to SAL400D 0.20 
CRI400W to NIC400B 0.22 
CRI400W to NIC400C 0.16 
------------------------------ Tue 02/09/2021 20:32:56.05 ----------------------------------------------- 
CRI400W to BAC400A 0.12 
CRI400W to CRI400B 0.14 
CRI400W to CRI400C 0.14 
CRI400W to GUA400A 0.24 
CRI400W to GUA400B 0.24 
CRI400W to HON400A 0.23 
CRI400W to HON400B 0.25 
CRI400W to SAL400B 0.24 
CRI400W to SAL400D 0.23 
CRI400W to NIC400B 0.14 
CRI400W to NIC400C 0.16 
------------------------------ Tue 02/09/2021 20:37:56.06 ----------------------------------------------- 
CRI400W to BAC400A 0. 
CRI400W to CRI400B 0.13 
CRI400W to CRI400C 0.14 
CRI400W to GUA400A 0.24 
CRI400W to GUA400B 0.26 
CRI400W to HON400A 0.23 
CRI400W to HON400B 0.23 
CRI400W to SAL400B 0.23 
CRI400W to SAL400D 0.23 
CRI400W to NIC400B 0.16 
CRI400W to NIC400C 0.14 
------------------------------ Tue 02/09/2021 20:42:56.06 ----------------------------------------------- 
CRI400W to BAC400A 0. 
CRI400W to CRI400B 0.13 
CRI400W to CRI400C 0.13 
CRI400W to GUA400A 0.24 
CRI400W to GUA400B 0.27 
CRI400W to HON400A 0.25 
CRI400W to HON400B 0.25 
CRI400W to SAL400B 0.24 
CRI400W to SAL400D 0.23 
CRI400W to NIC400B 0.22 
CRI400W to NIC400C 0.15 
------------------------------ Tue 02/09/2021 20:47:56.08 ----------------------------------------------- 
CRI400W to BAC400A 0. 
CRI400W to CRI400B 0.14 
CRI400W to CRI400C 0.14 
CRI400W to GUA400A 0.25 
CRI400W to GUA400B 0.29 
CRI400W to HON400A 0.25 
CRI400W to HON400B 0.25 
CRI400W to SAL400B 0.25 
CRI400W to SAL400D 0.27 
CRI400W to NIC400B 0.23 
CRI400W to NIC400C 0.-84 
------------------------------ Tue 02/09/2021 20:52:55.09 ----------------------------------------------- 
CRI400W to BAC400A 0.14 
CRI400W to CRI400B 0.13 
CRI400W to CRI400C 0.14 
CRI400W to GUA400A 0.23 
CRI400W to GUA400B 0.24 
CRI400W to HON400A 0.25 
CRI400W to HON400B 0.24 
CRI400W to SAL400B 0.22 
CRI400W to SAL400D 0.23 
CRI400W to NIC400B 0.22 
CRI400W to NIC400C 0.-83 
------------------------------ Tue 02/09/2021 20:57:55.09 ----------------------------------------------- 
CRI400W to BAC400A 0.15 
CRI400W to CRI400B 0.14 
CRI400W to CRI400C 0.14 
CRI400W to GUA400A 0.26 
CRI400W to GUA400B 0.23 
CRI400W to HON400A 0.24 
CRI400W to HON400B 0.23 
CRI400W to SAL400B 0.27 
CRI400W to SAL400D 0.24 
CRI400W to NIC400B 0.25 
CRI400W to NIC400C 0.16 
------------------------------ Tue 02/09/2021 21:02:55.09 ----------------------------------------------- 
CRI400W to BAC400A 0.14 
CRI400W to CRI400B 0.15 
CRI400W to CRI400C 0.15 
CRI400W to GUA400A 0.24 
CRI400W to GUA400B 0.23 
CRI400W to HON400A 0.24 
CRI400W to HON400B 0.24 
CRI400W to SAL400B 0.23 
CRI400W to SAL400D 0.22 
CRI400W to NIC400B 0.23 
CRI400W to NIC400C 0.-86 
------------------------------ Tue 02/09/2021 21:07:55.10 ----------------------------------------------- 
CRI400W to BAC400A 0.14 
CRI400W to CRI400B 0.14 
CRI400W to CRI400C 0.16 
CRI400W to GUA400A 0.21 
CRI400W to GUA400B 0.22 
CRI400W to HON400A 0.22 
CRI400W to HON400B 0.23 
CRI400W to SAL400B 0.23 
CRI400W to SAL400D 0.23 
CRI400W to NIC400B 0.24 
CRI400W to NIC400C 0.18 
------------------------------ Tue 02/09/2021 21:12:55.12 ----------------------------------------------- 
CRI400W to BAC400A 0.16 
CRI400W to CRI400B 0.14 
CRI400W to CRI400C 0.13 
CRI400W to GUA400A 0.35 
CRI400W to GUA400B 0.22 
CRI400W to HON400A 0.26 
CRI400W to HON400B 0.25 
CRI400W to SAL400B 0.21 
CRI400W to SAL400D 0.25 
CRI400W to NIC400B 0.22 
CRI400W to NIC400C 0.17 
------------------------------ Tue 02/09/2021 21:17:55.13 ----------------------------------------------- 
CRI400W to BAC400A 0.14 
CRI400W to CRI400B 0.15 
CRI400W to CRI400C 0.14 
CRI400W to GUA400A 0.23 
CRI400W to GUA400B 0.25 
CRI400W to HON400A 0.25 
CRI400W to HON400B 0.24 
CRI400W to SAL400B 0.25 
CRI400W to SAL400D 0.23 
CRI400W to NIC400B 0.23 
CRI400W to NIC400C 0.16 
------------------------------ Tue 02/09/2021 21:22:55.11 ----------------------------------------------- 
CRI400W to BAC400A 0.14 
CRI400W to CRI400B 0.14 
CRI400W to CRI400C 0.14 
CRI400W to GUA400A 0.26 
CRI400W to GUA400B 0.24 
CRI400W to HON400A 0.25 
CRI400W to HON400B 0.25 
CRI400W to SAL400B 0.22 
CRI400W to SAL400D 0.25 
CRI400W to NIC400B 0.23 
CRI400W to NIC400C 0.14 
------------------------------ Tue 02/09/2021 21:27:55.11 ----------------------------------------------- 
CRI400W to BAC400A 0.15 
CRI400W to CRI400B 0.15 
CRI400W to CRI400C 0.15 
CRI400W to GUA400A 0.27 
CRI400W to GUA400B 0.24 
CRI400W to HON400A 0.25 
CRI400W to HON400B 0.23 
CRI400W to SAL400B 0.22 
CRI400W to SAL400D 0.22 
CRI400W to NIC400B 0.25 
CRI400W to NIC400C 0.14 
------------------------------ Tue 02/09/2021 21:32:55.12 ----------------------------------------------- 
CRI400W to BAC400A 0.14 
CRI400W to CRI400B 0.15 
CRI400W to CRI400C 0.12 
CRI400W to GUA400A 0.23 
CRI400W to GUA400B 0.23 
CRI400W to HON400A 0.26 
CRI400W to HON400B 0.22 
CRI400W to SAL400B 0.25 
CRI400W to SAL400D 0.22 
CRI400W to NIC400B 0.14 
CRI400W to NIC400C 0.15 
------------------------------ Tue 02/09/2021 21:37:55.13 ----------------------------------------------- 
CRI400W to BAC400A 0.12 
CRI400W to CRI400B 0.14 
CRI400W to CRI400C 0.14 
CRI400W to GUA400A 0.23 
CRI400W to GUA400B 0.22 
CRI400W to HON400A 0.28 
CRI400W to HON400B 0.25 
CRI400W to SAL400B 0.22 
CRI400W to SAL400D 0.21 
CRI400W to NIC400B 0.23 
CRI400W to NIC400C 0.115 
------------------------------ Tue 02/09/2021 21:42:55.14 ----------------------------------------------- 
CRI400W to BAC400A 0.14 
CRI400W to CRI400B 0.14 
CRI400W to CRI400C 0.14 
CRI400W to GUA400A 0.25 
CRI400W to GUA400B 0.23 
CRI400W to HON400A 0.25 
CRI400W to HON400B 0.26 
CRI400W to SAL400B 0.23 
CRI400W to SAL400D 0.23 
CRI400W to NIC400B 0.16 
CRI400W to NIC400C 0.14 
------------------------------ Tue 02/09/2021 21:47:55.15 ----------------------------------------------- 
CRI400W to BAC400A 0.14 
CRI400W to CRI400B 0.14 
CRI400W to CRI400C 0.16 
CRI400W to GUA400A 0.26 
CRI400W to GUA400B 0.21 
CRI400W to HON400A 0.25 
CRI400W to HON400B 0.24 
CRI400W to SAL400B 0.22 
CRI400W to SAL400D 0.24 
CRI400W to NIC400B 0.14 
CRI400W to NIC400C 0.16 
------------------------------ Tue 02/09/2021 21:52:55.16 ----------------------------------------------- 
CRI400W to BAC400A 0.13 
CRI400W to CRI400B 0.14 
CRI400W to CRI400C 0.14 
CRI400W to GUA400A 0.27 
CRI400W to GUA400B 0.23 
CRI400W to HON400A 0.25 
CRI400W to HON400B 0.23 
CRI400W to SAL400B 0.25 
CRI400W to SAL400D 0.25 
CRI400W to NIC400B 0.15 
CRI400W to NIC400C 0.18 
------------------------------ Tue 02/09/2021 21:57:55.16 ----------------------------------------------- 
CRI400W to BAC400A 0.14 
CRI400W to CRI400B 0.14 
CRI400W to CRI400C 0.14 
CRI400W to GUA400A 0.25 
CRI400W to GUA400B 0.26 
CRI400W to HON400A 0.25 
CRI400W to HON400B 0.25 
CRI400W to SAL400B 0.24 
CRI400W to SAL400D 0.25 
CRI400W to NIC400B 0.23 
CRI400W to NIC400C 0.15 
------------------------------ Tue 02/09/2021 22:02:55.16 ----------------------------------------------- 
CRI400W to BAC400A 0.14 
CRI400W to CRI400B 0.15 
CRI400W to CRI400C 0.15 
CRI400W to GUA400A 0.25 
CRI400W to GUA400B 0.27 
CRI400W to HON400A 0.25 
CRI400W to HON400B 0.25 
CRI400W to SAL400B 0.22 
CRI400W to SAL400D 0.25 
CRI400W to NIC400B 0.15 
CRI400W to NIC400C 0.19 
------------------------------ Tue 02/09/2021 22:07:55.16 ----------------------------------------------- 
CRI400W to BAC400A 0.13 
CRI400W to CRI400B 0.17 
CRI400W to CRI400C 0.16 
CRI400W to GUA400A 0.25 
CRI400W to GUA400B 0.24 
CRI400W to HON400A 0.25 
CRI400W to HON400B 0.25 
CRI400W to SAL400B 0.25 
CRI400W to SAL400D 0.25 
CRI400W to NIC400B 0.15 
CRI400W to NIC400C 0.17 
------------------------------ Tue 02/09/2021 22:12:55.19 ----------------------------------------------- 
CRI400W to BAC400A 0.14 
CRI400W to CRI400B 0.15 
CRI400W to CRI400C 0.16 
CRI400W to GUA400A 0.27 
CRI400W to GUA400B 0.25 
CRI400W to HON400A 0.27 
CRI400W to HON400B 0.27 
CRI400W to SAL400B 0.25 
CRI400W to SAL400D 0.25 
CRI400W to NIC400B 0.16 
CRI400W to NIC400C 0.15 
------------------------------ Tue 02/09/2021 22:17:55.19 ----------------------------------------------- 
CRI400W to BAC400A 0.14 
CRI400W to CRI400B 0.14 
CRI400W to CRI400C 0.15 
CRI400W to GUA400A 0.25 
CRI400W to GUA400B 0.23 
CRI400W to HON400A 0.28 
CRI400W to HON400B 0.27 
CRI400W to SAL400B 0.26 
CRI400W to SAL400D 0.24 
CRI400W to NIC400B 0.16 
CRI400W to NIC400C 0.17 
------------------------------ Tue 02/09/2021 22:22:55.18 ----------------------------------------------- 
CRI400W to BAC400A 0.14 
CRI400W to CRI400B 0.14 
CRI400W to CRI400C 0.14 
CRI400W to GUA400A 0.25 
CRI400W to GUA400B 0.24 
CRI400W to HON400A 0.27 
CRI400W to HON400B 0.23 
CRI400W to SAL400B 0.21 
CRI400W to SAL400D 0.24 
CRI400W to NIC400B 0.23 
CRI400W to NIC400C 0.16 
------------------------------ Tue 02/09/2021 22:27:55.20 ----------------------------------------------- 
CRI400W to BAC400A 0.16 
CRI400W to CRI400B 0.17 
CRI400W to CRI400C 0.14 
CRI400W to GUA400A 0.28 
CRI400W to GUA400B 0.24 
CRI400W to HON400A 0.27 
CRI400W to HON400B 0.27 
CRI400W to SAL400B 0.26 
CRI400W to SAL400D 0.26 
CRI400W to NIC400B 0.14 
CRI400W to NIC400C 0.18 
------------------------------ Tue 02/09/2021 22:32:55.20 ----------------------------------------------- 
CRI400W to BAC400A 0.16 
CRI400W to CRI400B 0.14 
CRI400W to CRI400C 0.16 
CRI400W to GUA400A 0.23 
CRI400W to GUA400B 0.23 
CRI400W to HON400A 0.25 
CRI400W to HON400B 0.25 
CRI400W to SAL400B 0.25 
CRI400W to SAL400D 0.24 
CRI400W to NIC400B 0.24 
CRI400W to NIC400C 0.26 
------------------------------ Tue 02/09/2021 22:37:55.22 ----------------------------------------------- 
CRI400W to BAC400A 0.16 
CRI400W to CRI400B 0.16 
CRI400W to CRI400C 0.16 
CRI400W to GUA400A 0.26 
CRI400W to GUA400B 0.23 
CRI400W to HON400A 0.23 
CRI400W to HON400B 0.23 
CRI400W to SAL400B 0.27 
CRI400W to SAL400D 0.27 
CRI400W to NIC400B 0.16 
CRI400W to NIC400C 0.15 
------------------------------ Tue 02/09/2021 22:42:55.23 ----------------------------------------------- 
CRI400W to BAC400A 0.14 
CRI400W to CRI400B 0.17 
CRI400W to CRI400C 0.16 
CRI400W to GUA400A 0.26 
CRI400W to GUA400B 0.23 
CRI400W to HON400A 0.30 
CRI400W to HON400B 0.25 
CRI400W to SAL400B 0.23 
CRI400W to SAL400D 0.27 
CRI400W to NIC400B 0.14 
CRI400W to NIC400C 0.21 
------------------------------ Tue 02/09/2021 22:47:55.23 ----------------------------------------------- 
CRI400W to BAC400A 0.16 
CRI400W to CRI400B 0.15 
CRI400W to CRI400C 0.14 
CRI400W to GUA400A 0.25 
CRI400W to GUA400B 0.24 
CRI400W to HON400A 0.26 
CRI400W to HON400B 0.26 
CRI400W to SAL400B 0.24 
CRI400W to SAL400D 0.25 
CRI400W to NIC400B 0.14 
CRI400W to NIC400C 0.17 
------------------------------ Tue 02/09/2021 22:52:55.24 ----------------------------------------------- 
CRI400W to BAC400A 0.16 
CRI400W to CRI400B 0.16 
CRI400W to CRI400C 0.14 
CRI400W to GUA400A 0.23 
CRI400W to GUA400B 0.61 
CRI400W to HON400A 0.27 
CRI400W to HON400B 0.25 
CRI400W to SAL400B -60.26 
CRI400W to SAL400D 0.19 
CRI400W to NIC400B 0.19 
CRI400W to NIC400C 0.13 
------------------------------ Tue 02/09/2021 22:57:55.24 ----------------------------------------------- 
CRI400W to BAC400A 0.14 
CRI400W to CRI400B 0.15 
CRI400W to CRI400C 0.16 
CRI400W to GUA400A 0.28 
CRI400W to GUA400B 0.78 
CRI400W to HON400A 0.27 
CRI400W to HON400B 0.44 
CRI400W to SAL400B 0.25 
CRI400W to SAL400D 0.27 
CRI400W to NIC400B 0.15 
CRI400W to NIC400C 0.15 
------------------------------ Tue 02/09/2021 23:02:55.25 ----------------------------------------------- 
CRI400W to BAC400A 0.12 
CRI400W to CRI400B 0.14 
CRI400W to CRI400C 0.16 
CRI400W to GUA400A 0.24 
CRI400W to GUA400B 0.24 
CRI400W to HON400A 0.25 
CRI400W to HON400B 0.26 
CRI400W to SAL400B 0.25 
CRI400W to SAL400D 0.25 
CRI400W to NIC400B 0.24 
CRI400W to NIC400C 0.17 
------------------------------ Tue 02/09/2021 23:07:55.25 ----------------------------------------------- 
CRI400W to BAC400A 0.15 
CRI400W to CRI400B 0.15 
CRI400W to CRI400C 0.15 
CRI400W to GUA400A 0.28 
CRI400W to GUA400B 0.23 
CRI400W to HON400A 0.27 
CRI400W to HON400B 0.25 
CRI400W to SAL400B 0.23 
CRI400W to SAL400D 0.27 
CRI400W to NIC400B 0.14 
CRI400W to NIC400C 0.18 
------------------------------ Tue 02/09/2021 23:12:55.25 ----------------------------------------------- 
CRI400W to BAC400A 0.14 
CRI400W to CRI400B 0.14 
CRI400W to CRI400C 0.15 
CRI400W to GUA400A 0.26 
CRI400W to GUA400B 0.25 
CRI400W to HON400A 0.25 
CRI400W to HON400B 0.24 
CRI400W to SAL400B 0.25 
CRI400W to SAL400D 0.23 
CRI400W to NIC400B 0.22 
CRI400W to NIC400C 0.17 
------------------------------ Tue 02/09/2021 23:17:55.25 ----------------------------------------------- 
CRI400W to BAC400A 0.14 
CRI400W to CRI400B 0.17 
CRI400W to CRI400C 0.14 
CRI400W to GUA400A 0.24 
CRI400W to GUA400B 0.23 
CRI400W to HON400A 0.25 
CRI400W to HON400B 0.23 
CRI400W to SAL400B 0.23 
CRI400W to SAL400D 0.22 
CRI400W to NIC400B 0.25 
CRI400W to NIC400C 0.18 
------------------------------ Tue 02/09/2021 23:22:55.26 ----------------------------------------------- 
CRI400W to BAC400A 0.14 
CRI400W to CRI400B 0.14 
CRI400W to CRI400C 0.14 
CRI400W to GUA400A 0.22 
CRI400W to GUA400B 0.24 
CRI400W to HON400A 0.26 
CRI400W to HON400B 0.25 
CRI400W to SAL400B 0.23 
CRI400W to SAL400D 0.22 
CRI400W to NIC400B 0.25 
CRI400W to NIC400C 0.18 
------------------------------ Tue 02/09/2021 23:27:55.26 ----------------------------------------------- 
CRI400W to BAC400A 0.14 
CRI400W to CRI400B 0.14 
CRI400W to CRI400C 0.16 
CRI400W to GUA400A 0.24 
CRI400W to GUA400B 0.25 
CRI400W to HON400A 0.25 
CRI400W to HON400B 0.25 
CRI400W to SAL400B 0.24 
CRI400W to SAL400D 0.23 
CRI400W to NIC400B 0.14 
CRI400W to NIC400C 0.16 
------------------------------ Tue 02/09/2021 23:32:55.27 ----------------------------------------------- 
CRI400W to BAC400A 0.14 
CRI400W to CRI400B 0.14 
CRI400W to CRI400C 0.14 
CRI400W to GUA400A 0.22 
CRI400W to GUA400B 0.23 
CRI400W to HON400A 0.28 
CRI400W to HON400B 0.23 
CRI400W to SAL400B 0.24 
CRI400W to SAL400D 0.24 
CRI400W to NIC400B 0.22 
CRI400W to NIC400C 0.15 
------------------------------ Tue 02/09/2021 23:37:55.27 ----------------------------------------------- 
CRI400W to BAC400A 0.15 
CRI400W to CRI400B 0.14 
CRI400W to CRI400C 0.14 
CRI400W to GUA400A 0.23 
CRI400W to GUA400B 0.24 
CRI400W to HON400A 0.25 
CRI400W to HON400B 0.23 
CRI400W to SAL400B 0.24 
CRI400W to SAL400D 0.25 
CRI400W to NIC400B 0.12 
CRI400W to NIC400C 0.12 
------------------------------ Tue 02/09/2021 23:42:55.26 ----------------------------------------------- 
CRI400W to BAC400A 0.14 
CRI400W to CRI400B 0.14 
CRI400W to CRI400C 0.14 
CRI400W to GUA400A 0.24 
CRI400W to GUA400B 0.23 
CRI400W to HON400A 0.25 
CRI400W to HON400B 0.25 
CRI400W to SAL400B 0.25 
CRI400W to SAL400D 0.25 
CRI400W to NIC400B 0.25 
CRI400W to NIC400C 0.-84 
------------------------------ Tue 02/09/2021 23:47:55.30 ----------------------------------------------- 
CRI400W to BAC400A 0.14 
CRI400W to CRI400B 0.16 
CRI400W to CRI400C 0.16 
CRI400W to GUA400A 0.23 
CRI400W to GUA400B 0.27 
CRI400W to HON400A 0.25 
CRI400W to HON400B 0.23 
CRI400W to SAL400B 0.25 
CRI400W to SAL400D 0.16 
CRI400W to NIC400B 0.14 
CRI400W to NIC400C 0.15 
------------------------------ Tue 02/09/2021 23:52:55.29 ----------------------------------------------- 
CRI400W to BAC400A 0.16 
CRI400W to CRI400B 0.14 
CRI400W to CRI400C 0.14 
CRI400W to GUA400A 0.23 
CRI400W to GUA400B 0.25 
CRI400W to HON400A 0.28 
CRI400W to HON400B 0.26 
CRI400W to SAL400B 0.15 
CRI400W to SAL400D 0.25 
CRI400W to NIC400B 0.25 
CRI400W to NIC400C 0.15 
------------------------------ Tue 02/09/2021 23:57:55.30 ----------------------------------------------- 
CRI400W to BAC400A 0.13 
CRI400W to CRI400B 0.14 
CRI400W to CRI400C 0.15 
CRI400W to GUA400A 0.25 
CRI400W to GUA400B 0.25 
CRI400W to HON400A 0.25 
CRI400W to HON400B 0.25 
CRI400W to SAL400B 0.17 
CRI400W to SAL400D 0.23 
CRI400W to NIC400B 0.24 
CRI400W to NIC400C 0.17 
------------------------------ Wed 02/10/2021  0:02:55.31 ----------------------------------------------- 
CRI400W to BAC400A 0.25 
CRI400W to CRI400B 0.16 
CRI400W to CRI400C 0.14 
CRI400W to GUA400A 0.32 
CRI400W to GUA400B 0.36 
CRI400W to HON400A 0.25 
CRI400W to HON400B 0.25 
CRI400W to SAL400B 0.22 
CRI400W to SAL400D 0.25 
CRI400W to NIC400B 0.24 
CRI400W to NIC400C 0.-82 
------------------------------ Wed 02/10/2021  0:07:55.33 ----------------------------------------------- 
CRI400W to BAC400A 0.24 
CRI400W to CRI400B 0.14 
CRI400W to CRI400C 0.14 
CRI400W to GUA400A 0.24 
CRI400W to GUA400B 0.24 
CRI400W to HON400A 0.28 
CRI400W to HON400B 0.28 
CRI400W to SAL400B 0.24 
CRI400W to SAL400D 0.24 
CRI400W to NIC400B 0.16 
CRI400W to NIC400C 0.17 
------------------------------ Wed 02/10/2021  0:12:55.32 ----------------------------------------------- 
CRI400W to BAC400A 0.14 
CRI400W to CRI400B 0.16 
CRI400W to CRI400C 0.16 
CRI400W to GUA400A 0.25 
CRI400W to GUA400B 0.52 
CRI400W to HON400A 0.27 
CRI400W to HON400B 0.25 
CRI400W to SAL400B 0.25 
CRI400W to SAL400D 0.25 
CRI400W to NIC400B 0.25 
CRI400W to NIC400C 0.16 
------------------------------ Wed 02/10/2021  0:17:55.33 ----------------------------------------------- 
CRI400W to BAC400A 0.16 
CRI400W to CRI400B 0.14 
CRI400W to CRI400C 0.14 
CRI400W to GUA400A 0.25 
CRI400W to GUA400B 0.23 
CRI400W to HON400A 0.29 
CRI400W to HON400B 0.26 
CRI400W to SAL400B 0.23 
CRI400W to SAL400D 0.23 
CRI400W to NIC400B 0.24 
CRI400W to NIC400C 0.24 
------------------------------ Wed 02/10/2021  0:22:55.33 ----------------------------------------------- 
CRI400W to BAC400A 0.25 
CRI400W to CRI400B 0.14 
CRI400W to CRI400C 0.14 
CRI400W to GUA400A 0.25 
CRI400W to GUA400B 0.31 
CRI400W to HON400A 0.27 
CRI400W to HON400B 0.36 
CRI400W to SAL400B 0.25 
CRI400W to SAL400D 0.26 
CRI400W to NIC400B 0.23 
CRI400W to NIC400C 0.24 
------------------------------ Wed 02/10/2021  0:27:55.34 ----------------------------------------------- 
CRI400W to BAC400A 0.14 
CRI400W to CRI400B 0.14 
CRI400W to CRI400C 0.14 
CRI400W to GUA400A 0.22 
CRI400W to GUA400B 0.24 
CRI400W to HON400A 0.27 
CRI400W to HON400B 0.27 
CRI400W to SAL400B 0.28 
CRI400W to SAL400D 0.24 
CRI400W to NIC400B 0.16 
CRI400W to NIC400C 0.16 
------------------------------ Wed 02/10/2021  0:32:55.35 ----------------------------------------------- 
CRI400W to BAC400A 0.15 
CRI400W to CRI400B 0.12 
CRI400W to CRI400C 0.12 
CRI400W to GUA400A 0.24 
CRI400W to GUA400B 0.24 
CRI400W to HON400A 0.32 
CRI400W to HON400B 0.32 
CRI400W to SAL400B 0.25 
CRI400W to SAL400D 0.23 
CRI400W to NIC400B 0.23 
CRI400W to NIC400C 0.23 
------------------------------ Wed 02/10/2021  0:37:55.36 ----------------------------------------------- 
CRI400W to BAC400A 0.14 
CRI400W to CRI400B 0.14 
CRI400W to CRI400C 0.14 
CRI400W to GUA400A 0.23 
CRI400W to GUA400B 0.23 
CRI400W to HON400A 0.27 
CRI400W to HON400B 0.25 
CRI400W to SAL400B 0.23 
CRI400W to SAL400D 0.24 
CRI400W to NIC400B 0.22 
CRI400W to NIC400C 0.15 
------------------------------ Wed 02/10/2021  0:42:55.37 ----------------------------------------------- 
CRI400W to BAC400A 0.14 
CRI400W to CRI400B 0.14 
CRI400W to CRI400C 0.14 
CRI400W to GUA400A 0.25 
CRI400W to GUA400B 0.25 
CRI400W to HON400A 0.26 
CRI400W to HON400B 0.26 
CRI400W to SAL400B 0.24 
CRI400W to SAL400D 0.25 
CRI400W to NIC400B 0.15 
CRI400W to NIC400C 0.18 
------------------------------ Wed 02/10/2021  0:47:55.38 ----------------------------------------------- 
CRI400W to BAC400A 0.13 
CRI400W to CRI400B 0.16 
CRI400W to CRI400C 0.14 
CRI400W to GUA400A 0.25 
CRI400W to GUA400B 0.24 
CRI400W to HON400A 0.23 
CRI400W to HON400B 0.23 
CRI400W to SAL400B 0.24 
CRI400W to SAL400D 0.25 
CRI400W to NIC400B 0.17 
CRI400W to NIC400C 0.17 
------------------------------ Wed 02/10/2021  0:52:55.38 ----------------------------------------------- 
CRI400W to BAC400A 0.14 
CRI400W to CRI400B 0.14 
CRI400W to CRI400C 0.13 
CRI400W to GUA400A 0.25 
CRI400W to GUA400B 0.23 
CRI400W to HON400A 0.26 
CRI400W to HON400B 0.25 
CRI400W to SAL400B 0.25 
CRI400W to SAL400D 0.26 
CRI400W to NIC400B 0.19 
CRI400W to NIC400C 0.15 
------------------------------ Wed 02/10/2021  0:57:55.39 ----------------------------------------------- 
CRI400W to BAC400A 0.13 
CRI400W to CRI400B 0.14 
CRI400W to CRI400C 0.15 
CRI400W to GUA400A 0.23 
CRI400W to GUA400B 0.27 
CRI400W to HON400A 0.23 
CRI400W to HON400B 0.27 
CRI400W to SAL400B 0.25 
CRI400W to SAL400D 0.23 
CRI400W to NIC400B 0.25 
CRI400W to NIC400C 0.25 
------------------------------ Wed 02/10/2021  1:02:55.40 ----------------------------------------------- 
CRI400W to BAC400A 0.14 
CRI400W to CRI400B 0.14 
CRI400W to CRI400C 0.14 
CRI400W to GUA400A 0.24 
CRI400W to GUA400B 0.25 
CRI400W to HON400A 0.67 
CRI400W to HON400B 0.24 
CRI400W to SAL400B 0.25 
CRI400W to SAL400D 0.24 
CRI400W to NIC400B 0.16 
CRI400W to NIC400C 0.16 
------------------------------ Wed 02/10/2021  1:07:55.41 ----------------------------------------------- 
CRI400W to BAC400A 0.14 
CRI400W to CRI400B 0.14 
CRI400W to CRI400C 0.15 
CRI400W to GUA400A 0.25 
CRI400W to GUA400B 0.25 
CRI400W to HON400A 0.26 
CRI400W to HON400B 0.23 
CRI400W to SAL400B 0.23 
CRI400W to SAL400D 0.22 
CRI400W to NIC400B 0.25 
CRI400W to NIC400C 0.24 
------------------------------ Wed 02/10/2021  1:12:55.41 ----------------------------------------------- 
CRI400W to BAC400A 0.15 
CRI400W to CRI400B 0.14 
CRI400W to CRI400C 0.15 
CRI400W to GUA400A 0.24 
CRI400W to GUA400B 0.26 
CRI400W to HON400A 0.27 
CRI400W to HON400B 0.25 
CRI400W to SAL400B 0.23 
CRI400W to SAL400D 0.24 
CRI400W to NIC400B 0.24 
CRI400W to NIC400C 0.16 
------------------------------ Wed 02/10/2021  1:17:55.42 ----------------------------------------------- 
CRI400W to BAC400A 0.84 
CRI400W to CRI400B 0.14 
CRI400W to CRI400C 0.12 
CRI400W to GUA400A 0.25 
CRI400W to GUA400B 0.28 
CRI400W to HON400A 0.23 
CRI400W to HON400B 0.26 
CRI400W to SAL400B 0.24 
CRI400W to SAL400D 0.23 
CRI400W to NIC400B 0.24 
CRI400W to NIC400C 0.16 
------------------------------ Wed 02/10/2021  1:22:55.43 ----------------------------------------------- 
CRI400W to BAC400A 0.88 
CRI400W to CRI400B 0.14 
CRI400W to CRI400C 0.14 
CRI400W to GUA400A 0.24 
CRI400W to GUA400B 0.26 
CRI400W to HON400A 0.36 
CRI400W to HON400B 0.23 
CRI400W to SAL400B 0.25 
CRI400W to SAL400D 0.24 
CRI400W to NIC400B 0.25 
CRI400W to NIC400C 0.24 
------------------------------ Wed 02/10/2021  1:27:55.45 ----------------------------------------------- 
CRI400W to BAC400A 0.14 
CRI400W to CRI400B 0.14 
CRI400W to CRI400C 0.14 
CRI400W to GUA400A 0.25 
CRI400W to GUA400B 0.27 
CRI400W to HON400A 0.33 
CRI400W to HON400B 0.27 
CRI400W to SAL400B 0.25 
CRI400W to SAL400D 0.27 
CRI400W to NIC400B 0.25 
CRI400W to NIC400C 0.16 
------------------------------ Wed 02/10/2021  1:32:55.46 ----------------------------------------------- 
CRI400W to BAC400A 0.15 
CRI400W to CRI400B 0.12 
CRI400W to CRI400C 0.14 
CRI400W to GUA400A 0.25 
CRI400W to GUA400B 0.25 
CRI400W to HON400A 0.26 
CRI400W to HON400B 0.26 
CRI400W to SAL400B 0.25 
CRI400W to SAL400D 0.16 
CRI400W to NIC400B 0.16 
CRI400W to NIC400C 0.16 
------------------------------ Wed 02/10/2021  1:37:55.47 ----------------------------------------------- 
CRI400W to BAC400A 0.14 
CRI400W to CRI400B 0.14 
CRI400W to CRI400C 0.15 
CRI400W to GUA400A 0.28 
CRI400W to GUA400B 0.25 
CRI400W to HON400A 0.29 
CRI400W to HON400B 0.25 
CRI400W to SAL400B 0.24 
CRI400W to SAL400D 0.23 
CRI400W to NIC400B 0.25 
CRI400W to NIC400C 0.17 
------------------------------ Wed 02/10/2021  1:42:55.46 ----------------------------------------------- 
CRI400W to BAC400A 0.16 
CRI400W to CRI400B 0.14 
CRI400W to CRI400C 0.14 
CRI400W to GUA400A 0.23 
CRI400W to GUA400B 0.24 
CRI400W to HON400A 0.23 
CRI400W to HON400B 0.24 
CRI400W to SAL400B 0.25 
CRI400W to SAL400D 0.19 
CRI400W to NIC400B 0.25 
CRI400W to NIC400C 0.18 
------------------------------ Wed 02/10/2021  1:47:55.48 ----------------------------------------------- 
CRI400W to BAC400A 0.18 
CRI400W to CRI400B 0.15 
CRI400W to CRI400C 0.14 
CRI400W to GUA400A 0.23 
CRI400W to GUA400B 0.25 
CRI400W to HON400A 0.28 
CRI400W to HON400B 0.28 
CRI400W to SAL400B 0.25 
CRI400W to SAL400D 0.23 
CRI400W to NIC400B 0.23 
CRI400W to NIC400C 0.14 
------------------------------ Wed 02/10/2021  1:52:55.49 ----------------------------------------------- 
CRI400W to BAC400A 0.14 
CRI400W to CRI400B 0.14 
CRI400W to CRI400C 0.16 
CRI400W to GUA400A 0.25 
CRI400W to GUA400B 0.25 
CRI400W to HON400A 0.28 
CRI400W to HON400B 0.23 
CRI400W to SAL400B 0.24 
CRI400W to SAL400D 0.23 
CRI400W to NIC400B 0.22 
CRI400W to NIC400C 0.23 
------------------------------ Wed 02/10/2021  1:57:55.49 ----------------------------------------------- 
CRI400W to BAC400A 0.16 
CRI400W to CRI400B 0.14 
CRI400W to CRI400C 0.12 
CRI400W to GUA400A 0.44 
CRI400W to GUA400B 0.23 
CRI400W to HON400A 0.27 
CRI400W to HON400B 0.25 
CRI400W to SAL400B 0.25 
CRI400W to SAL400D 0.25 
CRI400W to NIC400B 0.17 
CRI400W to NIC400C 0.17 
------------------------------ Wed 02/10/2021  2:02:55.50 ----------------------------------------------- 
CRI400W to BAC400A 0.24 
CRI400W to CRI400B 0.14 
CRI400W to CRI400C 0.16 
CRI400W to GUA400A 0.36 
CRI400W to GUA400B 0.23 
CRI400W to HON400A 0.25 
CRI400W to HON400B 0.27 
CRI400W to SAL400B 0.23 
CRI400W to SAL400D 0.23 
CRI400W to NIC400B 0.25 
CRI400W to NIC400C 0.17 
------------------------------ Wed 02/10/2021  2:07:55.48 ----------------------------------------------- 
CRI400W to BAC400A 0.14 
CRI400W to CRI400B 0.14 
CRI400W to CRI400C 0.14 
CRI400W to GUA400A 0.25 
CRI400W to GUA400B 0.25 
CRI400W to HON400A 0.18 
CRI400W to HON400B 0.31 
CRI400W to SAL400B 0.26 
CRI400W to SAL400D 0.24 
CRI400W to NIC400B 0.83 
CRI400W to NIC400C 0.28 
------------------------------ Wed 02/10/2021  2:12:55.51 ----------------------------------------------- 
CRI400W to BAC400A 0.25 
CRI400W to CRI400B 0.15 
CRI400W to CRI400C 0.14 
CRI400W to GUA400A 0.42 
CRI400W to GUA400B 0.30 
CRI400W to HON400A 0.25 
CRI400W to HON400B 0.33 
CRI400W to SAL400B 0.25 
CRI400W to SAL400D 0.25 
CRI400W to NIC400B 0.23 
CRI400W to NIC400C 0.24 
------------------------------ Wed 02/10/2021  2:17:55.50 ----------------------------------------------- 
CRI400W to BAC400A 0.23 
CRI400W to CRI400B 0.15 
CRI400W to CRI400C 0.14 
CRI400W to GUA400A 0.34 
CRI400W to GUA400B 0.38 
CRI400W to HON400A 0.27 
CRI400W to HON400B 0.33 
CRI400W to SAL400B 0.25 
CRI400W to SAL400D 0.24 
CRI400W to NIC400B 0.24 
CRI400W to NIC400C 0.21 
------------------------------ Wed 02/10/2021  2:22:55.51 ----------------------------------------------- 
CRI400W to BAC400A 0.23 
CRI400W to CRI400B 0.15 
CRI400W to CRI400C 0.14 
CRI400W to GUA400A 0.33 
CRI400W to GUA400B 0.39 
CRI400W to HON400A 0.31 
CRI400W to HON400B 0.33 
CRI400W to SAL400B 0.24 
CRI400W to SAL400D 0.31 
CRI400W to NIC400B 0.23 
CRI400W to NIC400C 0.25 
------------------------------ Wed 02/10/2021  2:27:55.54 ----------------------------------------------- 
CRI400W to BAC400A 0.16 
CRI400W to CRI400B 0.14 
CRI400W to CRI400C 0.14 
CRI400W to GUA400A 0.25 
CRI400W to GUA400B 0.25 
CRI400W to HON400A 0.25 
CRI400W to HON400B 0.22 
CRI400W to SAL400B 0.23 
CRI400W to SAL400D 0.22 
CRI400W to NIC400B 0.27 
CRI400W to NIC400C 0.17 
------------------------------ Wed 02/10/2021  2:32:55.55 ----------------------------------------------- 
CRI400W to BAC400A 0.14 
CRI400W to CRI400B 0.15 
CRI400W to CRI400C 0.14 
CRI400W to GUA400A 0.25 
CRI400W to GUA400B 0.24 
CRI400W to HON400A 0.28 
CRI400W to HON400B 0.25 
CRI400W to SAL400B 0.23 
CRI400W to SAL400D 0.16 
CRI400W to NIC400B 0.23 
CRI400W to NIC400C 0.17 
------------------------------ Wed 02/10/2021  2:37:55.53 ----------------------------------------------- 
CRI400W to BAC400A 0.13 
CRI400W to CRI400B 0.15 
CRI400W to CRI400C 0.12 
CRI400W to GUA400A 0.24 
CRI400W to GUA400B 0.24 
CRI400W to HON400A 0.25 
CRI400W to HON400B 0.25 
CRI400W to SAL400B 0.23 
CRI400W to SAL400D 0.25 
CRI400W to NIC400B 0.24 
CRI400W to NIC400C 0.18 
------------------------------ Wed 02/10/2021  2:42:55.55 ----------------------------------------------- 
CRI400W to BAC400A 0.44 
CRI400W to CRI400B 0.14 
CRI400W to CRI400C 0.14 
CRI400W to GUA400A 0.23 
CRI400W to GUA400B 0.24 
CRI400W to HON400A 0.27 
CRI400W to HON400B 0.23 
CRI400W to SAL400B 0.25 
CRI400W to SAL400D 0.25 
CRI400W to NIC400B 0.24 
CRI400W to NIC400C 0.18 
------------------------------ Wed 02/10/2021  2:47:55.55 ----------------------------------------------- 
CRI400W to BAC400A 0.23 
CRI400W to CRI400B 0.14 
CRI400W to CRI400C 0.14 
CRI400W to GUA400A 0.24 
CRI400W to GUA400B 0.25 
CRI400W to HON400A 0.28 
CRI400W to HON400B 0.28 
CRI400W to SAL400B 0.25 
CRI400W to SAL400D 0.23 
CRI400W to NIC400B 0.16 
CRI400W to NIC400C 0.16 
------------------------------ Wed 02/10/2021  2:52:55.56 ----------------------------------------------- 
CRI400W to BAC400A 0.23 
CRI400W to CRI400B 0.15 
CRI400W to CRI400C 0.14 
CRI400W to GUA400A 0.25 
CRI400W to GUA400B 0.25 
CRI400W to HON400A 0.25 
CRI400W to HON400B 0.23 
CRI400W to SAL400B 0.24 
CRI400W to SAL400D 0.25 
CRI400W to NIC400B 0.18 
CRI400W to NIC400C 0.16 
------------------------------ Wed 02/10/2021  2:57:55.56 ----------------------------------------------- 
CRI400W to BAC400A 0.14 
CRI400W to CRI400B 0.12 
CRI400W to CRI400C 0.13 
CRI400W to GUA400A 0.24 
CRI400W to GUA400B 0.23 
CRI400W to HON400A 0.24 
CRI400W to HON400B 0.25 
CRI400W to SAL400B 0.23 
CRI400W to SAL400D 0.21 
CRI400W to NIC400B 0.21 
CRI400W to NIC400C 0.14 
------------------------------ Wed 02/10/2021  3:02:55.57 ----------------------------------------------- 
CRI400W to BAC400A 0.14 
CRI400W to CRI400B 0.14 
CRI400W to CRI400C 0.14 
CRI400W to GUA400A 0.25 
CRI400W to GUA400B 0.23 
CRI400W to HON400A 0.23 
CRI400W to HON400B 0.24 
CRI400W to SAL400B 0.14 
CRI400W to SAL400D 0.24 
CRI400W to NIC400B 0.23 
CRI400W to NIC400C 0.16 
------------------------------ Wed 02/10/2021  3:07:55.58 ----------------------------------------------- 
CRI400W to BAC400A 0.14 
CRI400W to CRI400B 0.14 
CRI400W to CRI400C 0.14 
CRI400W to GUA400A 0.24 
CRI400W to GUA400B 0.24 
CRI400W to HON400A 0.27 
CRI400W to HON400B 0.25 
CRI400W to SAL400B 0.25 
CRI400W to SAL400D 0.24 
CRI400W to NIC400B 0.24 
CRI400W to NIC400C 0.17 
------------------------------ Wed 02/10/2021  3:12:55.59 ----------------------------------------------- 
CRI400W to BAC400A 0.24 
CRI400W to CRI400B 0.15 
CRI400W to CRI400C 0.16 
CRI400W to GUA400A 0.33 
CRI400W to GUA400B 0.29 
CRI400W to HON400A 0.23 
CRI400W to HON400B 0.28 
CRI400W to SAL400B 0.25 
CRI400W to SAL400D 0.25 
CRI400W to NIC400B 0.15 
CRI400W to NIC400C 0.-83 
------------------------------ Wed 02/10/2021  3:17:55.60 ----------------------------------------------- 
CRI400W to BAC400A 0.14 
CRI400W to CRI400B 0.16 
CRI400W to CRI400C 0.15 
CRI400W to GUA400A 0.26 
CRI400W to GUA400B 0.25 
CRI400W to HON400A 0.27 
CRI400W to HON400B 0.23 
CRI400W to SAL400B 0.25 
CRI400W to SAL400D 0.25 
CRI400W to NIC400B 0.25 
CRI400W to NIC400C 0.15 
------------------------------ Wed 02/10/2021  3:22:55.61 ----------------------------------------------- 
CRI400W to BAC400A 0.14 
CRI400W to CRI400B 0.14 
CRI400W to CRI400C 0.14 
CRI400W to GUA400A 0.22 
CRI400W to GUA400B 0.23 
CRI400W to HON400A 0.25 
CRI400W to HON400B 0.25 
CRI400W to SAL400B 0.24 
CRI400W to SAL400D 0.22 
CRI400W to NIC400B 0.16 
CRI400W to NIC400C 0.17 
------------------------------ Wed 02/10/2021  3:27:55.62 ----------------------------------------------- 
CRI400W to BAC400A 0.15 
CRI400W to CRI400B 0.14 
CRI400W to CRI400C 0.14 
CRI400W to GUA400A 0.22 
CRI400W to GUA400B 0.22 
CRI400W to HON400A 0.27 
CRI400W to HON400B 0.23 
CRI400W to SAL400B 0.24 
CRI400W to SAL400D 0.23 
CRI400W to NIC400B 0.23 
CRI400W to NIC400C 0.14 
------------------------------ Wed 02/10/2021  3:32:55.62 ----------------------------------------------- 
CRI400W to BAC400A 0.14 
CRI400W to CRI400B 0.14 
CRI400W to CRI400C 0.14 
CRI400W to GUA400A 0.50 
CRI400W to GUA400B 0.22 
CRI400W to HON400A 0.23 
CRI400W to HON400B 0.23 
CRI400W to SAL400B 0.23 
CRI400W to SAL400D 0.24 
CRI400W to NIC400B 0.23 
CRI400W to NIC400C 0.17 
------------------------------ Wed 02/10/2021  3:37:55.63 ----------------------------------------------- 
CRI400W to BAC400A 0.14 
CRI400W to CRI400B 0.12 
CRI400W to CRI400C 0.13 
CRI400W to GUA400A 0.22 
CRI400W to GUA400B 0.25 
CRI400W to HON400A 0.25 
CRI400W to HON400B 0.25 
CRI400W to SAL400B 0.23 
CRI400W to SAL400D 0.23 
CRI400W to NIC400B 0.23 
CRI400W to NIC400C 0.16 
------------------------------ Wed 02/10/2021  3:42:55.63 ----------------------------------------------- 
CRI400W to BAC400A 0.14 
CRI400W to CRI400B 0.14 
CRI400W to CRI400C 0.14 
CRI400W to GUA400A 0.24 
CRI400W to GUA400B 0.23 
CRI400W to HON400A 0.23 
CRI400W to HON400B 0.23 
CRI400W to SAL400B 0.24 
CRI400W to SAL400D 0.24 
CRI400W to NIC400B 0.22 
CRI400W to NIC400C 0.16 
------------------------------ Wed 02/10/2021  3:47:55.64 ----------------------------------------------- 
CRI400W to BAC400A 0.14 
CRI400W to CRI400B 0.14 
CRI400W to CRI400C 0.12 
CRI400W to GUA400A 0.22 
CRI400W to GUA400B 0.22 
CRI400W to HON400A 0.23 
CRI400W to HON400B 0.25 
CRI400W to SAL400B 0.23 
CRI400W to SAL400D 0.22 
CRI400W to NIC400B 0.23 
CRI400W to NIC400C 0.23 
------------------------------ Wed 02/10/2021  3:52:55.66 ----------------------------------------------- 
CRI400W to BAC400A 0.16 
CRI400W to CRI400B 0.12 
CRI400W to CRI400C 0.13 
CRI400W to GUA400A 0.25 
CRI400W to GUA400B 0.22 
CRI400W to HON400A 0.23 
CRI400W to HON400B 0.25 
CRI400W to SAL400B 0.24 
CRI400W to SAL400D 0.16 
CRI400W to NIC400B 0.14 
CRI400W to NIC400C 0.15 
------------------------------ Wed 02/10/2021  3:57:55.67 ----------------------------------------------- 
CRI400W to BAC400A 0.12 
CRI400W to CRI400B 0.16 
CRI400W to CRI400C 0.14 
CRI400W to GUA400A 0.14 
CRI400W to GUA400B 0.23 
CRI400W to HON400A 0.23 
CRI400W to HON400B 0.21 
CRI400W to SAL400B 0.23 
CRI400W to SAL400D 0.22 
CRI400W to NIC400B 0.24 
CRI400W to NIC400C 0.25 
------------------------------ Wed 02/10/2021  4:02:55.68 ----------------------------------------------- 
CRI400W to BAC400A 0.12 
CRI400W to CRI400B 0.13 
CRI400W to CRI400C 0.15 
CRI400W to GUA400A 0.23 
CRI400W to GUA400B 0.23 
CRI400W to HON400A 0.23 
CRI400W to HON400B 0.23 
CRI400W to SAL400B 0.24 
CRI400W to SAL400D 0.25 
CRI400W to NIC400B 0.22 
CRI400W to NIC400C 0.16 
------------------------------ Wed 02/10/2021  4:07:55.69 ----------------------------------------------- 
CRI400W to BAC400A 0.14 
CRI400W to CRI400B 0.14 
CRI400W to CRI400C 0.14 
CRI400W to GUA400A 0.24 
CRI400W to GUA400B 0.23 
CRI400W to HON400A 0.25 
CRI400W to HON400B 0.25 
CRI400W to SAL400B 0.26 
CRI400W to SAL400D 0.25 
CRI400W to NIC400B 0.22 
CRI400W to NIC400C 0.24 
------------------------------ Wed 02/10/2021  4:12:55.70 ----------------------------------------------- 
CRI400W to BAC400A 0.12 
CRI400W to CRI400B 0.16 
CRI400W to CRI400C 0.14 
CRI400W to GUA400A 0.23 
CRI400W to GUA400B 0.22 
CRI400W to HON400A 0.22 
CRI400W to HON400B 0.23 
CRI400W to SAL400B 0.25 
CRI400W to SAL400D 0.22 
CRI400W to NIC400B 0.14 
CRI400W to NIC400C 0.18 
------------------------------ Wed 02/10/2021  4:17:55.70 ----------------------------------------------- 
CRI400W to BAC400A 0.14 
CRI400W to CRI400B 0.14 
CRI400W to CRI400C 0.14 
CRI400W to GUA400A 0.24 
CRI400W to GUA400B 0.23 
CRI400W to HON400A 0.25 
CRI400W to HON400B 0.27 
CRI400W to SAL400B 0.23 
CRI400W to SAL400D 0.23 
CRI400W to NIC400B 0.16 
CRI400W to NIC400C 0.14 
------------------------------ Wed 02/10/2021  4:22:55.69 ----------------------------------------------- 
CRI400W to BAC400A 0.14 
CRI400W to CRI400B 0.15 
CRI400W to CRI400C 0.13 
CRI400W to GUA400A 0.20 
CRI400W to GUA400B 0.23 
CRI400W to HON400A 0.22 
CRI400W to HON400B 0.24 
CRI400W to SAL400B 0.24 
CRI400W to SAL400D 0.23 
CRI400W to NIC400B 0.24 
CRI400W to NIC400C 0.17 
------------------------------ Wed 02/10/2021  4:27:55.72 ----------------------------------------------- 
CRI400W to BAC400A 0.14 
CRI400W to CRI400B 0.13 
CRI400W to CRI400C 0.13 
CRI400W to GUA400A 0.22 
CRI400W to GUA400B 0.22 
CRI400W to HON400A 0.25 
CRI400W to HON400B 0.24 
CRI400W to SAL400B 0.22 
CRI400W to SAL400D 0.22 
CRI400W to NIC400B 0.27 
CRI400W to NIC400C 0.27 
------------------------------ Wed 02/10/2021  4:32:55.71 ----------------------------------------------- 
CRI400W to BAC400A 0.14 
CRI400W to CRI400B 0.13 
CRI400W to CRI400C 0.13 
CRI400W to GUA400A 0.24 
CRI400W to GUA400B 0.24 
CRI400W to HON400A 0.23 
CRI400W to HON400B 0.23 
CRI400W to SAL400B 0.23 
CRI400W to SAL400D 0.22 
CRI400W to NIC400B 0.22 
CRI400W to NIC400C 0.14 
------------------------------ Wed 02/10/2021  4:37:55.73 ----------------------------------------------- 
CRI400W to BAC400A 0.14 
CRI400W to CRI400B 0.14 
CRI400W to CRI400C 0.14 
CRI400W to GUA400A 0.21 
CRI400W to GUA400B 0.22 
CRI400W to HON400A 0.26 
CRI400W to HON400B 0.25 
CRI400W to SAL400B 0.22 
CRI400W to SAL400D 0.22 
CRI400W to NIC400B 0.23 
CRI400W to NIC400C 0.14 
------------------------------ Wed 02/10/2021  4:42:55.73 ----------------------------------------------- 
CRI400W to BAC400A 0.14 
CRI400W to CRI400B 0.14 
CRI400W to CRI400C 0.14 
CRI400W to GUA400A 0.22 
CRI400W to GUA400B 0.24 
CRI400W to HON400A 0.24 
CRI400W to HON400B 0.23 
CRI400W to SAL400B 0.25 
CRI400W to SAL400D 0.25 
CRI400W to NIC400B 0.24 
CRI400W to NIC400C 0.14 
------------------------------ Wed 02/10/2021  4:47:55.75 ----------------------------------------------- 
CRI400W to BAC400A 0.14 
CRI400W to CRI400B 0.12 
CRI400W to CRI400C 0.14 
CRI400W to GUA400A 0.14 
CRI400W to GUA400B 0.22 
CRI400W to HON400A 0.22 
CRI400W to HON400B 0.23 
CRI400W to SAL400B 0.23 
CRI400W to SAL400D 0.23 
CRI400W to NIC400B 0.23 
CRI400W to NIC400C 0.16 
------------------------------ Wed 02/10/2021  4:52:55.74 ----------------------------------------------- 
CRI400W to BAC400A 0.14 
CRI400W to CRI400B 0.13 
CRI400W to CRI400C 0.14 
CRI400W to GUA400A 0.22 
CRI400W to GUA400B 0.22 
CRI400W to HON400A 0.26 
CRI400W to HON400B 0.23 
CRI400W to SAL400B 0.25 
CRI400W to SAL400D 0.23 
CRI400W to NIC400B 0.22 
CRI400W to NIC400C 0.14 
------------------------------ Wed 02/10/2021  4:57:55.76 ----------------------------------------------- 
CRI400W to BAC400A 0.16 
CRI400W to CRI400B 0.13 
CRI400W to CRI400C 0.14 
CRI400W to GUA400A 0.14 
CRI400W to GUA400B 0.24 
CRI400W to HON400A 0.27 
CRI400W to HON400B 0.23 
CRI400W to SAL400B 0.25 
CRI400W to SAL400D 0.22 
CRI400W to NIC400B 0.23 
CRI400W to NIC400C 0.24 
------------------------------ Wed 02/10/2021  5:02:55.76 ----------------------------------------------- 
CRI400W to BAC400A 0.15 
CRI400W to CRI400B 0.14 
CRI400W to CRI400C 0.14 
CRI400W to GUA400A 0.23 
CRI400W to GUA400B 0.24 
CRI400W to HON400A 0.25 
CRI400W to HON400B 0.24 
CRI400W to SAL400B 0.16 
CRI400W to SAL400D 0.25 
CRI400W to NIC400B 0.22 
CRI400W to NIC400C 0.25 
------------------------------ Wed 02/10/2021  5:07:55.77 ----------------------------------------------- 
CRI400W to BAC400A 0.14 
CRI400W to CRI400B 0.15 
CRI400W to CRI400C 0.14 
CRI400W to GUA400A 0.20 
CRI400W to GUA400B 0.22 
CRI400W to HON400A 0.26 
CRI400W to HON400B 0.29 
CRI400W to SAL400B 0.25 
CRI400W to SAL400D 0.25 
CRI400W to NIC400B 0.14 
CRI400W to NIC400C 0.15 
------------------------------ Wed 02/10/2021  5:12:55.77 ----------------------------------------------- 
CRI400W to BAC400A 0.14 
CRI400W to CRI400B 0.15 
CRI400W to CRI400C 0.14 
CRI400W to GUA400A 0.22 
CRI400W to GUA400B 0.25 
CRI400W to HON400A 0.24 
CRI400W to HON400B 0.26 
CRI400W to SAL400B 0.23 
CRI400W to SAL400D 0.16 
CRI400W to NIC400B 0.23 
CRI400W to NIC400C 0.25 
------------------------------ Wed 02/10/2021  5:17:55.76 ----------------------------------------------- 
CRI400W to BAC400A 0.14 
CRI400W to CRI400B 0.16 
CRI400W to CRI400C 0.15 
CRI400W to GUA400A 0.24 
CRI400W to GUA400B 0.25 
CRI400W to HON400A 0.25 
CRI400W to HON400B 0.24 
CRI400W to SAL400B 0.23 
CRI400W to SAL400D 0.27 
CRI400W to NIC400B 0.16 
CRI400W to NIC400C 0.16 
------------------------------ Wed 02/10/2021  5:22:55.79 ----------------------------------------------- 
CRI400W to BAC400A 0.14 
CRI400W to CRI400B 0.15 
CRI400W to CRI400C 0.14 
CRI400W to GUA400A 0.22 
CRI400W to GUA400B 0.23 
CRI400W to HON400A 0.28 
CRI400W to HON400B 0.27 
CRI400W to SAL400B 0.15 
CRI400W to SAL400D 0.23 
CRI400W to NIC400B 0.16 
CRI400W to NIC400C 0.16 
------------------------------ Wed 02/10/2021  5:27:55.80 ----------------------------------------------- 
CRI400W to BAC400A 0.14 
CRI400W to CRI400B 0.14 
CRI400W to CRI400C 0.14 
CRI400W to GUA400A 0.25 
CRI400W to GUA400B 0.23 
CRI400W to HON400A 0.23 
CRI400W to HON400B 0.26 
CRI400W to SAL400B 0.15 
CRI400W to SAL400D 0.25 
CRI400W to NIC400B 0.25 
CRI400W to NIC400C 0.15 
------------------------------ Wed 02/10/2021  5:32:55.81 ----------------------------------------------- 
CRI400W to BAC400A 0.13 
CRI400W to CRI400B 0.14 
CRI400W to CRI400C 0.14 
CRI400W to GUA400A 0.22 
CRI400W to GUA400B 0.22 
CRI400W to HON400A 0.24 
CRI400W to HON400B 0.22 
CRI400W to SAL400B 0.17 
CRI400W to SAL400D 0.21 
CRI400W to NIC400B 0.24 
CRI400W to NIC400C 0.24 
------------------------------ Wed 02/10/2021  5:37:55.81 ----------------------------------------------- 
CRI400W to BAC400A 0.16 
CRI400W to CRI400B 0.14 
CRI400W to CRI400C 0.14 
CRI400W to GUA400A 0.22 
CRI400W to GUA400B 0.22 
CRI400W to HON400A 0.24 
CRI400W to HON400B 0.25 
CRI400W to SAL400B 0.23 
CRI400W to SAL400D 0.22 
CRI400W to NIC400B 0.23 
CRI400W to NIC400C 0.25 
------------------------------ Wed 02/10/2021  5:42:55.82 ----------------------------------------------- 
CRI400W to BAC400A 0.14 
CRI400W to CRI400B 0.12 
CRI400W to CRI400C 0.14 
CRI400W to GUA400A 0.20 
CRI400W to GUA400B 0.24 
CRI400W to HON400A 0.27 
CRI400W to HON400B 0.25 
CRI400W to SAL400B 0.22 
CRI400W to SAL400D 0.25 
CRI400W to NIC400B 0.24 
CRI400W to NIC400C 0.18 
------------------------------ Wed 02/10/2021  5:47:55.81 ----------------------------------------------- 
CRI400W to BAC400A 0.14 
CRI400W to CRI400B 0.14 
CRI400W to CRI400C 0.14 
CRI400W to GUA400A 0.22 
CRI400W to GUA400B 0.24 
CRI400W to HON400A 0.24 
CRI400W to HON400B 0.22 
CRI400W to SAL400B 0.23 
CRI400W to SAL400D 0.24 
CRI400W to NIC400B 0.22 
CRI400W to NIC400C 0.16 
------------------------------ Wed 02/10/2021  5:52:55.84 ----------------------------------------------- 
CRI400W to BAC400A 0.14 
CRI400W to CRI400B 0.14 
CRI400W to CRI400C 0.14 
CRI400W to GUA400A 0.22 
CRI400W to GUA400B 0.24 
CRI400W to HON400A 0.25 
CRI400W to HON400B 0.23 
CRI400W to SAL400B 0.22 
CRI400W to SAL400D 0.21 
CRI400W to NIC400B 0.22 
CRI400W to NIC400C 0.16 
------------------------------ Wed 02/10/2021  5:57:55.84 ----------------------------------------------- 
CRI400W to BAC400A 0.14 
CRI400W to CRI400B 0.13 
CRI400W to CRI400C 0.14 
CRI400W to GUA400A 0.22 
CRI400W to GUA400B 0.22 
CRI400W to HON400A 0.24 
CRI400W to HON400B 0.22 
CRI400W to SAL400B 0.25 
CRI400W to SAL400D 0.24 
CRI400W to NIC400B 0.25 
CRI400W to NIC400C 0.17 
------------------------------ Wed 02/10/2021  6:02:55.84 ----------------------------------------------- 
CRI400W to BAC400A 0.18 
CRI400W to CRI400B 0.12 
CRI400W to CRI400C 0.12 
CRI400W to GUA400A 0.24 
CRI400W to GUA400B 0.22 
CRI400W to HON400A 0.25 
CRI400W to HON400B 0.23 
CRI400W to SAL400B 0.23 
CRI400W to SAL400D 0.23 
CRI400W to NIC400B 0.22 
CRI400W to NIC400C 0.14 
------------------------------ Wed 02/10/2021  6:07:55.86 ----------------------------------------------- 
CRI400W to BAC400A 0.12 
CRI400W to CRI400B 0.14 
CRI400W to CRI400C 0.15 
CRI400W to GUA400A 0.23 
CRI400W to GUA400B 0.24 
CRI400W to HON400A 0.27 
CRI400W to HON400B 0.23 
CRI400W to SAL400B 0.23 
CRI400W to SAL400D 0.23 
CRI400W to NIC400B 0.14 
CRI400W to NIC400C 0.18 
------------------------------ Wed 02/10/2021  6:12:55.88 ----------------------------------------------- 
CRI400W to BAC400A 0.14 
CRI400W to CRI400B 0.14 
CRI400W to CRI400C 0.14 
CRI400W to GUA400A 0.45 
CRI400W to GUA400B 0.22 
CRI400W to HON400A 0.25 
CRI400W to HON400B 0.24 
CRI400W to SAL400B 0.23 
CRI400W to SAL400D 0.24 
CRI400W to NIC400B 0.23 
CRI400W to NIC400C 0.19 
------------------------------ Wed 02/10/2021  6:17:55.88 ----------------------------------------------- 
CRI400W to BAC400A 0.14 
CRI400W to CRI400B 0.13 
CRI400W to CRI400C 0.14 
CRI400W to GUA400A 0.24 
CRI400W to GUA400B 0.23 
CRI400W to HON400A 0.25 
CRI400W to HON400B 0.24 
CRI400W to SAL400B 0.23 
CRI400W to SAL400D 0.23 
CRI400W to NIC400B 0.25 
CRI400W to NIC400C 0.16 
------------------------------ Wed 02/10/2021  6:22:55.90 ----------------------------------------------- 
CRI400W to BAC400A 0.13 
CRI400W to CRI400B 0.13 
CRI400W to CRI400C 0.14 
CRI400W to GUA400A 0.22 
CRI400W to GUA400B 0.27 
CRI400W to HON400A 0.24 
CRI400W to HON400B 0.25 
CRI400W to SAL400B 0.23 
CRI400W to SAL400D 0.22 
CRI400W to NIC400B 0.22 
CRI400W to NIC400C 0.15 
------------------------------ Wed 02/10/2021  6:27:55.89 ----------------------------------------------- 
CRI400W to BAC400A 0.14 
CRI400W to CRI400B 0.12 
CRI400W to CRI400C 0.14 
CRI400W to GUA400A 0.24 
CRI400W to GUA400B 0.21 
CRI400W to HON400A 0.24 
CRI400W to HON400B 0.23 
CRI400W to SAL400B 0.23 
CRI400W to SAL400D 0.24 
CRI400W to NIC400B 0.23 
CRI400W to NIC400C 0.14 
------------------------------ Wed 02/10/2021  6:32:55.90 ----------------------------------------------- 
CRI400W to BAC400A 0. 
CRI400W to CRI400B 0.16 
CRI400W to CRI400C 0.12 
CRI400W to GUA400A 0.23 
CRI400W to GUA400B 0.23 
CRI400W to HON400A 0.25 
CRI400W to HON400B 0.28 
CRI400W to SAL400B 0.25 
CRI400W to SAL400D 0.23 
CRI400W to NIC400B 0.21 
CRI400W to NIC400C 0.15 
------------------------------ Wed 02/10/2021  6:37:55.89 ----------------------------------------------- 
CRI400W to BAC400A 0.14 
CRI400W to CRI400B 0.14 
CRI400W to CRI400C 0.14 
CRI400W to GUA400A 0.21 
CRI400W to GUA400B 0.24 
CRI400W to HON400A 0.24 
CRI400W to HON400B 0.23 
CRI400W to SAL400B 0.22 
CRI400W to SAL400D 0.22 
CRI400W to NIC400B 0.24 
CRI400W to NIC400C 0.24 
------------------------------ Wed 02/10/2021  6:42:55.89 ----------------------------------------------- 
CRI400W to BAC400A 0.14 
CRI400W to CRI400B 0.14 
CRI400W to CRI400C 0.14 
CRI400W to GUA400A 0.22 
CRI400W to GUA400B 0.22 
CRI400W to HON400A 0.25 
CRI400W to HON400B 0.22 
CRI400W to SAL400B 0.22 
CRI400W to SAL400D 0.22 
CRI400W to NIC400B 0.14 
CRI400W to NIC400C 0.26 
------------------------------ Wed 02/10/2021  6:47:55.90 ----------------------------------------------- 
CRI400W to BAC400A 0.14 
CRI400W to CRI400B 0.14 
CRI400W to CRI400C 0.14 
CRI400W to GUA400A 0.25 
CRI400W to GUA400B 0.21 
CRI400W to HON400A 0.27 
CRI400W to HON400B 0.22 
CRI400W to SAL400B 0.23 
CRI400W to SAL400D 0.21 
CRI400W to NIC400B 0.23 
CRI400W to NIC400C 0.16 
------------------------------ Wed 02/10/2021  6:52:55.92 ----------------------------------------------- 
CRI400W to BAC400A 0. 
CRI400W to CRI400B 0.13 
CRI400W to CRI400C 0.12 
CRI400W to GUA400A 0.23 
CRI400W to GUA400B 0.23 
CRI400W to HON400A 0.24 
CRI400W to HON400B 0.22 
CRI400W to SAL400B 0.23 
CRI400W to SAL400D 0.25 
CRI400W to NIC400B 0.27 
CRI400W to NIC400C 0.27 
------------------------------ Wed 02/10/2021  6:57:55.93 ----------------------------------------------- 
CRI400W to BAC400A 0.13 
CRI400W to CRI400B 0.14 
CRI400W to CRI400C 0.13 
CRI400W to GUA400A 0.35 
CRI400W to GUA400B 0.37 
CRI400W to HON400A 0.33 
CRI400W to HON400B 0.34 
CRI400W to SAL400B 0.25 
CRI400W to SAL400D 0.33 
CRI400W to NIC400B 0.33 
CRI400W to NIC400C 0.16 
------------------------------ Wed 02/10/2021  7:02:55.93 ----------------------------------------------- 
CRI400W to BAC400A 0.14 
CRI400W to CRI400B 0.12 
CRI400W to CRI400C 0.14 
CRI400W to GUA400A 0.25 
CRI400W to GUA400B 0.22 
CRI400W to HON400A 0.25 
CRI400W to HON400B 0.22 
CRI400W to SAL400B 0.25 
CRI400W to SAL400D 0.25 
CRI400W to NIC400B 0.25 
CRI400W to NIC400C 0.18 
------------------------------ Wed 02/10/2021  7:07:55.95 ----------------------------------------------- 
CRI400W to BAC400A 0. 
CRI400W to CRI400B 0.15 
CRI400W to CRI400C 0.14 
CRI400W to GUA400A 0.22 
CRI400W to GUA400B 0.24 
CRI400W to HON400A 0.25 
CRI400W to HON400B 0.25 
CRI400W to SAL400B 0.25 
CRI400W to SAL400D 0.27 
CRI400W to NIC400B 0.23 
CRI400W to NIC400C 0.16 
------------------------------ Wed 02/10/2021  7:12:55.96 ----------------------------------------------- 
CRI400W to BAC400A 0.15 
CRI400W to CRI400B 0.12 
CRI400W to CRI400C 0.15 
CRI400W to GUA400A 0.15 
CRI400W to GUA400B 0.22 
CRI400W to HON400A 0.25 
CRI400W to HON400B 0.27 
CRI400W to SAL400B 0.25 
CRI400W to SAL400D 0.22 
CRI400W to NIC400B 0.23 
CRI400W to NIC400C 0.30 
------------------------------ Wed 02/10/2021  7:17:55.95 ----------------------------------------------- 
CRI400W to BAC400A 0.14 
CRI400W to CRI400B 0.13 
CRI400W to CRI400C 0.14 
CRI400W to GUA400A 0.23 
CRI400W to GUA400B 0.24 
CRI400W to HON400A 0.26 
CRI400W to HON400B 0.23 
CRI400W to SAL400B 0.22 
CRI400W to SAL400D 0.27 
CRI400W to NIC400B 0.16 
CRI400W to NIC400C 0.14 
------------------------------ Wed 02/10/2021  7:22:55.96 ----------------------------------------------- 
CRI400W to BAC400A 0.16 
CRI400W to CRI400B 0.15 
CRI400W to CRI400C 0.13 
CRI400W to GUA400A 0.22 
CRI400W to GUA400B 0.22 
CRI400W to HON400A 0.25 
CRI400W to HON400B 0.25 
CRI400W to SAL400B 0.24 
CRI400W to SAL400D 0.24 
CRI400W to NIC400B 0.25 
CRI400W to NIC400C 0.14 
------------------------------ Wed 02/10/2021  7:27:55.99 ----------------------------------------------- 
CRI400W to BAC400A 0.14 
CRI400W to CRI400B 0.14 
CRI400W to CRI400C 0.16 
CRI400W to GUA400A 0.43 
CRI400W to GUA400B 0.25 
CRI400W to HON400A 0.24 
CRI400W to HON400B 0.24 
CRI400W to SAL400B 0.25 
CRI400W to SAL400D 0.24 
CRI400W to NIC400B 0.16 
CRI400W to NIC400C 0.-74 
------------------------------ Wed 02/10/2021  7:32:56.00 ----------------------------------------------- 
CRI400W to BAC400A 0.14 
CRI400W to CRI400B 0.14 
CRI400W to CRI400C 0.12 
CRI400W to GUA400A 0.21 
CRI400W to GUA400B 0.36 
CRI400W to HON400A 0.35 
CRI400W to HON400B 0.28 
CRI400W to SAL400B 0.25 
CRI400W to SAL400D 0.26 
CRI400W to NIC400B 0.26 
CRI400W to NIC400C 0.23 
------------------------------ Wed 02/10/2021  7:37:56.01 ----------------------------------------------- 
CRI400W to BAC400A 0.14 
CRI400W to CRI400B 0.14 
CRI400W to CRI400C 0.14 
CRI400W to GUA400A 0.24 
CRI400W to GUA400B 0.30 
CRI400W to HON400A 0.27 
CRI400W to HON400B 0.25 
CRI400W to SAL400B 0.21 
CRI400W to SAL400D 0.26 
CRI400W to NIC400B 0.16 
CRI400W to NIC400C 0.17 
------------------------------ Wed 02/10/2021  7:42:56.02 ----------------------------------------------- 
CRI400W to BAC400A 0.14 
CRI400W to CRI400B 0.16 
CRI400W to CRI400C 0.12 
CRI400W to GUA400A 0.22 
CRI400W to GUA400B 0.23 
CRI400W to HON400A 0.25 
CRI400W to HON400B 0.23 
CRI400W to SAL400B 0.16 
CRI400W to SAL400D 0.22 
CRI400W to NIC400B 0.25 
CRI400W to NIC400C 0.18 
------------------------------ Wed 02/10/2021  7:47:56.02 ----------------------------------------------- 
CRI400W to BAC400A 0.12 
CRI400W to CRI400B 0.16 
CRI400W to CRI400C 0.14 
CRI400W to GUA400A 0.25 
CRI400W to GUA400B 0.25 
CRI400W to HON400A 0.19 
CRI400W to HON400B 0.24 
CRI400W to SAL400B 0.25 
CRI400W to SAL400D 0.25 
CRI400W to NIC400B 0.17 
CRI400W to NIC400C 0.25 
------------------------------ Wed 02/10/2021  7:52:56.03 ----------------------------------------------- 
CRI400W to BAC400A 0.16 
CRI400W to CRI400B 0.14 
CRI400W to CRI400C 0.16 
CRI400W to GUA400A 0.23 
CRI400W to GUA400B 0.26 
CRI400W to HON400A 0.28 
CRI400W to HON400B 0.26 
CRI400W to SAL400B 0.24 
CRI400W to SAL400D 0.23 
CRI400W to NIC400B 0.15 
CRI400W to NIC400C 0.16 
------------------------------ Wed 02/10/2021  7:57:56.03 ----------------------------------------------- 
CRI400W to BAC400A 0.17 
CRI400W to CRI400B 0.14 
CRI400W to CRI400C 0.15 
CRI400W to GUA400A 0.24 
CRI400W to GUA400B 0.25 
CRI400W to HON400A 0.29 
CRI400W to HON400B 0.28 
CRI400W to SAL400B 0.15 
CRI400W to SAL400D 0.25 
CRI400W to NIC400B 0.17 
CRI400W to NIC400C 0.25 
------------------------------ Wed 02/10/2021  8:02:56.04 ----------------------------------------------- 
CRI400W to BAC400A 0.14 
CRI400W to CRI400B 0.16 
CRI400W to CRI400C 0.13 
CRI400W to GUA400A 0.24 
CRI400W to GUA400B 0.30 
CRI400W to HON400A 0.26 
CRI400W to HON400B 0.24 
CRI400W to SAL400B 0.23 
CRI400W to SAL400D 0.25 
CRI400W to NIC400B 0.16 
CRI400W to NIC400C 0.17 
------------------------------ Wed 02/10/2021  8:07:56.05 ----------------------------------------------- 
CRI400W to BAC400A 0.15 
CRI400W to CRI400B 0.15 
CRI400W to CRI400C 0.14 
CRI400W to GUA400A 0.30 
CRI400W to GUA400B 0.31 
CRI400W to HON400A 0.24 
CRI400W to HON400B 0.24 
CRI400W to SAL400B 0.21 
CRI400W to SAL400D 0.17 
CRI400W to NIC400B 0.17 
CRI400W to NIC400C 0.17 
------------------------------ Wed 02/10/2021  8:12:56.05 ----------------------------------------------- 
CRI400W to BAC400A 0.17 
CRI400W to CRI400B 0.17 
CRI400W to CRI400C 0.16 
CRI400W to GUA400A 0.30 
CRI400W to GUA400B 0.31 
CRI400W to HON400A 0.21 
CRI400W to HON400B 0.31 
CRI400W to SAL400B 0.19 
CRI400W to SAL400D 0.17 
CRI400W to NIC400B 0.17 
CRI400W to NIC400C 0.17 
------------------------------ Wed 02/10/2021  8:17:56.06 ----------------------------------------------- 
CRI400W to BAC400A 0. 
CRI400W to CRI400B 0.16 
CRI400W to CRI400C 0.15 
CRI400W to GUA400A 0.25 
CRI400W to GUA400B 0.28 
CRI400W to HON400A 0.27 
CRI400W to HON400B 0.27 
CRI400W to SAL400B 0.24 
CRI400W to SAL400D 0.15 
CRI400W to NIC400B 0.14 
CRI400W to NIC400C 0.22 
------------------------------ Wed 02/10/2021  8:22:56.07 ----------------------------------------------- 
CRI400W to BAC400A 0. 
CRI400W to CRI400B 0.15 
CRI400W to CRI400C 0.14 
CRI400W to GUA400A 0.24 
CRI400W to GUA400B 0.25 
CRI400W to HON400A 0.19 
CRI400W to HON400B 0.25 
CRI400W to SAL400B 0.18 
CRI400W to SAL400D 0.25 
CRI400W to NIC400B 0.22 
CRI400W to NIC400C 0.16 
------------------------------ Wed 02/10/2021  8:27:56.09 ----------------------------------------------- 
CRI400W to BAC400A 0.16 
CRI400W to CRI400B 0.15 
CRI400W to CRI400C 0.14 
CRI400W to GUA400A 0.22 
CRI400W to GUA400B 0.28 
CRI400W to HON400A 0.21 
CRI400W to HON400B 0.32 
CRI400W to SAL400B 0.26 
CRI400W to SAL400D 0.25 
CRI400W to NIC400B 0.16 
CRI400W to NIC400C 0.18 
------------------------------ Wed 02/10/2021  8:32:55.10 ----------------------------------------------- 
CRI400W to BAC400A 0.14 
CRI400W to CRI400B 0.12 
CRI400W to CRI400C 0.12 
CRI400W to GUA400A 0.22 
CRI400W to GUA400B 0.24 
CRI400W to HON400A 0.23 
CRI400W to HON400B 0.30 
CRI400W to SAL400B 0.24 
CRI400W to SAL400D 0.28 
CRI400W to NIC400B 0.14 
CRI400W to NIC400C 0.12 
------------------------------ Wed 02/10/2021  8:37:55.12 ----------------------------------------------- 
CRI400W to BAC400A 0.17 
CRI400W to CRI400B 0.16 
CRI400W to CRI400C 0.16 
CRI400W to GUA400A 0.27 
CRI400W to GUA400B 0.23 
CRI400W to HON400A 0.28 
CRI400W to HON400B 0.26 
CRI400W to SAL400B 0.17 
CRI400W to SAL400D 0.25 
CRI400W to NIC400B 0.24 
CRI400W to NIC400C 0.20 
------------------------------ Wed 02/10/2021  8:42:55.12 ----------------------------------------------- 
CRI400W to BAC400A 0.14 
CRI400W to CRI400B 0.14 
CRI400W to CRI400C 0.14 
CRI400W to GUA400A 0.27 
CRI400W to GUA400B 0.25 
CRI400W to HON400A 0.23 
CRI400W to HON400B 0.28 
CRI400W to SAL400B 0.25 
CRI400W to SAL400D 0.17 
CRI400W to NIC400B 0.22 
CRI400W to NIC400C 0.27 
------------------------------ Wed 02/10/2021  8:47:55.13 ----------------------------------------------- 
CRI400W to BAC400A 0.16 
CRI400W to CRI400B 0.15 
CRI400W to CRI400C 0.15 
CRI400W to GUA400A 0.27 
CRI400W to GUA400B 0.23 
CRI400W to HON400A 0.25 
CRI400W to HON400B 0.26 
CRI400W to SAL400B 0.24 
CRI400W to SAL400D 0.14 
CRI400W to NIC400B 0.24 
CRI400W to NIC400C 0.16 
------------------------------ Wed 02/10/2021  8:52:55.14 ----------------------------------------------- 
CRI400W to BAC400A 0.14 
CRI400W to CRI400B 0.14 
CRI400W to CRI400C 0.14 
CRI400W to GUA400A 0.27 
CRI400W to GUA400B 0.24 
CRI400W to HON400A 0.29 
CRI400W to HON400B 0.29 
CRI400W to SAL400B 0.22 
CRI400W to SAL400D 0.23 
CRI400W to NIC400B 0.23 
CRI400W to NIC400C 0.14 
------------------------------ Wed 02/10/2021  8:57:55.14 ----------------------------------------------- 
CRI400W to BAC400A 0.15 
CRI400W to CRI400B 0.15 
CRI400W to CRI400C 0.14 
CRI400W to GUA400A 0.25 
CRI400W to GUA400B 0.24 
CRI400W to HON400A 0.28 
CRI400W to HON400B 0.24 
CRI400W to SAL400B 0.23 
CRI400W to SAL400D 0.17 
CRI400W to NIC400B 0.25 
CRI400W to NIC400C 0.26 
------------------------------ Wed 02/10/2021  9:02:55.13 ----------------------------------------------- 
CRI400W to BAC400A 0.14 
CRI400W to CRI400B 0.14 
CRI400W to CRI400C 0.14 
CRI400W to GUA400A 0.24 
CRI400W to GUA400B 0.24 
CRI400W to HON400A 0.25 
CRI400W to HON400B 0.29 
CRI400W to SAL400B 0.28 
CRI400W to SAL400D 0.22 
CRI400W to NIC400B 0.14 
CRI400W to NIC400C 0.16 
------------------------------ Wed 02/10/2021  9:07:55.15 ----------------------------------------------- 
CRI400W to BAC400A 0.14 
CRI400W to CRI400B 0.14 
CRI400W to CRI400C 0.14 
CRI400W to GUA400A 0.21 
CRI400W to GUA400B 0.23 
CRI400W to HON400A 0.27 
CRI400W to HON400B 0.28 
CRI400W to SAL400B 0.21 
CRI400W to SAL400D 0.27 
CRI400W to NIC400B 0.23 
CRI400W to NIC400C 0.14 
------------------------------ Wed 02/10/2021  9:12:55.17 ----------------------------------------------- 
CRI400W to BAC400A 0.16 
CRI400W to CRI400B 0.18 
CRI400W to CRI400C 0.16 
CRI400W to GUA400A 0.28 
CRI400W to GUA400B 0.25 
CRI400W to HON400A 0.17 
CRI400W to HON400B 0.28 
CRI400W to SAL400B 0.18 
CRI400W to SAL400D 0.25 
CRI400W to NIC400B 0.14 
CRI400W to NIC400C 0.17 
------------------------------ Wed 02/10/2021  9:17:55.15 ----------------------------------------------- 
CRI400W to BAC400A 0.14 
CRI400W to CRI400B 0.15 
CRI400W to CRI400C 0.12 
CRI400W to GUA400A 0.28 
CRI400W to GUA400B 0.24 
CRI400W to HON400A 0.21 
CRI400W to HON400B 0.32 
CRI400W to SAL400B 0.24 
CRI400W to SAL400D 0.27 
CRI400W to NIC400B 0.19 
CRI400W to NIC400C 0.16 
------------------------------ Wed 02/10/2021  9:22:55.18 ----------------------------------------------- 
CRI400W to BAC400A 0.16 
CRI400W to CRI400B 0.16 
CRI400W to CRI400C 0.16 
CRI400W to GUA400A 0.31 
CRI400W to GUA400B 0.25 
CRI400W to HON400A 0.26 
CRI400W to HON400B 0.25 
CRI400W to SAL400B 0.16 
CRI400W to SAL400D 0.15 
CRI400W to NIC400B 0.17 
CRI400W to NIC400C 0.14 
------------------------------ Wed 02/10/2021  9:27:55.18 ----------------------------------------------- 
CRI400W to BAC400A 0.17 
CRI400W to CRI400B 0.15 
CRI400W to CRI400C 0.17 
CRI400W to GUA400A 0.27 
CRI400W to GUA400B 0.25 
CRI400W to HON400A 0.28 
CRI400W to HON400B 0.25 
CRI400W to SAL400B 0.28 
CRI400W to SAL400D 0.27 
CRI400W to NIC400B 0.15 
CRI400W to NIC400C 0.17 
------------------------------ Wed 02/10/2021  9:32:55.20 ----------------------------------------------- 
CRI400W to BAC400A 0.16 
CRI400W to CRI400B 0.18 
CRI400W to CRI400C 0.18 
CRI400W to GUA400A 0.28 
CRI400W to GUA400B 0.31 
CRI400W to HON400A 0.19 
CRI400W to HON400B 0.24 
CRI400W to SAL400B 0.17 
CRI400W to SAL400D 0.15 
CRI400W to NIC400B 0.17 
CRI400W to NIC400C 0.19 
------------------------------ Wed 02/10/2021  9:37:55.21 ----------------------------------------------- 
CRI400W to BAC400A 0.14 
CRI400W to CRI400B 0.19 
CRI400W to CRI400C 0.17 
CRI400W to GUA400A 0.29 
CRI400W to GUA400B 0.27 
CRI400W to HON400A 0.25 
CRI400W to HON400B 0.31 
CRI400W to SAL400B 0.18 
CRI400W to SAL400D 0.17 
CRI400W to NIC400B 0.17 
CRI400W to NIC400C 0.15 
------------------------------ Wed 02/10/2021  9:42:55.22 ----------------------------------------------- 
CRI400W to BAC400A 0.16 
CRI400W to CRI400B 0.14 
CRI400W to CRI400C 0.16 
CRI400W to GUA400A 0.25 
CRI400W to GUA400B 0.25 
CRI400W to HON400A 0.25 
CRI400W to HON400B 0.26 
CRI400W to SAL400B 0.14 
CRI400W to SAL400D 0.25 
CRI400W to NIC400B 0.16 
CRI400W to NIC400C 0.16 
------------------------------ Wed 02/10/2021  9:47:55.25 ----------------------------------------------- 
CRI400W to BAC400A 0.14 
CRI400W to CRI400B 0.20 
CRI400W to CRI400C 0.20 
CRI400W to GUA400A 0.28 
CRI400W to GUA400B 0.25 
CRI400W to HON400A 0.27 
CRI400W to HON400B 0.27 
CRI400W to SAL400B 0.17 
CRI400W to SAL400D 0.16 
CRI400W to NIC400B 0.17 
CRI400W to NIC400C 0.15 
------------------------------ Wed 02/10/2021  9:52:55.24 ----------------------------------------------- 
CRI400W to BAC400A 0.14 
CRI400W to CRI400B 0.16 
CRI400W to CRI400C 0.16 
CRI400W to GUA400A 0.26 
CRI400W to GUA400B 0.29 
CRI400W to HON400A 0.19 
CRI400W to HON400B 0.32 
CRI400W to SAL400B 0.15 
CRI400W to SAL400D 0.25 
CRI400W to NIC400B 0.16 
CRI400W to NIC400C 0.20 
------------------------------ Wed 02/10/2021  9:57:55.25 ----------------------------------------------- 
CRI400W to BAC400A 0.14 
CRI400W to CRI400B 0.14 
CRI400W to CRI400C 0.15 
CRI400W to GUA400A 0.26 
CRI400W to GUA400B 0.25 
CRI400W to HON400A 0.18 
CRI400W to HON400B 0.26 
CRI400W to SAL400B 0.15 
CRI400W to SAL400D 0.26 
CRI400W to NIC400B 0.19 
CRI400W to NIC400C 0.17 
------------------------------ Wed 02/10/2021 10:02:55.26 ----------------------------------------------- 
CRI400W to BAC400A 0.15 
CRI400W to CRI400B 0.14 
CRI400W to CRI400C 0.14 
CRI400W to GUA400A 0.30 
CRI400W to GUA400B 0.27 
CRI400W to HON400A 0.19 
CRI400W to HON400B 0.19 
CRI400W to SAL400B 0.14 
CRI400W to SAL400D 0.15 
CRI400W to NIC400B 0.28 
CRI400W to NIC400C 0.16 
