Oct 19 11:55:53 flcormesbrkapp user:info IIB[18284878]: IBM Integration Bus v100016 (BRK001) [Thread 1] (Msg 1/1) BIP8873I: Starting the component verification for component 'BRK001'. 
Oct 19 11:55:55 flcormesbrkapp user:info IIB[8519938]: IBM Integration Bus v100016 (BRK001) [Thread 1] (Msg 1/1) BIP2001I: The IBM Integration Bus service has started at version 100016; process ID 18219466. 
Oct 19 11:55:55 flcormesbrkapp user:info IIB[18219466]: IBM Integration Bus v100016 (BRK001) [Thread 1] (Msg 1/1) BIP2866I: IBM Integration Bus administration security is active. 
Oct 19 11:56:04 flcormesbrkapp user:info IIB[18219466]: IBM Integration Bus v100016 (BRK001) [Thread 1] (Msg 1/1) BIP2777I: Authentication for the web administration is configured to use the local web user registry. 
Oct 19 11:56:05 flcormesbrkapp user:info IIB[18219466]: IBM Integration Bus v100016 (BRK001) [Thread 17478] (Msg 1/1) BIP9153I: The MQTT pub/sub broker has started successfully, configured to listen on port 11883. 
Oct 19 11:56:06 flcormesbrkapp user:info IIB[13042090]: IBM Integration Bus v100016 (BRK001.WS.SERVICES) [Thread 1] (Msg 1/1) BIP2208I: Integration server (64) started: process '13042090'; thread '1'; additional information: integrationNodeName 'BRK001' (operation mode 'enterprise'); integrationServerUUID '5b11bba7-3601-0000-0080-a9616b5f72ae'; integrationServerLabel 'WS.SERVICES'; queueManagerName 'FLCORMESBRKAPP'; trusted 'false'; userId 'brkadmin'; migrationNeeded 'false'; integrationNodeUUID 'c0bdd364-4b98-11e1-af01-000000000000'; filePath '/SWIBM/wmbroker/mqsi/iib-10.0.0.16/server'; workPath '/var/mqsi'; ICU Converter Path ''; ordinality '5'. 
Oct 19 11:56:06 flcormesbrkapp user:info IIB[21102884]: IBM Integration Bus v100016 (BRK001.WSG.SERVICES) [Thread 1] (Msg 1/1) BIP2208I: Integration server (64) started: process '21102884'; thread '1'; additional information: integrationNodeName 'BRK001' (operation mode 'enterprise'); integrationServerUUID '50bdbade-5001-0000-0080-b86f9822923f'; integrationServerLabel 'WSG.SERVICES'; queueManagerName 'FLCORMESBRKAPP'; trusted 'false'; userId 'brkadmin'; migrationNeeded 'false'; integrationNodeUUID 'c0bdd364-4b98-11e1-af01-000000000000'; filePath '/SWIBM/wmbroker/mqsi/iib-10.0.0.16/server'; workPath '/var/mqsi'; ICU Converter Path ''; ordinality '1'. 
Oct 19 11:56:06 flcormesbrkapp user:info IIB[14221686]: IBM Integration Bus v100016 (BRK001.BAC.ADAPTERS) [Thread 1] (Msg 1/1) BIP2208I: Integration server (64) started: process '14221686'; thread '1'; additional information: integrationNodeName 'BRK001' (operation mode 'enterprise'); integrationServerUUID 'b982b9a7-3601-0000-0080-a9616b5f72ae'; integrationServerLabel 'BAC.ADAPTERS'; queueManagerName 'FLCORMESBRKAPP'; trusted 'false'; userId 'brkadmin'; migrationNeeded 'false'; integrationNodeUUID 'c0bdd364-4b98-11e1-af01-000000000000'; filePath '/SWIBM/wmbroker/mqsi/iib-10.0.0.16/server'; workPath '/var/mqsi'; ICU Converter Path ''; ordinality '3'. 
Oct 19 11:56:06 flcormesbrkapp user:info IIB[8389318]: IBM Integration Bus v100016 (BRK001.BM.SERVICES) [Thread 1] (Msg 1/1) BIP2208I: Integration server (64) started: process '8389318'; thread '1'; additional information: integrationNodeName 'BRK001' (operation mode 'enterprise'); integrationServerUUID '6bbeb2fd-5701-0000-0080-afa48ed6124f'; integrationServerLabel 'BM.SERVICES'; queueManagerName 'FLCORMESBRKAPP'; trusted 'false'; userId 'brkadmin'; migrationNeeded 'false'; integrationNodeUUID 'c0bdd364-4b98-11e1-af01-000000000000'; filePath '/SWIBM/wmbroker/mqsi/iib-10.0.0.16/server'; workPath '/var/mqsi'; ICU Converter Path ''; ordinality '6'. 
Oct 19 11:56:06 flcormesbrkapp user:info IIB[13435466]: IBM Integration Bus v100016 (BRK001.EXTERNAL.SERVICES) [Thread 1] (Msg 1/1) BIP2208I: Integration server (64) started: process '13435466'; thread '1'; additional information: integrationNodeName 'BRK001' (operation mode 'enterprise'); integrationServerUUID '723ebaa7-3601-0000-0080-a9616b5f72ae'; integrationServerLabel 'EXTERNAL.SERVICES'; queueManagerName 'FLCORMESBRKAPP'; trusted 'false'; userId 'brkadmin'; migrationNeeded 'false'; integrationNodeUUID 'c0bdd364-4b98-11e1-af01-000000000000'; filePath '/SWIBM/wmbroker/mqsi/iib-10.0.0.16/server'; workPath '/var/mqsi'; ICU Converter Path ''; ordinality '7'. 
Oct 19 11:56:06 flcormesbrkapp user:info IIB[11403602]: IBM Integration Bus v100016 (BRK001.BOGOTA.SERVICES) [Thread 1] (Msg 1/1) BIP2208I: Integration server (64) started: process '11403602'; thread '1'; additional information: integrationNodeName 'BRK001' (operation mode 'enterprise'); integrationServerUUID 'd0a46658-3f01-0000-0080-a899ec8b387f'; integrationServerLabel 'BOGOTA.SERVICES'; queueManagerName 'FLCORMESBRKAPP'; trusted 'false'; userId 'brkadmin'; migrationNeeded 'false'; integrationNodeUUID 'c0bdd364-4b98-11e1-af01-000000000000'; filePath '/SWIBM/wmbroker/mqsi/iib-10.0.0.16/server'; workPath '/var/mqsi'; ICU Converter Path ''; ordinality '2'. 
Oct 19 11:56:06 flcormesbrkapp user:info IIB[18284934]: IBM Integration Bus v100016 (BRK001.COR.WTX.SERVICES) [Thread 1] (Msg 1/1) BIP2208I: Integration server (64) started: process '18284934'; thread '1'; additional information: integrationNodeName 'BRK001' (operation mode 'enterprise'); integrationServerUUID '7c0edee5-5501-0000-0080-cce5142b8008'; integrationServerLabel 'COR.WTX.SERVICES'; queueManagerName 'FLCORMESBRKAPP'; trusted 'false'; userId 'brkadmin'; migrationNeeded 'false'; integrationNodeUUID 'c0bdd364-4b98-11e1-af01-000000000000'; filePath '/SWIBM/wmbroker/mqsi/iib-10.0.0.16/server'; workPath '/var/mqsi'; ICU Converter Path ''; ordinality '8'. 
Oct 19 11:56:06 flcormesbrkapp user:info IIB[10158496]: IBM Integration Bus v100016 (BRK001.COM.SERVICES) [Thread 1] (Msg 1/1) BIP2208I: Integration server (64) started: process '10158496'; thread '1'; additional information: integrationNodeName 'BRK001' (operation mode 'enterprise'); integrationServerUUID '50c0baa7-3601-0000-0080-a9616b5f72ae'; integrationServerLabel 'COM.SERVICES'; queueManagerName 'FLCORMESBRKAPP'; trusted 'false'; userId 'brkadmin'; migrationNeeded 'false'; integrationNodeUUID 'c0bdd364-4b98-11e1-af01-000000000000'; filePath '/SWIBM/wmbroker/mqsi/iib-10.0.0.16/server'; workPath '/var/mqsi'; ICU Converter Path ''; ordinality '4'. 
Oct 19 11:56:06 flcormesbrkapp user:info IIB[19136942]: IBM Integration Bus v100016 (BRK001.SAP.SERVICES) [Thread 1] (Msg 1/1) BIP2208I: Integration server (64) started: process '19136942'; thread '1'; additional information: integrationNodeName 'BRK001' (operation mode 'enterprise'); integrationServerUUID '882e4acd-3e01-0000-0080-feff5d61780f'; integrationServerLabel 'SAP.SERVICES'; queueManagerName 'FLCORMESBRKAPP'; trusted 'false'; userId 'brkadmin'; migrationNeeded 'false'; integrationNodeUUID 'c0bdd364-4b98-11e1-af01-000000000000'; filePath '/SWIBM/wmbroker/mqsi/iib-10.0.0.16/server'; workPath '/var/mqsi'; ICU Converter Path ''; ordinality '9'. 
Oct 19 11:56:06 flcormesbrkapp user:info IIB[4522244]: IBM Integration Bus v100016 (BRK001.BCO.SERVICES) [Thread 1] (Msg 1/1) BIP2208I: Integration server (64) started: process '4522244'; thread '1'; additional information: integrationNodeName 'BRK001' (operation mode 'enterprise'); integrationServerUUID 'df84baa7-3601-0000-0080-a9616b5f72ae'; integrationServerLabel 'BCO.SERVICES'; queueManagerName 'FLCORMESBRKAPP'; trusted 'false'; userId 'brkadmin'; migrationNeeded 'false'; integrationNodeUUID 'c0bdd364-4b98-11e1-af01-000000000000'; filePath '/SWIBM/wmbroker/mqsi/iib-10.0.0.16/server'; workPath '/var/mqsi'; ICU Converter Path ''; ordinality '10'. 
Oct 19 11:56:06 flcormesbrkapp user:info IIB[21365092]: IBM Integration Bus v100016 (BRK001.CYS_CORE) [Thread 1] (Msg 1/1) BIP2208I: Integration server (64) started: process '21365092'; thread '1'; additional information: integrationNodeName 'BRK001' (operation mode 'enterprise'); integrationServerUUID 'f1ccec30-3501-0000-0080-ee63635f2e34'; integrationServerLabel 'CYS_CORE'; queueManagerName 'FLCORMESBRKAPP'; trusted 'false'; userId 'brkadmin'; migrationNeeded 'false'; integrationNodeUUID 'c0bdd364-4b98-11e1-af01-000000000000'; filePath '/SWIBM/wmbroker/mqsi/iib-10.0.0.16/server'; workPath '/var/mqsi'; ICU Converter Path ''; ordinality '11'. 
Oct 19 11:56:06 flcormesbrkapp user:info IIB[15270382]: IBM Integration Bus v100016 (BRK001.WS.SERVICESX) [Thread 1] (Msg 1/1) BIP2208I: Integration server (64) started: process '15270382'; thread '1'; additional information: integrationNodeName 'BRK001' (operation mode 'enterprise'); integrationServerUUID 'fbf6b9a7-3601-0000-0080-a9616b5f72ae'; integrationServerLabel 'WS.SERVICESX'; queueManagerName 'FLCORMESBRKAPP'; trusted 'false'; userId 'brkadmin'; migrationNeeded 'false'; integrationNodeUUID 'c0bdd364-4b98-11e1-af01-000000000000'; filePath '/SWIBM/wmbroker/mqsi/iib-10.0.0.16/server'; workPath '/var/mqsi'; ICU Converter Path ''; ordinality '12'. 
Oct 19 11:56:15 flcormesbrkapp user:info IIB[18219466]: IBM Integration Bus v100016 (BRK001) [Thread 22625] (Msg 1/1) BIP3132I: The HTTP Listener has started listening on port '4414' for 'WebAdmin http' connections. 
Oct 19 11:56:21 flcormesbrkapp user:err|error IIB[8389318]: IBM Integration Bus v100016 (BRK001.BM.SERVICES) [Thread 1] (Msg 1/1) BIP2308E: File '/opt/IBM/ITM/aix533/k3/config/wmb70/lib64/kk3userexit64_wmb70.lel' could not be loaded; operating system return code '	0509-022 Cannot load module /opt/IBM/ITM/aix533/k3/config/wmb70/lib64/kk3userexit64_wmb70.lel. 	0509-150   Dependent module libimbdfplg64.a(libimbdfplg64.a.so) could not be loaded. 	0509-022 Cannot load module libimbdfplg64.a(libimbdfplg64.a.so). 	0509-026 System error: A file or directory in the path name does not exist. 	0509-022 Cannot load module /opt/IBM/ITM/aix533/k3/config/wmb70/lib64/kk3userexit64_wmb70.lel. 	0509-150   Dependent module /opt/IBM/ITM/aix533/k3/config/wmb70/lib64/kk3userexit64_wmb70.lel could not be loaded.'. 
Oct 19 11:56:21 flcormesbrkapp user:err|error IIB[14221686]: IBM Integration Bus v100016 (BRK001.BAC.ADAPTERS) [Thread 1] (Msg 1/1) BIP2308E: File '/opt/IBM/ITM/aix533/k3/config/wmb70/lib64/kk3userexit64_wmb70.lel' could not be loaded; operating system return code '	0509-022 Cannot load module /opt/IBM/ITM/aix533/k3/config/wmb70/lib64/kk3userexit64_wmb70.lel. 	0509-150   Dependent module libimbdfplg64.a(libimbdfplg64.a.so) could not be loaded. 	0509-022 Cannot load module libimbdfplg64.a(libimbdfplg64.a.so). 	0509-026 System error: A file or directory in the path name does not exist. 	0509-022 Cannot load module /opt/IBM/ITM/aix533/k3/config/wmb70/lib64/kk3userexit64_wmb70.lel. 	0509-150   Dependent module /opt/IBM/ITM/aix533/k3/config/wmb70/lib64/kk3userexit64_wmb70.lel could not be loaded.'. 
Oct 19 11:56:21 flcormesbrkapp user:err|error IIB[21102884]: IBM Integration Bus v100016 (BRK001.WSG.SERVICES) [Thread 1] (Msg 1/1) BIP2308E: File '/opt/IBM/ITM/aix533/k3/config/wmb70/lib64/kk3userexit64_wmb70.lel' could not be loaded; operating system return code '	0509-022 Cannot load module /opt/IBM/ITM/aix533/k3/config/wmb70/lib64/kk3userexit64_wmb70.lel. 	0509-150   Dependent module libimbdfplg64.a(libimbdfplg64.a.so) could not be loaded. 	0509-022 Cannot load module libimbdfplg64.a(libimbdfplg64.a.so). 	0509-026 System error: A file or directory in the path name does not exist. 	0509-022 Cannot load module /opt/IBM/ITM/aix533/k3/config/wmb70/lib64/kk3userexit64_wmb70.lel. 	0509-150   Dependent module /opt/IBM/ITM/aix533/k3/config/wmb70/lib64/kk3userexit64_wmb70.lel could not be loaded.'. 
Oct 19 11:56:21 flcormesbrkapp user:err|error IIB[21365092]: IBM Integration Bus v100016 (BRK001.CYS_CORE) [Thread 1] (Msg 1/1) BIP2308E: File '/opt/IBM/ITM/aix533/k3/config/wmb70/lib64/kk3userexit64_wmb70.lel' could not be loaded; operating system return code '	0509-022 Cannot load module /opt/IBM/ITM/aix533/k3/config/wmb70/lib64/kk3userexit64_wmb70.lel. 	0509-150   Dependent module libimbdfplg64.a(libimbdfplg64.a.so) could not be loaded. 	0509-022 Cannot load module libimbdfplg64.a(libimbdfplg64.a.so). 	0509-026 System error: A file or directory in the path name does not exist. 	0509-022 Cannot load module /opt/IBM/ITM/aix533/k3/config/wmb70/lib64/kk3userexit64_wmb70.lel. 	0509-150   Dependent module /opt/IBM/ITM/aix533/k3/config/wmb70/lib64/kk3userexit64_wmb70.lel could not be loaded.'. 
Oct 19 11:56:21 flcormesbrkapp user:info IIB[8389318]: IBM Integration Bus v100016 (BRK001.BM.SERVICES) [Thread 1] (Msg 1/1) BIP0000I: [MB] BRK001: Attaching Dynatrace agent
Oct 19 11:56:21 flcormesbrkapp user:err|error IIB[13042090]: IBM Integration Bus v100016 (BRK001.WS.SERVICES) [Thread 1] (Msg 1/1) BIP2308E: File '/opt/IBM/ITM/aix533/k3/config/wmb70/lib64/kk3userexit64_wmb70.lel' could not be loaded; operating system return code '	0509-022 Cannot load module /opt/IBM/ITM/aix533/k3/config/wmb70/lib64/kk3userexit64_wmb70.lel. 	0509-150   Dependent module libimbdfplg64.a(libimbdfplg64.a.so) could not be loaded. 	0509-022 Cannot load module libimbdfplg64.a(libimbdfplg64.a.so). 	0509-026 System error: A file or directory in the path name does not exist. 	0509-022 Cannot load module /opt/IBM/ITM/aix533/k3/config/wmb70/lib64/kk3userexit64_wmb70.lel. 	0509-150   Dependent module /opt/IBM/ITM/aix533/k3/config/wmb70/lib64/kk3userexit64_wmb70.lel could not be loaded.'. 
Oct 19 11:56:21 flcormesbrkapp user:err|error IIB[10158496]: IBM Integration Bus v100016 (BRK001.COM.SERVICES) [Thread 1] (Msg 1/1) BIP2308E: File '/opt/IBM/ITM/aix533/k3/config/wmb70/lib64/kk3userexit64_wmb70.lel' could not be loaded; operating system return code '	0509-022 Cannot load module /opt/IBM/ITM/aix533/k3/config/wmb70/lib64/kk3userexit64_wmb70.lel. 	0509-150   Dependent module libimbdfplg64.a(libimbdfplg64.a.so) could not be loaded. 	0509-022 Cannot load module libimbdfplg64.a(libimbdfplg64.a.so). 	0509-026 System error: A file or directory in the path name does not exist. 	0509-022 Cannot load module /opt/IBM/ITM/aix533/k3/config/wmb70/lib64/kk3userexit64_wmb70.lel. 	0509-150   Dependent module /opt/IBM/ITM/aix533/k3/config/wmb70/lib64/kk3userexit64_wmb70.lel could not be loaded.'. 
Oct 19 11:56:21 flcormesbrkapp user:err|error IIB[18284934]: IBM Integration Bus v100016 (BRK001.COR.WTX.SERVICES) [Thread 1] (Msg 1/1) BIP2308E: File '/opt/IBM/ITM/aix533/k3/config/wmb70/lib64/kk3userexit64_wmb70.lel' could not be loaded; operating system return code '	0509-022 Cannot load module /opt/IBM/ITM/aix533/k3/config/wmb70/lib64/kk3userexit64_wmb70.lel. 	0509-150   Dependent module libimbdfplg64.a(libimbdfplg64.a.so) could not be loaded. 	0509-022 Cannot load module libimbdfplg64.a(libimbdfplg64.a.so). 	0509-026 System error: A file or directory in the path name does not exist. 	0509-022 Cannot load module /opt/IBM/ITM/aix533/k3/config/wmb70/lib64/kk3userexit64_wmb70.lel. 	0509-150   Dependent module /opt/IBM/ITM/aix533/k3/config/wmb70/lib64/kk3userexit64_wmb70.lel could not be loaded.'. 
Oct 19 11:56:21 flcormesbrkapp user:info IIB[14221686]: IBM Integration Bus v100016 (BRK001.BAC.ADAPTERS) [Thread 1] (Msg 1/1) BIP0000I: [MB] BRK001: Attaching Dynatrace agent
Oct 19 11:56:21 flcormesbrkapp user:err|error IIB[19136942]: IBM Integration Bus v100016 (BRK001.SAP.SERVICES) [Thread 1] (Msg 1/1) BIP2308E: File '/opt/IBM/ITM/aix533/k3/config/wmb70/lib64/kk3userexit64_wmb70.lel' could not be loaded; operating system return code '	0509-022 Cannot load module /opt/IBM/ITM/aix533/k3/config/wmb70/lib64/kk3userexit64_wmb70.lel. 	0509-150   Dependent module libimbdfplg64.a(libimbdfplg64.a.so) could not be loaded. 	0509-022 Cannot load module libimbdfplg64.a(libimbdfplg64.a.so). 	0509-026 System error: A file or directory in the path name does not exist. 	0509-022 Cannot load module /opt/IBM/ITM/aix533/k3/config/wmb70/lib64/kk3userexit64_wmb70.lel. 	0509-150   Dependent module /opt/IBM/ITM/aix533/k3/config/wmb70/lib64/kk3userexit64_wmb70.lel could not be loaded.'. 
Oct 19 11:56:21 flcormesbrkapp user:info IIB[21102884]: IBM Integration Bus v100016 (BRK001.WSG.SERVICES) [Thread 1] (Msg 1/1) BIP0000I: [MB] BRK001: Attaching Dynatrace agent
Oct 19 11:56:21 flcormesbrkapp user:info IIB[21365092]: IBM Integration Bus v100016 (BRK001.CYS_CORE) [Thread 1] (Msg 1/1) BIP0000I: [MB] BRK001: Attaching Dynatrace agent
Oct 19 11:56:21 flcormesbrkapp user:info IIB[13042090]: IBM Integration Bus v100016 (BRK001.WS.SERVICES) [Thread 1] (Msg 1/1) BIP0000I: [MB] BRK001: Attaching Dynatrace agent
Oct 19 11:56:21 flcormesbrkapp user:info IIB[10158496]: IBM Integration Bus v100016 (BRK001.COM.SERVICES) [Thread 1] (Msg 1/1) BIP0000I: [MB] BRK001: Attaching Dynatrace agent
Oct 19 11:56:21 flcormesbrkapp user:info IIB[18284934]: IBM Integration Bus v100016 (BRK001.COR.WTX.SERVICES) [Thread 1] (Msg 1/1) BIP0000I: [MB] BRK001: Attaching Dynatrace agent
Oct 19 11:56:21 flcormesbrkapp user:err|error IIB[15270382]: IBM Integration Bus v100016 (BRK001.WS.SERVICESX) [Thread 1] (Msg 1/1) BIP2308E: File '/opt/IBM/ITM/aix533/k3/config/wmb70/lib64/kk3userexit64_wmb70.lel' could not be loaded; operating system return code '	0509-022 Cannot load module /opt/IBM/ITM/aix533/k3/config/wmb70/lib64/kk3userexit64_wmb70.lel. 	0509-150   Dependent module libimbdfplg64.a(libimbdfplg64.a.so) could not be loaded. 	0509-022 Cannot load module libimbdfplg64.a(libimbdfplg64.a.so). 	0509-026 System error: A file or directory in the path name does not exist. 	0509-022 Cannot load module /opt/IBM/ITM/aix533/k3/config/wmb70/lib64/kk3userexit64_wmb70.lel. 	0509-150   Dependent module /opt/IBM/ITM/aix533/k3/config/wmb70/lib64/kk3userexit64_wmb70.lel could not be loaded.'. 
Oct 19 11:56:21 flcormesbrkapp user:info IIB[19136942]: IBM Integration Bus v100016 (BRK001.SAP.SERVICES) [Thread 1] (Msg 1/1) BIP0000I: [MB] BRK001: Attaching Dynatrace agent
Oct 19 11:56:21 flcormesbrkapp user:err|error IIB[11403602]: IBM Integration Bus v100016 (BRK001.BOGOTA.SERVICES) [Thread 1] (Msg 1/1) BIP2308E: File '/opt/IBM/ITM/aix533/k3/config/wmb70/lib64/kk3userexit64_wmb70.lel' could not be loaded; operating system return code '	0509-022 Cannot load module /opt/IBM/ITM/aix533/k3/config/wmb70/lib64/kk3userexit64_wmb70.lel. 	0509-150   Dependent module libimbdfplg64.a(libimbdfplg64.a.so) could not be loaded. 	0509-022 Cannot load module libimbdfplg64.a(libimbdfplg64.a.so). 	0509-026 System error: A file or directory in the path name does not exist. 	0509-022 Cannot load module /opt/IBM/ITM/aix533/k3/config/wmb70/lib64/kk3userexit64_wmb70.lel. 	0509-150   Dependent module /opt/IBM/ITM/aix533/k3/config/wmb70/lib64/kk3userexit64_wmb70.lel could not be loaded.'. 
Oct 19 11:56:21 flcormesbrkapp user:err|error IIB[13435466]: IBM Integration Bus v100016 (BRK001.EXTERNAL.SERVICES) [Thread 1] (Msg 1/1) BIP2308E: File '/opt/IBM/ITM/aix533/k3/config/wmb70/lib64/kk3userexit64_wmb70.lel' could not be loaded; operating system return code '	0509-022 Cannot load module /opt/IBM/ITM/aix533/k3/config/wmb70/lib64/kk3userexit64_wmb70.lel. 	0509-150   Dependent module libimbdfplg64.a(libimbdfplg64.a.so) could not be loaded. 	0509-022 Cannot load module libimbdfplg64.a(libimbdfplg64.a.so). 	0509-026 System error: A file or directory in the path name does not exist. 	0509-022 Cannot load module /opt/IBM/ITM/aix533/k3/config/wmb70/lib64/kk3userexit64_wmb70.lel. 	0509-150   Dependent module /opt/IBM/ITM/aix533/k3/config/wmb70/lib64/kk3userexit64_wmb70.lel could not be loaded.'. 
Oct 19 11:56:22 flcormesbrkapp user:info IIB[15270382]: IBM Integration Bus v100016 (BRK001.WS.SERVICESX) [Thread 1] (Msg 1/1) BIP0000I: [MB] BRK001: Attaching Dynatrace agent
Oct 19 11:56:22 flcormesbrkapp user:info IIB[8389318]: IBM Integration Bus v100016 (BRK001.BM.SERVICES) [Thread 1] (Msg 1/1) BIP0000I: [MB] BRK001: Dynatrace agent instance created
Oct 19 11:56:22 flcormesbrkapp user:info IIB[8389318]: IBM Integration Bus v100016 (BRK001.BM.SERVICES) [Thread 1] (Msg 1/1) BIP0000I: [MB] BRK001: Configuring Dynatrace agent
Oct 19 11:56:22 flcormesbrkapp user:info IIB[13435466]: IBM Integration Bus v100016 (BRK001.EXTERNAL.SERVICES) [Thread 1] (Msg 1/1) BIP0000I: [MB] BRK001: Attaching Dynatrace agent
Oct 19 11:56:22 flcormesbrkapp user:info IIB[21365092]: IBM Integration Bus v100016 (BRK001.CYS_CORE) [Thread 1] (Msg 1/1) BIP0000I: [MB] BRK001: Dynatrace agent instance created
Oct 19 11:56:22 flcormesbrkapp user:info IIB[21365092]: IBM Integration Bus v100016 (BRK001.CYS_CORE) [Thread 1] (Msg 1/1) BIP0000I: [MB] BRK001: Configuring Dynatrace agent
Oct 19 11:56:22 flcormesbrkapp user:info IIB[21102884]: IBM Integration Bus v100016 (BRK001.WSG.SERVICES) [Thread 1] (Msg 1/1) BIP0000I: [MB] BRK001: Dynatrace agent instance created
Oct 19 11:56:22 flcormesbrkapp user:info IIB[21102884]: IBM Integration Bus v100016 (BRK001.WSG.SERVICES) [Thread 1] (Msg 1/1) BIP0000I: [MB] BRK001: Configuring Dynatrace agent
Oct 19 11:56:22 flcormesbrkapp user:info IIB[11403602]: IBM Integration Bus v100016 (BRK001.BOGOTA.SERVICES) [Thread 1] (Msg 1/1) BIP0000I: [MB] BRK001: Attaching Dynatrace agent
Oct 19 11:56:22 flcormesbrkapp user:info IIB[14221686]: IBM Integration Bus v100016 (BRK001.BAC.ADAPTERS) [Thread 1] (Msg 1/1) BIP0000I: [MB] BRK001: Dynatrace agent instance created
Oct 19 11:56:22 flcormesbrkapp user:info IIB[14221686]: IBM Integration Bus v100016 (BRK001.BAC.ADAPTERS) [Thread 1] (Msg 1/1) BIP0000I: [MB] BRK001: Configuring Dynatrace agent
Oct 19 11:56:22 flcormesbrkapp user:info IIB[8389318]: IBM Integration Bus v100016 (BRK001.BM.SERVICES) [Thread 1] (Msg 1/1) BIP0000I: [MB] BRK001: Dynatrace agent configuration now available
Oct 19 11:56:22 flcormesbrkapp user:info IIB[21365092]: IBM Integration Bus v100016 (BRK001.CYS_CORE) [Thread 1] (Msg 1/1) BIP0000I: [MB] BRK001: Dynatrace agent configuration now available
Oct 19 11:56:22 flcormesbrkapp user:info IIB[8389318]: IBM Integration Bus v100016 (BRK001.BM.SERVICES) [Thread 1] (Msg 1/1) BIP0000I: [MB] BRK001: Dynatrace agent debug options now accessible
Oct 19 11:56:22 flcormesbrkapp user:info IIB[13042090]: IBM Integration Bus v100016 (BRK001.WS.SERVICES) [Thread 1] (Msg 1/1) BIP0000I: [MB] BRK001: Dynatrace agent instance created
Oct 19 11:56:22 flcormesbrkapp user:info IIB[13042090]: IBM Integration Bus v100016 (BRK001.WS.SERVICES) [Thread 1] (Msg 1/1) BIP0000I: [MB] BRK001: Configuring Dynatrace agent
Oct 19 11:56:22 flcormesbrkapp user:info IIB[21365092]: IBM Integration Bus v100016 (BRK001.CYS_CORE) [Thread 1] (Msg 1/1) BIP0000I: [MB] BRK001: Dynatrace agent debug options now accessible
Oct 19 11:56:22 flcormesbrkapp user:info IIB[21102884]: IBM Integration Bus v100016 (BRK001.WSG.SERVICES) [Thread 1] (Msg 1/1) BIP0000I: [MB] BRK001: Dynatrace agent configuration now available
Oct 19 11:56:22 flcormesbrkapp user:info IIB[21102884]: IBM Integration Bus v100016 (BRK001.WSG.SERVICES) [Thread 1] (Msg 1/1) BIP0000I: [MB] BRK001: Dynatrace agent debug options now accessible
Oct 19 11:56:22 flcormesbrkapp user:info IIB[14221686]: IBM Integration Bus v100016 (BRK001.BAC.ADAPTERS) [Thread 1] (Msg 1/1) BIP0000I: [MB] BRK001: Dynatrace agent configuration now available
Oct 19 11:56:22 flcormesbrkapp user:info IIB[14221686]: IBM Integration Bus v100016 (BRK001.BAC.ADAPTERS) [Thread 1] (Msg 1/1) BIP0000I: [MB] BRK001: Dynatrace agent debug options now accessible
Oct 19 11:56:22 flcormesbrkapp user:info IIB[13042090]: IBM Integration Bus v100016 (BRK001.WS.SERVICES) [Thread 1] (Msg 1/1) BIP0000I: [MB] BRK001: Dynatrace agent configuration now available
Oct 19 11:56:22 flcormesbrkapp user:info IIB[13042090]: IBM Integration Bus v100016 (BRK001.WS.SERVICES) [Thread 1] (Msg 1/1) BIP0000I: [MB] BRK001: Dynatrace agent debug options now accessible
Oct 19 11:56:22 flcormesbrkapp user:info IIB[10158496]: IBM Integration Bus v100016 (BRK001.COM.SERVICES) [Thread 1] (Msg 1/1) BIP0000I: [MB] BRK001: Dynatrace agent instance created
Oct 19 11:56:22 flcormesbrkapp user:info IIB[10158496]: IBM Integration Bus v100016 (BRK001.COM.SERVICES) [Thread 1] (Msg 1/1) BIP0000I: [MB] BRK001: Configuring Dynatrace agent
Oct 19 11:56:22 flcormesbrkapp user:info IIB[18284934]: IBM Integration Bus v100016 (BRK001.COR.WTX.SERVICES) [Thread 1] (Msg 1/1) BIP0000I: [MB] BRK001: Dynatrace agent instance created
Oct 19 11:56:22 flcormesbrkapp user:info IIB[18284934]: IBM Integration Bus v100016 (BRK001.COR.WTX.SERVICES) [Thread 1] (Msg 1/1) BIP0000I: [MB] BRK001: Configuring Dynatrace agent
Oct 19 11:56:22 flcormesbrkapp user:info IIB[19136942]: IBM Integration Bus v100016 (BRK001.SAP.SERVICES) [Thread 1] (Msg 1/1) BIP0000I: [MB] BRK001: Dynatrace agent instance created
Oct 19 11:56:22 flcormesbrkapp user:info IIB[19136942]: IBM Integration Bus v100016 (BRK001.SAP.SERVICES) [Thread 1] (Msg 1/1) BIP0000I: [MB] BRK001: Configuring Dynatrace agent
Oct 19 11:56:22 flcormesbrkapp user:info IIB[10158496]: IBM Integration Bus v100016 (BRK001.COM.SERVICES) [Thread 1] (Msg 1/1) BIP0000I: [MB] BRK001: Dynatrace agent configuration now available
Oct 19 11:56:22 flcormesbrkapp user:info IIB[18284934]: IBM Integration Bus v100016 (BRK001.COR.WTX.SERVICES) [Thread 1] (Msg 1/1) BIP0000I: [MB] BRK001: Dynatrace agent configuration now available
Oct 19 11:56:22 flcormesbrkapp user:info IIB[10158496]: IBM Integration Bus v100016 (BRK001.COM.SERVICES) [Thread 1] (Msg 1/1) BIP0000I: [MB] BRK001: Dynatrace agent debug options now accessible
Oct 19 11:56:22 flcormesbrkapp user:info IIB[18284934]: IBM Integration Bus v100016 (BRK001.COR.WTX.SERVICES) [Thread 1] (Msg 1/1) BIP0000I: [MB] BRK001: Dynatrace agent debug options now accessible
Oct 19 11:56:22 flcormesbrkapp user:info IIB[19136942]: IBM Integration Bus v100016 (BRK001.SAP.SERVICES) [Thread 1] (Msg 1/1) BIP0000I: [MB] BRK001: Dynatrace agent configuration now available
Oct 19 11:56:22 flcormesbrkapp user:info IIB[19136942]: IBM Integration Bus v100016 (BRK001.SAP.SERVICES) [Thread 1] (Msg 1/1) BIP0000I: [MB] BRK001: Dynatrace agent debug options now accessible
Oct 19 11:56:22 flcormesbrkapp user:info IIB[13435466]: IBM Integration Bus v100016 (BRK001.EXTERNAL.SERVICES) [Thread 1] (Msg 1/1) BIP0000I: [MB] BRK001: Dynatrace agent instance created
Oct 19 11:56:22 flcormesbrkapp user:info IIB[13435466]: IBM Integration Bus v100016 (BRK001.EXTERNAL.SERVICES) [Thread 1] (Msg 1/1) BIP0000I: [MB] BRK001: Configuring Dynatrace agent
Oct 19 11:56:22 flcormesbrkapp user:info IIB[15270382]: IBM Integration Bus v100016 (BRK001.WS.SERVICESX) [Thread 1] (Msg 1/1) BIP0000I: [MB] BRK001: Dynatrace agent instance created
Oct 19 11:56:22 flcormesbrkapp user:info IIB[15270382]: IBM Integration Bus v100016 (BRK001.WS.SERVICESX) [Thread 1] (Msg 1/1) BIP0000I: [MB] BRK001: Configuring Dynatrace agent
Oct 19 11:56:22 flcormesbrkapp user:info IIB[13435466]: IBM Integration Bus v100016 (BRK001.EXTERNAL.SERVICES) [Thread 1] (Msg 1/1) BIP0000I: [MB] BRK001: Dynatrace agent configuration now available
Oct 19 11:56:22 flcormesbrkapp user:info IIB[15270382]: IBM Integration Bus v100016 (BRK001.WS.SERVICESX) [Thread 1] (Msg 1/1) BIP0000I: [MB] BRK001: Dynatrace agent configuration now available
Oct 19 11:56:22 flcormesbrkapp user:info IIB[13435466]: IBM Integration Bus v100016 (BRK001.EXTERNAL.SERVICES) [Thread 1] (Msg 1/1) BIP0000I: [MB] BRK001: Dynatrace agent debug options now accessible
Oct 19 11:56:22 flcormesbrkapp user:info IIB[15270382]: IBM Integration Bus v100016 (BRK001.WS.SERVICESX) [Thread 1] (Msg 1/1) BIP0000I: [MB] BRK001: Dynatrace agent debug options now accessible
Oct 19 11:56:22 flcormesbrkapp user:info IIB[11403602]: IBM Integration Bus v100016 (BRK001.BOGOTA.SERVICES) [Thread 1] (Msg 1/1) BIP0000I: [MB] BRK001: Dynatrace agent instance created
Oct 19 11:56:22 flcormesbrkapp user:info IIB[11403602]: IBM Integration Bus v100016 (BRK001.BOGOTA.SERVICES) [Thread 1] (Msg 1/1) BIP0000I: [MB] BRK001: Configuring Dynatrace agent
Oct 19 11:56:22 flcormesbrkapp user:info IIB[8389318]: IBM Integration Bus v100016 (BRK001.BM.SERVICES) [Thread 1] (Msg 1/1) BIP0000I: [MB] BRK001: Starting HTTP timeout task sender
Oct 19 11:56:22 flcormesbrkapp user:info IIB[8389318]: IBM Integration Bus v100016 (BRK001.BM.SERVICES) [Thread 1] (Msg 1/1) BIP0000I: [MB] BRK001: Dynatrace agent MessageBroker[BRK001-BM.SERVICES] successfully configured
Oct 19 11:56:22 flcormesbrkapp user:info IIB[8389318]: IBM Integration Bus v100016 (BRK001.BM.SERVICES) [Thread 1] (Msg 1/1) BIP0000I: [MB] BRK001: Active user exit for linked broker 'BRK001': dtwsmbagent
Oct 19 11:56:22 flcormesbrkapp user:info IIB[8389318]: IBM Integration Bus v100016 (BRK001.BM.SERVICES) [Thread 1] (Msg 1/1) BIP0000I: [MB] BRK001: User exit 'dtwsmbagent' for Dynatrace agent is enabled
Oct 19 11:56:22 flcormesbrkapp user:info IIB[8389318]: IBM Integration Bus v100016 (BRK001.BM.SERVICES) [Thread 1] (Msg 1/1) BIP0000I: [MB] BRK001: Registering Dynatrace agent callbacks for user exit 'dtwsmbagent'
Oct 19 11:56:22 flcormesbrkapp user:info IIB[8389318]: IBM Integration Bus v100016 (BRK001.BM.SERVICES) [Thread 1] (Msg 1/1) BIP0000I: [MB] BRK001: Dynatrace agent MessageBroker[BRK001-BM.SERVICES] successfully attached
Oct 19 11:56:22 flcormesbrkapp user:info IIB[8389318]: IBM Integration Bus v100016 (BRK001.BM.SERVICES) [Thread 1] (Msg 1/1) BIP0000I: [MB] BRK001: Initializing Dynatrace agent MessageBroker[BRK001-BM.SERVICES]
Oct 19 11:56:22 flcormesbrkapp user:info IIB[21365092]: IBM Integration Bus v100016 (BRK001.CYS_CORE) [Thread 1] (Msg 1/1) BIP0000I: [MB] BRK001: Starting HTTP timeout task sender
Oct 19 11:56:22 flcormesbrkapp user:info IIB[21365092]: IBM Integration Bus v100016 (BRK001.CYS_CORE) [Thread 1] (Msg 1/1) BIP0000I: [MB] BRK001: Dynatrace agent MessageBroker[BRK001-CYS_CORE] successfully configured
Oct 19 11:56:22 flcormesbrkapp user:info IIB[21365092]: IBM Integration Bus v100016 (BRK001.CYS_CORE) [Thread 1] (Msg 1/1) BIP0000I: [MB] BRK001: Active user exit for linked broker 'BRK001': dtwsmbagent
Oct 19 11:56:22 flcormesbrkapp user:info IIB[21365092]: IBM Integration Bus v100016 (BRK001.CYS_CORE) [Thread 1] (Msg 1/1) BIP0000I: [MB] BRK001: User exit 'dtwsmbagent' for Dynatrace agent is enabled
Oct 19 11:56:22 flcormesbrkapp user:info IIB[21365092]: IBM Integration Bus v100016 (BRK001.CYS_CORE) [Thread 1] (Msg 1/1) BIP0000I: [MB] BRK001: Registering Dynatrace agent callbacks for user exit 'dtwsmbagent'
Oct 19 11:56:22 flcormesbrkapp user:info IIB[21365092]: IBM Integration Bus v100016 (BRK001.CYS_CORE) [Thread 1] (Msg 1/1) BIP0000I: [MB] BRK001: Dynatrace agent MessageBroker[BRK001-CYS_CORE] successfully attached
Oct 19 11:56:22 flcormesbrkapp user:info IIB[21365092]: IBM Integration Bus v100016 (BRK001.CYS_CORE) [Thread 1] (Msg 1/1) BIP0000I: [MB] BRK001: Initializing Dynatrace agent MessageBroker[BRK001-CYS_CORE]
Oct 19 11:56:22 flcormesbrkapp user:info IIB[21102884]: IBM Integration Bus v100016 (BRK001.WSG.SERVICES) [Thread 1] (Msg 1/1) BIP0000I: [MB] BRK001: Starting HTTP timeout task sender
Oct 19 11:56:22 flcormesbrkapp user:info IIB[21102884]: IBM Integration Bus v100016 (BRK001.WSG.SERVICES) [Thread 1] (Msg 1/1) BIP0000I: [MB] BRK001: Dynatrace agent MessageBroker[BRK001-WSG.SERVICES] successfully configured
Oct 19 11:56:22 flcormesbrkapp user:info IIB[21102884]: IBM Integration Bus v100016 (BRK001.WSG.SERVICES) [Thread 1] (Msg 1/1) BIP0000I: [MB] BRK001: Active user exit for linked broker 'BRK001': dtwsmbagent
Oct 19 11:56:22 flcormesbrkapp user:info IIB[21102884]: IBM Integration Bus v100016 (BRK001.WSG.SERVICES) [Thread 1] (Msg 1/1) BIP0000I: [MB] BRK001: User exit 'dtwsmbagent' for Dynatrace agent is enabled
Oct 19 11:56:22 flcormesbrkapp user:info IIB[21102884]: IBM Integration Bus v100016 (BRK001.WSG.SERVICES) [Thread 1] (Msg 1/1) BIP0000I: [MB] BRK001: Registering Dynatrace agent callbacks for user exit 'dtwsmbagent'
Oct 19 11:56:22 flcormesbrkapp user:info IIB[21102884]: IBM Integration Bus v100016 (BRK001.WSG.SERVICES) [Thread 1] (Msg 1/1) BIP0000I: [MB] BRK001: Dynatrace agent MessageBroker[BRK001-WSG.SERVICES] successfully attached
Oct 19 11:56:22 flcormesbrkapp user:info IIB[21102884]: IBM Integration Bus v100016 (BRK001.WSG.SERVICES) [Thread 1] (Msg 1/1) BIP0000I: [MB] BRK001: Initializing Dynatrace agent MessageBroker[BRK001-WSG.SERVICES]
Oct 19 11:56:22 flcormesbrkapp user:info IIB[11403602]: IBM Integration Bus v100016 (BRK001.BOGOTA.SERVICES) [Thread 1] (Msg 1/1) BIP0000I: [MB] BRK001: Dynatrace agent configuration now available
Oct 19 11:56:22 flcormesbrkapp user:info IIB[11403602]: IBM Integration Bus v100016 (BRK001.BOGOTA.SERVICES) [Thread 1] (Msg 1/1) BIP0000I: [MB] BRK001: Dynatrace agent debug options now accessible
Oct 19 11:56:22 flcormesbrkapp user:info IIB[14221686]: IBM Integration Bus v100016 (BRK001.BAC.ADAPTERS) [Thread 1] (Msg 1/1) BIP0000I: [MB] BRK001: Starting HTTP timeout task sender
Oct 19 11:56:22 flcormesbrkapp user:info IIB[14221686]: IBM Integration Bus v100016 (BRK001.BAC.ADAPTERS) [Thread 1] (Msg 1/1) BIP0000I: [MB] BRK001: Dynatrace agent MessageBroker[BRK001-BAC.ADAPTERS] successfully configured
Oct 19 11:56:22 flcormesbrkapp user:info IIB[14221686]: IBM Integration Bus v100016 (BRK001.BAC.ADAPTERS) [Thread 1] (Msg 1/1) BIP0000I: [MB] BRK001: Active user exit for linked broker 'BRK001': dtwsmbagent
Oct 19 11:56:22 flcormesbrkapp user:info IIB[14221686]: IBM Integration Bus v100016 (BRK001.BAC.ADAPTERS) [Thread 1] (Msg 1/1) BIP0000I: [MB] BRK001: User exit 'dtwsmbagent' for Dynatrace agent is enabled
Oct 19 11:56:22 flcormesbrkapp user:info IIB[14221686]: IBM Integration Bus v100016 (BRK001.BAC.ADAPTERS) [Thread 1] (Msg 1/1) BIP0000I: [MB] BRK001: Registering Dynatrace agent callbacks for user exit 'dtwsmbagent'
Oct 19 11:56:22 flcormesbrkapp user:info IIB[14221686]: IBM Integration Bus v100016 (BRK001.BAC.ADAPTERS) [Thread 1] (Msg 1/1) BIP0000I: [MB] BRK001: Dynatrace agent MessageBroker[BRK001-BAC.ADAPTERS] successfully attached
Oct 19 11:56:22 flcormesbrkapp user:info IIB[14221686]: IBM Integration Bus v100016 (BRK001.BAC.ADAPTERS) [Thread 1] (Msg 1/1) BIP0000I: [MB] BRK001: Initializing Dynatrace agent MessageBroker[BRK001-BAC.ADAPTERS]
Oct 19 11:56:22 flcormesbrkapp user:info IIB[13042090]: IBM Integration Bus v100016 (BRK001.WS.SERVICES) [Thread 1] (Msg 1/1) BIP0000I: [MB] BRK001: Starting HTTP timeout task sender
Oct 19 11:56:22 flcormesbrkapp user:info IIB[13042090]: IBM Integration Bus v100016 (BRK001.WS.SERVICES) [Thread 1] (Msg 1/1) BIP0000I: [MB] BRK001: Dynatrace agent MessageBroker[BRK001-WS.SERVICES] successfully configured
Oct 19 11:56:22 flcormesbrkapp user:info IIB[13042090]: IBM Integration Bus v100016 (BRK001.WS.SERVICES) [Thread 1] (Msg 1/1) BIP0000I: [MB] BRK001: Active user exit for linked broker 'BRK001': dtwsmbagent
Oct 19 11:56:22 flcormesbrkapp user:info IIB[13042090]: IBM Integration Bus v100016 (BRK001.WS.SERVICES) [Thread 1] (Msg 1/1) BIP0000I: [MB] BRK001: User exit 'dtwsmbagent' for Dynatrace agent is enabled
Oct 19 11:56:22 flcormesbrkapp user:info IIB[13042090]: IBM Integration Bus v100016 (BRK001.WS.SERVICES) [Thread 1] (Msg 1/1) BIP0000I: [MB] BRK001: Registering Dynatrace agent callbacks for user exit 'dtwsmbagent'
Oct 19 11:56:22 flcormesbrkapp user:info IIB[13042090]: IBM Integration Bus v100016 (BRK001.WS.SERVICES) [Thread 1] (Msg 1/1) BIP0000I: [MB] BRK001: Dynatrace agent MessageBroker[BRK001-WS.SERVICES] successfully attached
Oct 19 11:56:22 flcormesbrkapp user:info IIB[13042090]: IBM Integration Bus v100016 (BRK001.WS.SERVICES) [Thread 1] (Msg 1/1) BIP0000I: [MB] BRK001: Initializing Dynatrace agent MessageBroker[BRK001-WS.SERVICES]
Oct 19 11:56:22 flcormesbrkapp user:info IIB[10158496]: IBM Integration Bus v100016 (BRK001.COM.SERVICES) [Thread 1] (Msg 1/1) BIP0000I: [MB] BRK001: Starting HTTP timeout task sender
Oct 19 11:56:22 flcormesbrkapp user:info IIB[10158496]: IBM Integration Bus v100016 (BRK001.COM.SERVICES) [Thread 1] (Msg 1/1) BIP0000I: [MB] BRK001: Dynatrace agent MessageBroker[BRK001-COM.SERVICES] successfully configured
Oct 19 11:56:22 flcormesbrkapp user:info IIB[18284934]: IBM Integration Bus v100016 (BRK001.COR.WTX.SERVICES) [Thread 1] (Msg 1/1) BIP0000I: [MB] BRK001: Starting HTTP timeout task sender
Oct 19 11:56:22 flcormesbrkapp user:info IIB[19136942]: IBM Integration Bus v100016 (BRK001.SAP.SERVICES) [Thread 1] (Msg 1/1) BIP0000I: [MB] BRK001: Starting HTTP timeout task sender
Oct 19 11:56:22 flcormesbrkapp user:info IIB[19136942]: IBM Integration Bus v100016 (BRK001.SAP.SERVICES) [Thread 1] (Msg 1/1) BIP0000I: [MB] BRK001: Dynatrace agent MessageBroker[BRK001-SAP.SERVICES] successfully configured
Oct 19 11:56:22 flcormesbrkapp user:info IIB[18284934]: IBM Integration Bus v100016 (BRK001.COR.WTX.SERVICES) [Thread 1] (Msg 1/1) BIP0000I: [MB] BRK001: Dynatrace agent MessageBroker[BRK001-COR.WTX.SERVICES] successfully configured
Oct 19 11:56:22 flcormesbrkapp user:info IIB[10158496]: IBM Integration Bus v100016 (BRK001.COM.SERVICES) [Thread 1] (Msg 1/1) BIP0000I: [MB] BRK001: Active user exit for linked broker 'BRK001': dtwsmbagent
Oct 19 11:56:22 flcormesbrkapp user:info IIB[10158496]: IBM Integration Bus v100016 (BRK001.COM.SERVICES) [Thread 1] (Msg 1/1) BIP0000I: [MB] BRK001: User exit 'dtwsmbagent' for Dynatrace agent is enabled
Oct 19 11:56:22 flcormesbrkapp user:info IIB[10158496]: IBM Integration Bus v100016 (BRK001.COM.SERVICES) [Thread 1] (Msg 1/1) BIP0000I: [MB] BRK001: Registering Dynatrace agent callbacks for user exit 'dtwsmbagent'
Oct 19 11:56:22 flcormesbrkapp user:info IIB[19136942]: IBM Integration Bus v100016 (BRK001.SAP.SERVICES) [Thread 1] (Msg 1/1) BIP0000I: [MB] BRK001: Active user exit for linked broker 'BRK001': dtwsmbagent
Oct 19 11:56:22 flcormesbrkapp user:info IIB[10158496]: IBM Integration Bus v100016 (BRK001.COM.SERVICES) [Thread 1] (Msg 1/1) BIP0000I: [MB] BRK001: Dynatrace agent MessageBroker[BRK001-COM.SERVICES] successfully attached
Oct 19 11:56:22 flcormesbrkapp user:info IIB[19136942]: IBM Integration Bus v100016 (BRK001.SAP.SERVICES) [Thread 1] (Msg 1/1) BIP0000I: [MB] BRK001: User exit 'dtwsmbagent' for Dynatrace agent is enabled
Oct 19 11:56:22 flcormesbrkapp user:info IIB[10158496]: IBM Integration Bus v100016 (BRK001.COM.SERVICES) [Thread 1] (Msg 1/1) BIP0000I: [MB] BRK001: Initializing Dynatrace agent MessageBroker[BRK001-COM.SERVICES]
Oct 19 11:56:22 flcormesbrkapp user:info IIB[19136942]: IBM Integration Bus v100016 (BRK001.SAP.SERVICES) [Thread 1] (Msg 1/1) BIP0000I: [MB] BRK001: Registering Dynatrace agent callbacks for user exit 'dtwsmbagent'
Oct 19 11:56:22 flcormesbrkapp user:info IIB[19136942]: IBM Integration Bus v100016 (BRK001.SAP.SERVICES) [Thread 1] (Msg 1/1) BIP0000I: [MB] BRK001: Dynatrace agent MessageBroker[BRK001-SAP.SERVICES] successfully attached
Oct 19 11:56:22 flcormesbrkapp user:info IIB[19136942]: IBM Integration Bus v100016 (BRK001.SAP.SERVICES) [Thread 1] (Msg 1/1) BIP0000I: [MB] BRK001: Initializing Dynatrace agent MessageBroker[BRK001-SAP.SERVICES]
Oct 19 11:56:22 flcormesbrkapp user:info IIB[18284934]: IBM Integration Bus v100016 (BRK001.COR.WTX.SERVICES) [Thread 1] (Msg 1/1) BIP0000I: [MB] BRK001: Active user exit for linked broker 'BRK001': dtwsmbagent
Oct 19 11:56:22 flcormesbrkapp user:info IIB[18284934]: IBM Integration Bus v100016 (BRK001.COR.WTX.SERVICES) [Thread 1] (Msg 1/1) BIP0000I: [MB] BRK001: User exit 'dtwsmbagent' for Dynatrace agent is enabled
Oct 19 11:56:22 flcormesbrkapp user:info IIB[18284934]: IBM Integration Bus v100016 (BRK001.COR.WTX.SERVICES) [Thread 1] (Msg 1/1) BIP0000I: [MB] BRK001: Registering Dynatrace agent callbacks for user exit 'dtwsmbagent'
Oct 19 11:56:22 flcormesbrkapp user:info IIB[18284934]: IBM Integration Bus v100016 (BRK001.COR.WTX.SERVICES) [Thread 1] (Msg 1/1) BIP0000I: [MB] BRK001: Dynatrace agent MessageBroker[BRK001-COR.WTX.SERVICES] successfully attached
Oct 19 11:56:22 flcormesbrkapp user:info IIB[18284934]: IBM Integration Bus v100016 (BRK001.COR.WTX.SERVICES) [Thread 1] (Msg 1/1) BIP0000I: [MB] BRK001: Initializing Dynatrace agent MessageBroker[BRK001-COR.WTX.SERVICES]
Oct 19 11:56:23 flcormesbrkapp user:info IIB[13435466]: IBM Integration Bus v100016 (BRK001.EXTERNAL.SERVICES) [Thread 1] (Msg 1/1) BIP0000I: [MB] BRK001: Starting HTTP timeout task sender
Oct 19 11:56:23 flcormesbrkapp user:info IIB[13435466]: IBM Integration Bus v100016 (BRK001.EXTERNAL.SERVICES) [Thread 1] (Msg 1/1) BIP0000I: [MB] BRK001: Dynatrace agent MessageBroker[BRK001-EXTERNAL.SERVICES] successfully configured
Oct 19 11:56:23 flcormesbrkapp user:info IIB[13435466]: IBM Integration Bus v100016 (BRK001.EXTERNAL.SERVICES) [Thread 1] (Msg 1/1) BIP0000I: [MB] BRK001: Active user exit for linked broker 'BRK001': dtwsmbagent
Oct 19 11:56:23 flcormesbrkapp user:info IIB[13435466]: IBM Integration Bus v100016 (BRK001.EXTERNAL.SERVICES) [Thread 1] (Msg 1/1) BIP0000I: [MB] BRK001: User exit 'dtwsmbagent' for Dynatrace agent is enabled
Oct 19 11:56:23 flcormesbrkapp user:info IIB[13435466]: IBM Integration Bus v100016 (BRK001.EXTERNAL.SERVICES) [Thread 1] (Msg 1/1) BIP0000I: [MB] BRK001: Registering Dynatrace agent callbacks for user exit 'dtwsmbagent'
Oct 19 11:56:23 flcormesbrkapp user:info IIB[13435466]: IBM Integration Bus v100016 (BRK001.EXTERNAL.SERVICES) [Thread 1] (Msg 1/1) BIP0000I: [MB] BRK001: Dynatrace agent MessageBroker[BRK001-EXTERNAL.SERVICES] successfully attached
Oct 19 11:56:23 flcormesbrkapp user:info IIB[13435466]: IBM Integration Bus v100016 (BRK001.EXTERNAL.SERVICES) [Thread 1] (Msg 1/1) BIP0000I: [MB] BRK001: Initializing Dynatrace agent MessageBroker[BRK001-EXTERNAL.SERVICES]
Oct 19 11:56:23 flcormesbrkapp user:info IIB[15270382]: IBM Integration Bus v100016 (BRK001.WS.SERVICESX) [Thread 1] (Msg 1/1) BIP0000I: [MB] BRK001: Starting HTTP timeout task sender
Oct 19 11:56:23 flcormesbrkapp user:info IIB[15270382]: IBM Integration Bus v100016 (BRK001.WS.SERVICESX) [Thread 1] (Msg 1/1) BIP0000I: [MB] BRK001: Dynatrace agent MessageBroker[BRK001-WS.SERVICESX] successfully configured
Oct 19 11:56:23 flcormesbrkapp user:info IIB[15270382]: IBM Integration Bus v100016 (BRK001.WS.SERVICESX) [Thread 1] (Msg 1/1) BIP0000I: [MB] BRK001: Active user exit for linked broker 'BRK001': dtwsmbagent
Oct 19 11:56:23 flcormesbrkapp user:info IIB[15270382]: IBM Integration Bus v100016 (BRK001.WS.SERVICESX) [Thread 1] (Msg 1/1) BIP0000I: [MB] BRK001: User exit 'dtwsmbagent' for Dynatrace agent is enabled
Oct 19 11:56:23 flcormesbrkapp user:info IIB[15270382]: IBM Integration Bus v100016 (BRK001.WS.SERVICESX) [Thread 1] (Msg 1/1) BIP0000I: [MB] BRK001: Registering Dynatrace agent callbacks for user exit 'dtwsmbagent'
Oct 19 11:56:23 flcormesbrkapp user:info IIB[15270382]: IBM Integration Bus v100016 (BRK001.WS.SERVICESX) [Thread 1] (Msg 1/1) BIP0000I: [MB] BRK001: Dynatrace agent MessageBroker[BRK001-WS.SERVICESX] successfully attached
Oct 19 11:56:23 flcormesbrkapp user:info IIB[15270382]: IBM Integration Bus v100016 (BRK001.WS.SERVICESX) [Thread 1] (Msg 1/1) BIP0000I: [MB] BRK001: Initializing Dynatrace agent MessageBroker[BRK001-WS.SERVICESX]
Oct 19 11:56:23 flcormesbrkapp user:info IIB[8389318]: IBM Integration Bus v100016 (BRK001.BM.SERVICES) [Thread 1] (Msg 1/1) BIP0000I: [MB] BRK001: Dynatrace agent successfully initialized
Oct 19 11:56:23 flcormesbrkapp user:warn|warning IIB[8389318]: IBM Integration Bus v100016 (BRK001.BM.SERVICES) [Thread 1] (Msg 1/1) BIP2279W: The directory '/opt/dynatrace/oneagent/agent/bin/1.201.129.20201001-102441/aix-ppc-64' has been stated twice or more in the user exit path '/opt/IBM/ITM/aix533/k3/config/wmb70/lib64:/opt/dynatrace/oneagent/agent/bin/1.201.129.20201001-102441/aix-ppc-64:/opt/dynatrace/oneagent/agent/bin/1.201.129.20201001-102441/aix-ppc-64'. 
Oct 19 11:56:23 flcormesbrkapp user:info IIB[21102884]: IBM Integration Bus v100016 (BRK001.WSG.SERVICES) [Thread 1] (Msg 1/1) BIP0000I: [MB] BRK001: Dynatrace agent successfully initialized
Oct 19 11:56:23 flcormesbrkapp user:info IIB[21365092]: IBM Integration Bus v100016 (BRK001.CYS_CORE) [Thread 1] (Msg 1/1) BIP0000I: [MB] BRK001: Dynatrace agent successfully initialized
Oct 19 11:56:23 flcormesbrkapp user:warn|warning IIB[21102884]: IBM Integration Bus v100016 (BRK001.WSG.SERVICES) [Thread 1] (Msg 1/1) BIP2279W: The directory '/opt/dynatrace/oneagent/agent/bin/1.201.129.20201001-102441/aix-ppc-64' has been stated twice or more in the user exit path '/opt/IBM/ITM/aix533/k3/config/wmb70/lib64:/opt/dynatrace/oneagent/agent/bin/1.201.129.20201001-102441/aix-ppc-64:/opt/dynatrace/oneagent/agent/bin/1.201.129.20201001-102441/aix-ppc-64'. 
Oct 19 11:56:23 flcormesbrkapp user:warn|warning IIB[21365092]: IBM Integration Bus v100016 (BRK001.CYS_CORE) [Thread 1] (Msg 1/1) BIP2279W: The directory '/opt/dynatrace/oneagent/agent/bin/1.201.129.20201001-102441/aix-ppc-64' has been stated twice or more in the user exit path '/opt/IBM/ITM/aix533/k3/config/wmb70/lib64:/opt/dynatrace/oneagent/agent/bin/1.201.129.20201001-102441/aix-ppc-64:/opt/dynatrace/oneagent/agent/bin/1.201.129.20201001-102441/aix-ppc-64'. 
Oct 19 11:56:23 flcormesbrkapp user:info IIB[14221686]: IBM Integration Bus v100016 (BRK001.BAC.ADAPTERS) [Thread 1] (Msg 1/1) BIP0000I: [MB] BRK001: Dynatrace agent successfully initialized
Oct 19 11:56:23 flcormesbrkapp user:warn|warning IIB[14221686]: IBM Integration Bus v100016 (BRK001.BAC.ADAPTERS) [Thread 1] (Msg 1/1) BIP2279W: The directory '/opt/dynatrace/oneagent/agent/bin/1.201.129.20201001-102441/aix-ppc-64' has been stated twice or more in the user exit path '/opt/IBM/ITM/aix533/k3/config/wmb70/lib64:/opt/dynatrace/oneagent/agent/bin/1.201.129.20201001-102441/aix-ppc-64:/opt/dynatrace/oneagent/agent/bin/1.201.129.20201001-102441/aix-ppc-64'. 
Oct 19 11:56:23 flcormesbrkapp user:info IIB[11403602]: IBM Integration Bus v100016 (BRK001.BOGOTA.SERVICES) [Thread 1] (Msg 1/1) BIP0000I: [MB] BRK001: Starting HTTP timeout task sender
Oct 19 11:56:23 flcormesbrkapp user:info IIB[11403602]: IBM Integration Bus v100016 (BRK001.BOGOTA.SERVICES) [Thread 1] (Msg 1/1) BIP0000I: [MB] BRK001: Dynatrace agent MessageBroker[BRK001-BOGOTA.SERVICES] successfully configured
Oct 19 11:56:23 flcormesbrkapp user:info IIB[11403602]: IBM Integration Bus v100016 (BRK001.BOGOTA.SERVICES) [Thread 1] (Msg 1/1) BIP0000I: [MB] BRK001: Active user exit for linked broker 'BRK001': dtwsmbagent
Oct 19 11:56:23 flcormesbrkapp user:info IIB[11403602]: IBM Integration Bus v100016 (BRK001.BOGOTA.SERVICES) [Thread 1] (Msg 1/1) BIP0000I: [MB] BRK001: User exit 'dtwsmbagent' for Dynatrace agent is enabled
Oct 19 11:56:23 flcormesbrkapp user:info IIB[11403602]: IBM Integration Bus v100016 (BRK001.BOGOTA.SERVICES) [Thread 1] (Msg 1/1) BIP0000I: [MB] BRK001: Registering Dynatrace agent callbacks for user exit 'dtwsmbagent'
Oct 19 11:56:23 flcormesbrkapp user:info IIB[11403602]: IBM Integration Bus v100016 (BRK001.BOGOTA.SERVICES) [Thread 1] (Msg 1/1) BIP0000I: [MB] BRK001: Dynatrace agent MessageBroker[BRK001-BOGOTA.SERVICES] successfully attached
Oct 19 11:56:23 flcormesbrkapp user:info IIB[11403602]: IBM Integration Bus v100016 (BRK001.BOGOTA.SERVICES) [Thread 1] (Msg 1/1) BIP0000I: [MB] BRK001: Initializing Dynatrace agent MessageBroker[BRK001-BOGOTA.SERVICES]
Oct 19 11:56:23 flcormesbrkapp user:info IIB[13042090]: IBM Integration Bus v100016 (BRK001.WS.SERVICES) [Thread 1] (Msg 1/1) BIP0000I: [MB] BRK001: Dynatrace agent successfully initialized
Oct 19 11:56:23 flcormesbrkapp user:warn|warning IIB[13042090]: IBM Integration Bus v100016 (BRK001.WS.SERVICES) [Thread 1] (Msg 1/1) BIP2279W: The directory '/opt/dynatrace/oneagent/agent/bin/1.201.129.20201001-102441/aix-ppc-64' has been stated twice or more in the user exit path '/opt/IBM/ITM/aix533/k3/config/wmb70/lib64:/opt/dynatrace/oneagent/agent/bin/1.201.129.20201001-102441/aix-ppc-64:/opt/dynatrace/oneagent/agent/bin/1.201.129.20201001-102441/aix-ppc-64'. 
Oct 19 11:56:23 flcormesbrkapp user:err|error IIB[4522244]: IBM Integration Bus v100016 (BRK001.BCO.SERVICES) [Thread 1] (Msg 1/1) BIP2308E: File '/opt/IBM/ITM/aix533/k3/config/wmb70/lib64/kk3userexit64_wmb70.lel' could not be loaded; operating system return code '	0509-022 Cannot load module /opt/IBM/ITM/aix533/k3/config/wmb70/lib64/kk3userexit64_wmb70.lel. 	0509-150   Dependent module libimbdfplg64.a(libimbdfplg64.a.so) could not be loaded. 	0509-022 Cannot load module libimbdfplg64.a(libimbdfplg64.a.so). 	0509-026 System error: A file or directory in the path name does not exist. 	0509-022 Cannot load module /opt/IBM/ITM/aix533/k3/config/wmb70/lib64/kk3userexit64_wmb70.lel. 	0509-150   Dependent module /opt/IBM/ITM/aix533/k3/config/wmb70/lib64/kk3userexit64_wmb70.lel could not be loaded.'. 
Oct 19 11:56:23 flcormesbrkapp user:info IIB[18284934]: IBM Integration Bus v100016 (BRK001.COR.WTX.SERVICES) [Thread 1] (Msg 1/1) BIP0000I: [MB] BRK001: Dynatrace agent successfully initialized
Oct 19 11:56:23 flcormesbrkapp user:warn|warning IIB[18284934]: IBM Integration Bus v100016 (BRK001.COR.WTX.SERVICES) [Thread 1] (Msg 1/1) BIP2279W: The directory '/opt/dynatrace/oneagent/agent/bin/1.201.129.20201001-102441/aix-ppc-64' has been stated twice or more in the user exit path '/opt/IBM/ITM/aix533/k3/config/wmb70/lib64:/opt/dynatrace/oneagent/agent/bin/1.201.129.20201001-102441/aix-ppc-64:/opt/dynatrace/oneagent/agent/bin/1.201.129.20201001-102441/aix-ppc-64'. 
Oct 19 11:56:23 flcormesbrkapp user:info IIB[19136942]: IBM Integration Bus v100016 (BRK001.SAP.SERVICES) [Thread 1] (Msg 1/1) BIP0000I: [MB] BRK001: Dynatrace agent successfully initialized
Oct 19 11:56:23 flcormesbrkapp user:warn|warning IIB[19136942]: IBM Integration Bus v100016 (BRK001.SAP.SERVICES) [Thread 1] (Msg 1/1) BIP2279W: The directory '/opt/dynatrace/oneagent/agent/bin/1.201.129.20201001-102441/aix-ppc-64' has been stated twice or more in the user exit path '/opt/IBM/ITM/aix533/k3/config/wmb70/lib64:/opt/dynatrace/oneagent/agent/bin/1.201.129.20201001-102441/aix-ppc-64:/opt/dynatrace/oneagent/agent/bin/1.201.129.20201001-102441/aix-ppc-64'. 
Oct 19 11:56:23 flcormesbrkapp user:info IIB[10158496]: IBM Integration Bus v100016 (BRK001.COM.SERVICES) [Thread 1] (Msg 1/1) BIP0000I: [MB] BRK001: Dynatrace agent successfully initialized
Oct 19 11:56:23 flcormesbrkapp user:warn|warning IIB[10158496]: IBM Integration Bus v100016 (BRK001.COM.SERVICES) [Thread 1] (Msg 1/1) BIP2279W: The directory '/opt/dynatrace/oneagent/agent/bin/1.201.129.20201001-102441/aix-ppc-64' has been stated twice or more in the user exit path '/opt/IBM/ITM/aix533/k3/config/wmb70/lib64:/opt/dynatrace/oneagent/agent/bin/1.201.129.20201001-102441/aix-ppc-64:/opt/dynatrace/oneagent/agent/bin/1.201.129.20201001-102441/aix-ppc-64'. 
Oct 19 11:56:23 flcormesbrkapp user:info IIB[13435466]: IBM Integration Bus v100016 (BRK001.EXTERNAL.SERVICES) [Thread 1] (Msg 1/1) BIP0000I: [MB] BRK001: Dynatrace agent successfully initialized
Oct 19 11:56:23 flcormesbrkapp user:warn|warning IIB[13435466]: IBM Integration Bus v100016 (BRK001.EXTERNAL.SERVICES) [Thread 1] (Msg 1/1) BIP2279W: The directory '/opt/dynatrace/oneagent/agent/bin/1.201.129.20201001-102441/aix-ppc-64' has been stated twice or more in the user exit path '/opt/IBM/ITM/aix533/k3/config/wmb70/lib64:/opt/dynatrace/oneagent/agent/bin/1.201.129.20201001-102441/aix-ppc-64:/opt/dynatrace/oneagent/agent/bin/1.201.129.20201001-102441/aix-ppc-64'. 
Oct 19 11:56:23 flcormesbrkapp user:info IIB[4522244]: IBM Integration Bus v100016 (BRK001.BCO.SERVICES) [Thread 1] (Msg 1/1) BIP0000I: [MB] BRK001: Attaching Dynatrace agent
Oct 19 11:56:23 flcormesbrkapp user:info IIB[15270382]: IBM Integration Bus v100016 (BRK001.WS.SERVICESX) [Thread 1] (Msg 1/1) BIP0000I: [MB] BRK001: Dynatrace agent successfully initialized
Oct 19 11:56:23 flcormesbrkapp user:warn|warning IIB[15270382]: IBM Integration Bus v100016 (BRK001.WS.SERVICESX) [Thread 1] (Msg 1/1) BIP2279W: The directory '/opt/dynatrace/oneagent/agent/bin/1.201.129.20201001-102441/aix-ppc-64' has been stated twice or more in the user exit path '/opt/IBM/ITM/aix533/k3/config/wmb70/lib64:/opt/dynatrace/oneagent/agent/bin/1.201.129.20201001-102441/aix-ppc-64:/opt/dynatrace/oneagent/agent/bin/1.201.129.20201001-102441/aix-ppc-64'. 
Oct 19 11:56:23 flcormesbrkapp user:info IIB[11403602]: IBM Integration Bus v100016 (BRK001.BOGOTA.SERVICES) [Thread 1] (Msg 1/1) BIP0000I: [MB] BRK001: Dynatrace agent successfully initialized
Oct 19 11:56:23 flcormesbrkapp user:warn|warning IIB[11403602]: IBM Integration Bus v100016 (BRK001.BOGOTA.SERVICES) [Thread 1] (Msg 1/1) BIP2279W: The directory '/opt/dynatrace/oneagent/agent/bin/1.201.129.20201001-102441/aix-ppc-64' has been stated twice or more in the user exit path '/opt/IBM/ITM/aix533/k3/config/wmb70/lib64:/opt/dynatrace/oneagent/agent/bin/1.201.129.20201001-102441/aix-ppc-64:/opt/dynatrace/oneagent/agent/bin/1.201.129.20201001-102441/aix-ppc-64'. 
Oct 19 11:56:24 flcormesbrkapp user:info IIB[4522244]: IBM Integration Bus v100016 (BRK001.BCO.SERVICES) [Thread 1] (Msg 1/1) BIP0000I: [MB] BRK001: Dynatrace agent instance created
Oct 19 11:56:24 flcormesbrkapp user:info IIB[4522244]: IBM Integration Bus v100016 (BRK001.BCO.SERVICES) [Thread 1] (Msg 1/1) BIP0000I: [MB] BRK001: Configuring Dynatrace agent
Oct 19 11:56:24 flcormesbrkapp user:info IIB[4522244]: IBM Integration Bus v100016 (BRK001.BCO.SERVICES) [Thread 1] (Msg 1/1) BIP0000I: [MB] BRK001: Dynatrace agent configuration now available
Oct 19 11:56:24 flcormesbrkapp user:info IIB[4522244]: IBM Integration Bus v100016 (BRK001.BCO.SERVICES) [Thread 1] (Msg 1/1) BIP0000I: [MB] BRK001: Dynatrace agent debug options now accessible
Oct 19 11:56:24 flcormesbrkapp user:info IIB[4522244]: IBM Integration Bus v100016 (BRK001.BCO.SERVICES) [Thread 1] (Msg 1/1) BIP0000I: [MB] BRK001: Starting HTTP timeout task sender
Oct 19 11:56:24 flcormesbrkapp user:info IIB[4522244]: IBM Integration Bus v100016 (BRK001.BCO.SERVICES) [Thread 1] (Msg 1/1) BIP0000I: [MB] BRK001: Dynatrace agent MessageBroker[BRK001-BCO.SERVICES] successfully configured
Oct 19 11:56:24 flcormesbrkapp user:info IIB[4522244]: IBM Integration Bus v100016 (BRK001.BCO.SERVICES) [Thread 1] (Msg 1/1) BIP0000I: [MB] BRK001: Active user exit for linked broker 'BRK001': dtwsmbagent
Oct 19 11:56:24 flcormesbrkapp user:info IIB[4522244]: IBM Integration Bus v100016 (BRK001.BCO.SERVICES) [Thread 1] (Msg 1/1) BIP0000I: [MB] BRK001: User exit 'dtwsmbagent' for Dynatrace agent is enabled
Oct 19 11:56:24 flcormesbrkapp user:info IIB[4522244]: IBM Integration Bus v100016 (BRK001.BCO.SERVICES) [Thread 1] (Msg 1/1) BIP0000I: [MB] BRK001: Registering Dynatrace agent callbacks for user exit 'dtwsmbagent'
Oct 19 11:56:24 flcormesbrkapp user:info IIB[4522244]: IBM Integration Bus v100016 (BRK001.BCO.SERVICES) [Thread 1] (Msg 1/1) BIP0000I: [MB] BRK001: Dynatrace agent MessageBroker[BRK001-BCO.SERVICES] successfully attached
Oct 19 11:56:24 flcormesbrkapp user:info IIB[4522244]: IBM Integration Bus v100016 (BRK001.BCO.SERVICES) [Thread 1] (Msg 1/1) BIP0000I: [MB] BRK001: Initializing Dynatrace agent MessageBroker[BRK001-BCO.SERVICES]
Oct 19 11:56:25 flcormesbrkapp user:info IIB[4522244]: IBM Integration Bus v100016 (BRK001.BCO.SERVICES) [Thread 1] (Msg 1/1) BIP0000I: [MB] BRK001: Dynatrace agent successfully initialized
Oct 19 11:56:25 flcormesbrkapp user:warn|warning IIB[4522244]: IBM Integration Bus v100016 (BRK001.BCO.SERVICES) [Thread 1] (Msg 1/1) BIP2279W: The directory '/opt/dynatrace/oneagent/agent/bin/1.201.129.20201001-102441/aix-ppc-64' has been stated twice or more in the user exit path '/opt/IBM/ITM/aix533/k3/config/wmb70/lib64:/opt/dynatrace/oneagent/agent/bin/1.201.129.20201001-102441/aix-ppc-64:/opt/dynatrace/oneagent/agent/bin/1.201.129.20201001-102441/aix-ppc-64'. 
Oct 19 11:56:27 flcormesbrkapp user:info IIB[8389318]: IBM Integration Bus v100016 (BRK001.BM.SERVICES) [Thread 21632] (Msg 1/1) BIP2152I: Configuration message received from integration node. 
Oct 19 11:56:27 flcormesbrkapp user:info IIB[8389318]: IBM Integration Bus v100016 (BRK001.BM.SERVICES) [Thread 21632] (Msg 1/1) BIP2153I: About to 'Start' an integration server. 
Oct 19 11:56:27 flcormesbrkapp user:err|error IIB[8389318]: IBM Integration Bus v100016 (BRK001.BM.SERVICES) [Thread 18813] (Msg 1/1) BIP7161E: Container server 'BRK001_FLCORMESBRKAPP_' in integration server 'BM.SERVICES' failed to start. Further details of the error are : 'Invalid port specified'. Check that the catalog servers for this cache are started. Check the configured properties for this server. Verify that the ports that are configured for this server are available on this computer. Restart the integration server to restart this container server. 
Oct 19 11:56:27 flcormesbrkapp user:info IIB[21102884]: IBM Integration Bus v100016 (BRK001.WSG.SERVICES) [Thread 21375] (Msg 1/1) BIP2152I: Configuration message received from integration node. 
Oct 19 11:56:27 flcormesbrkapp user:info IIB[21102884]: IBM Integration Bus v100016 (BRK001.WSG.SERVICES) [Thread 21375] (Msg 1/1) BIP2153I: About to 'Start' an integration server. 
Oct 19 11:56:27 flcormesbrkapp user:info IIB[13042090]: IBM Integration Bus v100016 (BRK001.WS.SERVICES) [Thread 20090] (Msg 1/1) BIP2152I: Configuration message received from integration node. 
Oct 19 11:56:27 flcormesbrkapp user:info IIB[13042090]: IBM Integration Bus v100016 (BRK001.WS.SERVICES) [Thread 20090] (Msg 1/1) BIP2153I: About to 'Start' an integration server. 
Oct 19 11:56:27 flcormesbrkapp user:err|error IIB[13042090]: IBM Integration Bus v100016 (BRK001.WS.SERVICES) [Thread 17271] (Msg 1/1) BIP7161E: Container server 'BRK001_FLCORMESBRKAPP_' in integration server 'WS.SERVICES' failed to start. Further details of the error are : 'Invalid port specified'. Check that the catalog servers for this cache are started. Check the configured properties for this server. Verify that the ports that are configured for this server are available on this computer. Restart the integration server to restart this container server. 
Oct 19 11:56:27 flcormesbrkapp user:info IIB[8389318]: IBM Integration Bus v100016 (BRK001.BM.SERVICES) [Thread 21632] (Msg 1/1) BIP2154I: Integration server finished with Configuration message. 
Oct 19 11:56:28 flcormesbrkapp user:info IIB[15270382]: IBM Integration Bus v100016 (BRK001.WS.SERVICESX) [Thread 21375] (Msg 1/1) BIP2152I: Configuration message received from integration node. 
Oct 19 11:56:28 flcormesbrkapp user:info IIB[15270382]: IBM Integration Bus v100016 (BRK001.WS.SERVICESX) [Thread 21375] (Msg 1/1) BIP2153I: About to 'Start' an integration server. 
Oct 19 11:56:28 flcormesbrkapp user:info IIB[10158496]: IBM Integration Bus v100016 (BRK001.COM.SERVICES) [Thread 20604] (Msg 1/1) BIP2152I: Configuration message received from integration node. 
Oct 19 11:56:28 flcormesbrkapp user:info IIB[10158496]: IBM Integration Bus v100016 (BRK001.COM.SERVICES) [Thread 20604] (Msg 1/1) BIP2153I: About to 'Start' an integration server. 
Oct 19 11:56:28 flcormesbrkapp user:info IIB[14221686]: IBM Integration Bus v100016 (BRK001.BAC.ADAPTERS) [Thread 20604] (Msg 1/1) BIP2152I: Configuration message received from integration node. 
Oct 19 11:56:28 flcormesbrkapp user:info IIB[14221686]: IBM Integration Bus v100016 (BRK001.BAC.ADAPTERS) [Thread 20604] (Msg 1/1) BIP2153I: About to 'Start' an integration server. 
Oct 19 11:56:28 flcormesbrkapp user:info IIB[13042090]: IBM Integration Bus v100016 (BRK001.WS.SERVICES) [Thread 20090] (Msg 1/1) BIP3132I: The HTTP Listener has started listening on port '7801' for 'http' connections. 
Oct 19 11:56:29 flcormesbrkapp user:info IIB[21102884]: IBM Integration Bus v100016 (BRK001.WSG.SERVICES) [Thread 21375] (Msg 1/1) BIP2154I: Integration server finished with Configuration message. 
Oct 19 11:56:30 flcormesbrkapp user:info IIB[13042090]: IBM Integration Bus v100016 (BRK001.WS.SERVICES) [Thread 20090] (Msg 1/1) BIP2154I: Integration server finished with Configuration message. 
Oct 19 11:56:32 flcormesbrkapp user:info IIB[14221686]: IBM Integration Bus v100016 (BRK001.BAC.ADAPTERS) [Thread 20604] (Msg 1/1) BIP3132I: The HTTP Listener has started listening on port '7800' for 'http' connections. 
Oct 19 11:56:32 flcormesbrkapp user:info IIB[14221686]: IBM Integration Bus v100016 (BRK001.BAC.ADAPTERS) [Thread 20604] (Msg 1/1) BIP2154I: Integration server finished with Configuration message. 
Oct 19 11:56:34 flcormesbrkapp user:info IIB[15270382]: IBM Integration Bus v100016 (BRK001.WS.SERVICESX) [Thread 21375] (Msg 1/1) BIP2154I: Integration server finished with Configuration message. 
Oct 19 11:56:34 flcormesbrkapp user:info IIB[10158496]: IBM Integration Bus v100016 (BRK001.COM.SERVICES) [Thread 20604] (Msg 1/1) BIP2154I: Integration server finished with Configuration message. 
Oct 19 11:56:35 flcormesbrkapp user:err|error IIB[14221686]: IBM Integration Bus v100016 (BRK001.BAC.ADAPTERS) [Thread 17017] (Msg 1/1) BIP7160E: Catalog server 'BRK001_FLCORMESBRKAPP_2804' in integration server 'BAC.ADAPTERS' failed to start. Further details of the error are : 'java.lang.IllegalStateException: CWOBJ0902W: An error prevented the ObjectGrid runtime component from starting for server: BRK001_FLCORMESBRKAPP_2804.'. Check the configured properties for this server. Verify that the ports that are configured for this server are available on this computer. 
Oct 19 11:56:35 flcormesbrkapp user:info IIB[21102884]: IBM Integration Bus v100016 (BRK001.WSG.SERVICES) [Thread 18556] (Msg 1/1) BIP7162I: Catalog server 'BRK001_FLCORMESBRKAPP_2800' in integration server 'WSG.SERVICES' has started successfully. 
Oct 19 11:56:36 flcormesbrkapp user:info IIB[21102884]: IBM Integration Bus v100016 (BRK001.WSG.SERVICES) [Thread 18556] (Msg 1/1) BIP7163I: Container server 'BRK001_FLCORMESBRKAPP_2800' in integration server 'WSG.SERVICES' has started successfully. 
Oct 19 11:56:36 flcormesbrkapp user:info IIB[21102884]: IBM Integration Bus v100016 (BRK001.WSG.SERVICES) [Thread 21118] (Msg 1/1) BIP7155I: The integration server has established a connection to the integration node global cache. 
Oct 19 11:56:36 flcormesbrkapp user:info IIB[14221686]: IBM Integration Bus v100016 (BRK001.BAC.ADAPTERS) [Thread 20090] (Msg 1/1) BIP7155I: The integration server has established a connection to the integration node global cache. 
Oct 19 11:56:38 flcormesbrkapp user:info IIB[8192560]: IBM Integration Bus v100016 (BRK001.HTTPListener) [Thread 12596] (Msg 1/1) BIP3132I: The HTTP Listener has started listening on port '7080' for 'http' connections. 
Oct 19 11:56:38 flcormesbrkapp user:info IIB[8389318]: IBM Integration Bus v100016 (BRK001.BM.SERVICES) [Thread 21375] (Msg 1/1) BIP7155I: The integration server has established a connection to the integration node global cache. 
Oct 19 11:56:38 flcormesbrkapp user:info IIB[13042090]: IBM Integration Bus v100016 (BRK001.WS.SERVICES) [Thread 19833] (Msg 1/1) BIP7155I: The integration server has established a connection to the integration node global cache. 
Oct 19 11:56:38 flcormesbrkapp user:info IIB[10158496]: IBM Integration Bus v100016 (BRK001.COM.SERVICES) [Thread 20347] (Msg 1/1) BIP7155I: The integration server has established a connection to the integration node global cache. 
Oct 19 11:56:42 flcormesbrkapp user:info IIB[15270382]: IBM Integration Bus v100016 (BRK001.WS.SERVICESX) [Thread 21118] (Msg 1/1) BIP7155I: The integration server has established a connection to the integration node global cache. 
Oct 19 11:56:42 flcormesbrkapp user:info IIB[15270382]: IBM Integration Bus v100016 (BRK001.WS.SERVICESX) [Thread 18556] (Msg 1/1) BIP7163I: Container server 'BRK001_FLCORMESBRKAPP_2807' in integration server 'WS.SERVICESX' has started successfully. 
Oct 19 11:56:57 flcormesbrkapp user:info IIB[21365092]: IBM Integration Bus v100016 (BRK001.CYS_CORE) [Thread 22403] (Msg 1/1) BIP2152I: Configuration message received from integration node. 
Oct 19 11:56:57 flcormesbrkapp user:info IIB[21365092]: IBM Integration Bus v100016 (BRK001.CYS_CORE) [Thread 22403] (Msg 1/1) BIP2153I: About to 'Start' an integration server. 
Oct 19 11:56:57 flcormesbrkapp user:info IIB[18284934]: IBM Integration Bus v100016 (BRK001.COR.WTX.SERVICES) [Thread 20861] (Msg 1/1) BIP2152I: Configuration message received from integration node. 
Oct 19 11:56:57 flcormesbrkapp user:info IIB[18284934]: IBM Integration Bus v100016 (BRK001.COR.WTX.SERVICES) [Thread 20861] (Msg 1/1) BIP2153I: About to 'Start' an integration server. 
Oct 19 11:56:58 flcormesbrkapp user:warn|warning IIB[10158496]: IBM Integration Bus v100016 (BRK001.COM.SERVICES) [Thread 19834] (Msg 1/1) BIP7190W: The WebSphere eXtreme Scale server components in this integration server have not started. The attempt to start the server components has now been running for '30' seconds. 
Oct 19 11:56:58 flcormesbrkapp user:info IIB[11403602]: IBM Integration Bus v100016 (BRK001.BOGOTA.SERVICES) [Thread 19833] (Msg 1/1) BIP2152I: Configuration message received from integration node. 
Oct 19 11:56:58 flcormesbrkapp user:info IIB[11403602]: IBM Integration Bus v100016 (BRK001.BOGOTA.SERVICES) [Thread 19833] (Msg 1/1) BIP2153I: About to 'Start' an integration server. 
Oct 19 11:56:58 flcormesbrkapp user:info IIB[21365092]: IBM Integration Bus v100016 (BRK001.CYS_CORE) [Thread 22403] (Msg 1/1) BIP2154I: Integration server finished with Configuration message. 
Oct 19 11:56:58 flcormesbrkapp user:warn|warning IIB[18284934]: IBM Integration Bus v100016 (BRK001.COR.WTX.SERVICES) [Thread 20861] (Msg 1/1) BIP3314W: File node 'File Output' in message flow 'net.bac.services.CORTransformation.CORApplyTransformation' cannot write to output directory ''. 
Oct 19 11:56:58 flcormesbrkapp user:warn|warning IIB[18284934]: IBM Integration Bus v100016 (BRK001.COR.WTX.SERVICES) [Thread 20861] (Msg 1/1) BIP3316W: File node 'File Output' in message flow 'net.bac.services.CORTransformation.CORApplyTransformation' has no valid filename specified as property ''. 
Oct 19 11:56:58 flcormesbrkapp user:info IIB[18284934]: IBM Integration Bus v100016 (BRK001.COR.WTX.SERVICES) [Thread 20861] (Msg 1/1) BIP2154I: Integration server finished with Configuration message. 
Oct 19 11:56:59 flcormesbrkapp user:info IIB[19136942]: IBM Integration Bus v100016 (BRK001.SAP.SERVICES) [Thread 19833] (Msg 1/1) BIP2152I: Configuration message received from integration node. 
Oct 19 11:56:59 flcormesbrkapp user:info IIB[19136942]: IBM Integration Bus v100016 (BRK001.SAP.SERVICES) [Thread 19833] (Msg 1/1) BIP2153I: About to 'Start' an integration server. 
Oct 19 11:56:59 flcormesbrkapp user:warn|warning IIB[19136942]: IBM Integration Bus v100016 (BRK001.SAP.SERVICES) [Thread 19833] (Msg 1/1) BIP3451W: SAPReply node 'SAP Reply' in message flow 'net.bac.services.adapters.SAP_TO_XML_RESP' has been deployed to integration server 'SAP.SERVICES' that has no SAPInput node. 
Oct 19 11:57:01 flcormesbrkapp user:info IIB[19136942]: IBM Integration Bus v100016 (BRK001.SAP.SERVICES) [Thread 19833] (Msg 1/1) BIP3501I: The integration server 'SAP.SERVICES' on integration node 'BRK001' has SAP adapter components deployed to it which are being used in at least one message flow. 
Oct 19 11:57:01 flcormesbrkapp user:info IIB[11403602]: IBM Integration Bus v100016 (BRK001.BOGOTA.SERVICES) [Thread 19833] (Msg 1/1) BIP2154I: Integration server finished with Configuration message. 
Oct 19 11:57:01 flcormesbrkapp user:info IIB[19136942]: IBM Integration Bus v100016 (BRK001.SAP.SERVICES) [Thread 19833] (Msg 1/1) BIP2154I: Integration server finished with Configuration message. 
Oct 19 11:57:01 flcormesbrkapp user:info IIB[18284934]: IBM Integration Bus v100016 (BRK001.COR.WTX.SERVICES) [Thread 17532] (Msg 1/1) BIP7155I: The integration server has established a connection to the integration node global cache. 
Oct 19 11:57:02 flcormesbrkapp user:info IIB[11403602]: IBM Integration Bus v100016 (BRK001.BOGOTA.SERVICES) [Thread 16760] (Msg 1/1) BIP7155I: The integration server has established a connection to the integration node global cache. 
Oct 19 11:57:02 flcormesbrkapp user:info IIB[21365092]: IBM Integration Bus v100016 (BRK001.CYS_CORE) [Thread 19074] (Msg 1/1) BIP7155I: The integration server has established a connection to the integration node global cache. 
Oct 19 11:57:03 flcormesbrkapp user:info IIB[19136942]: IBM Integration Bus v100016 (BRK001.SAP.SERVICES) [Thread 19576] (Msg 1/1) BIP7155I: The integration server has established a connection to the integration node global cache. 
Oct 19 11:57:04 flcormesbrkapp user:info IIB[13435466]: IBM Integration Bus v100016 (BRK001.EXTERNAL.SERVICES) [Thread 20090] (Msg 1/1) BIP2152I: Configuration message received from integration node. 
Oct 19 11:57:04 flcormesbrkapp user:info IIB[13435466]: IBM Integration Bus v100016 (BRK001.EXTERNAL.SERVICES) [Thread 20090] (Msg 1/1) BIP2153I: About to 'Start' an integration server. 
Oct 19 11:57:04 flcormesbrkapp user:info IIB[4522244]: IBM Integration Bus v100016 (BRK001.BCO.SERVICES) [Thread 20862] (Msg 1/1) BIP2152I: Configuration message received from integration node. 
Oct 19 11:57:04 flcormesbrkapp user:info IIB[4522244]: IBM Integration Bus v100016 (BRK001.BCO.SERVICES) [Thread 20862] (Msg 1/1) BIP2153I: About to 'Start' an integration server. 
Oct 19 11:57:08 flcormesbrkapp user:info IIB[13435466]: IBM Integration Bus v100016 (BRK001.EXTERNAL.SERVICES) [Thread 19833] (Msg 1/1) BIP7155I: The integration server has established a connection to the integration node global cache. 
Oct 19 11:57:09 flcormesbrkapp user:info IIB[4522244]: IBM Integration Bus v100016 (BRK001.BCO.SERVICES) [Thread 20605] (Msg 1/1) BIP7155I: The integration server has established a connection to the integration node global cache. 
Oct 19 11:57:25 flcormesbrkapp user:err|error IIB[4522244]: IBM Integration Bus v100016 (BRK001.BCO.SERVICES) [Thread 20862] (Msg 1/3) BIP2275E: Error loading deployed resource 'net.bac.services.bacwallet.BACWALLET_POS_AuthorizeBAC.msgflow' of type '.MSGFLOW'. 
Oct 19 11:57:25 flcormesbrkapp user:err|error IIB[4522244]: IBM Integration Bus v100016 (BRK001.BCO.SERVICES) [Thread 20862] (Msg 2/3) BIP3726E: Failed to setup SOAP transport for node SOAP Request. 
Oct 19 11:57:25 flcormesbrkapp user:err|error IIB[4522244]: IBM Integration Bus v100016 (BRK001.BCO.SERVICES) [Thread 20862] (Msg 3/3) BIP3732E: The specified WSDL binding BacPosSoapPortSoap11 could not be found in the supplied WSDL file BACWALLET_POS_MS/com/sybase365/mobiliser/custom/bac/BACPOS.wsdl. 
Oct 19 11:57:25 flcormesbrkapp user:err|error IIB[4522244]: IBM Integration Bus v100016 (BRK001.BCO.SERVICES) [Thread 20862] (Msg 1/3) BIP2275E: Error loading deployed resource 'net.bac.services.bacwallet.BACWALLET_POS_ReverseBAC.msgflow' of type '.MSGFLOW'. 
Oct 19 11:57:25 flcormesbrkapp user:err|error IIB[4522244]: IBM Integration Bus v100016 (BRK001.BCO.SERVICES) [Thread 20862] (Msg 2/3) BIP3726E: Failed to setup SOAP transport for node SOAP Request. 
Oct 19 11:57:25 flcormesbrkapp user:err|error IIB[4522244]: IBM Integration Bus v100016 (BRK001.BCO.SERVICES) [Thread 20862] (Msg 3/3) BIP3732E: The specified WSDL binding BacPosSoapPortSoap11 could not be found in the supplied WSDL file BACWALLET_POS_MS/com/sybase365/mobiliser/custom/bac/BACPOS.wsdl. 
Oct 19 11:57:25 flcormesbrkapp user:err|error IIB[4522244]: IBM Integration Bus v100016 (BRK001.BCO.SERVICES) [Thread 20862] (Msg 1/3) BIP2275E: Error loading deployed resource 'net.bac.services.bacwallet.BACWALLET_POS_CancelBAC.msgflow' of type '.MSGFLOW'. 
Oct 19 11:57:25 flcormesbrkapp user:err|error IIB[4522244]: IBM Integration Bus v100016 (BRK001.BCO.SERVICES) [Thread 20862] (Msg 2/3) BIP3726E: Failed to setup SOAP transport for node SOAP Request. 
Oct 19 11:57:25 flcormesbrkapp user:err|error IIB[4522244]: IBM Integration Bus v100016 (BRK001.BCO.SERVICES) [Thread 20862] (Msg 3/3) BIP3732E: The specified WSDL binding BacPosSoapPortSoap11 could not be found in the supplied WSDL file BACWALLET_POS_MS/com/sybase365/mobiliser/custom/bac/BACPOS.wsdl. 
Oct 19 11:57:28 flcormesbrkapp user:warn|warning IIB[10158496]: IBM Integration Bus v100016 (BRK001.COM.SERVICES) [Thread 19834] (Msg 1/1) BIP7190W: The WebSphere eXtreme Scale server components in this integration server have not started. The attempt to start the server components has now been running for '60' seconds. 
Oct 19 11:57:35 flcormesbrkapp user:info IIB[13435466]: IBM Integration Bus v100016 (BRK001.EXTERNAL.SERVICES) [Thread 20090] (Msg 1/1) BIP2154I: Integration server finished with Configuration message. 
Oct 19 11:57:41 flcormesbrkapp user:info IIB[4522244]: IBM Integration Bus v100016 (BRK001.BCO.SERVICES) [Thread 20862] (Msg 1/1) BIP2154I: Integration server finished with Configuration message. 
Oct 19 11:57:50 flcormesbrkapp user:info IIB[10158496]: IBM Integration Bus v100016 (BRK001.COM.SERVICES) [Thread 17017] (Msg 1/1) BIP7163I: Container server 'BRK001_FLCORMESBRKAPP_2810' in integration server 'COM.SERVICES' has started successfully. 
Oct 19 12:06:18 localhost user:err|error IIB[21102884]: IBM Integration Bus v100016 (BRK001.50bdbade-5001-0000-0080-b86f9822923f) [Thread 27544] (Msg 1/1) BIP2228E: Severe error: /build/S1000_slot1/S1000_P/src/CommonServices/Unix/ImbAbend.cpp 1227 signal received Abend file: /var/mqsi/common/errors/BRK001.50bdbade-5001-0000-0080-b86f9822923f.21102884.27544.abend action: abort
Oct 19 12:06:24 flcormesbrkapp user:warn|warning IIB[18219466]: IBM Integration Bus v100016 (BRK001) [Thread 19284] (Msg 1/1) BIP2060W: The integration node has detected that the integration server WSG.SERVICES, process ID 21102884, has shutdown. 
Oct 19 12:06:25 flcormesbrkapp user:info IIB[8454742]: IBM Integration Bus v100016 (BRK001.WSG.SERVICES) [Thread 1] (Msg 1/1) BIP2208I: Integration server (64) started: process '8454742'; thread '1'; additional information: integrationNodeName 'BRK001' (operation mode 'enterprise'); integrationServerUUID '50bdbade-5001-0000-0080-b86f9822923f'; integrationServerLabel 'WSG.SERVICES'; queueManagerName 'FLCORMESBRKAPP'; trusted 'false'; userId 'brkadmin'; migrationNeeded 'false'; integrationNodeUUID 'c0bdd364-4b98-11e1-af01-000000000000'; filePath '/SWIBM/wmbroker/mqsi/iib-10.0.0.16/server'; workPath '/var/mqsi'; ICU Converter Path ''; ordinality '1'. 
Oct 19 12:06:36 flcormesbrkapp user:err|error IIB[8454742]: IBM Integration Bus v100016 (BRK001.WSG.SERVICES) [Thread 1] (Msg 1/1) BIP2308E: File '/opt/IBM/ITM/aix533/k3/config/wmb70/lib64/kk3userexit64_wmb70.lel' could not be loaded; operating system return code '	0509-022 Cannot load module /opt/IBM/ITM/aix533/k3/config/wmb70/lib64/kk3userexit64_wmb70.lel. 	0509-150   Dependent module libimbdfplg64.a(libimbdfplg64.a.so) could not be loaded. 	0509-022 Cannot load module libimbdfplg64.a(libimbdfplg64.a.so). 	0509-026 System error: A file or directory in the path name does not exist. 	0509-022 Cannot load module /opt/IBM/ITM/aix533/k3/config/wmb70/lib64/kk3userexit64_wmb70.lel. 	0509-150   Dependent module /opt/IBM/ITM/aix533/k3/config/wmb70/lib64/kk3userexit64_wmb70.lel could not be loaded.'. 
Oct 19 12:06:36 flcormesbrkapp user:info IIB[8454742]: IBM Integration Bus v100016 (BRK001.WSG.SERVICES) [Thread 1] (Msg 1/1) BIP0000I: [MB] BRK001: Attaching Dynatrace agent
Oct 19 12:06:37 flcormesbrkapp user:info IIB[8454742]: IBM Integration Bus v100016 (BRK001.WSG.SERVICES) [Thread 1] (Msg 1/1) BIP0000I: [MB] BRK001: Dynatrace agent instance created
Oct 19 12:06:37 flcormesbrkapp user:info IIB[8454742]: IBM Integration Bus v100016 (BRK001.WSG.SERVICES) [Thread 1] (Msg 1/1) BIP0000I: [MB] BRK001: Configuring Dynatrace agent
Oct 19 12:06:37 flcormesbrkapp user:info IIB[8454742]: IBM Integration Bus v100016 (BRK001.WSG.SERVICES) [Thread 1] (Msg 1/1) BIP0000I: [MB] BRK001: Dynatrace agent configuration now available
Oct 19 12:06:37 flcormesbrkapp user:info IIB[8454742]: IBM Integration Bus v100016 (BRK001.WSG.SERVICES) [Thread 1] (Msg 1/1) BIP0000I: [MB] BRK001: Dynatrace agent debug options now accessible
Oct 19 12:06:37 flcormesbrkapp user:info IIB[8454742]: IBM Integration Bus v100016 (BRK001.WSG.SERVICES) [Thread 1] (Msg 1/1) BIP0000I: [MB] BRK001: Starting HTTP timeout task sender
Oct 19 12:06:37 flcormesbrkapp user:info IIB[8454742]: IBM Integration Bus v100016 (BRK001.WSG.SERVICES) [Thread 1] (Msg 1/1) BIP0000I: [MB] BRK001: Dynatrace agent MessageBroker[BRK001-WSG.SERVICES] successfully configured
Oct 19 12:06:37 flcormesbrkapp user:info IIB[8454742]: IBM Integration Bus v100016 (BRK001.WSG.SERVICES) [Thread 1] (Msg 1/1) BIP0000I: [MB] BRK001: Active user exit for linked broker 'BRK001': dtwsmbagent
Oct 19 12:06:37 flcormesbrkapp user:info IIB[8454742]: IBM Integration Bus v100016 (BRK001.WSG.SERVICES) [Thread 1] (Msg 1/1) BIP0000I: [MB] BRK001: User exit 'dtwsmbagent' for Dynatrace agent is enabled
Oct 19 12:06:37 flcormesbrkapp user:info IIB[8454742]: IBM Integration Bus v100016 (BRK001.WSG.SERVICES) [Thread 1] (Msg 1/1) BIP0000I: [MB] BRK001: Registering Dynatrace agent callbacks for user exit 'dtwsmbagent'
Oct 19 12:06:37 flcormesbrkapp user:info IIB[8454742]: IBM Integration Bus v100016 (BRK001.WSG.SERVICES) [Thread 1] (Msg 1/1) BIP0000I: [MB] BRK001: Dynatrace agent MessageBroker[BRK001-WSG.SERVICES] successfully attached
Oct 19 12:06:37 flcormesbrkapp user:info IIB[8454742]: IBM Integration Bus v100016 (BRK001.WSG.SERVICES) [Thread 1] (Msg 1/1) BIP0000I: [MB] BRK001: Initializing Dynatrace agent MessageBroker[BRK001-WSG.SERVICES]
Oct 19 12:06:38 flcormesbrkapp user:info IIB[8454742]: IBM Integration Bus v100016 (BRK001.WSG.SERVICES) [Thread 1] (Msg 1/1) BIP0000I: [MB] BRK001: Dynatrace agent successfully initialized
Oct 19 12:06:38 flcormesbrkapp user:warn|warning IIB[8454742]: IBM Integration Bus v100016 (BRK001.WSG.SERVICES) [Thread 1] (Msg 1/1) BIP2279W: The directory '/opt/dynatrace/oneagent/agent/bin/1.201.129.20201001-102441/aix-ppc-64' has been stated twice or more in the user exit path '/opt/IBM/ITM/aix533/k3/config/wmb70/lib64:/opt/dynatrace/oneagent/agent/bin/1.201.129.20201001-102441/aix-ppc-64:/opt/dynatrace/oneagent/agent/bin/1.201.129.20201001-102441/aix-ppc-64'. 
Oct 19 12:06:41 flcormesbrkapp user:info IIB[8454742]: IBM Integration Bus v100016 (BRK001.WSG.SERVICES) [Thread 21375] (Msg 1/1) BIP2152I: Configuration message received from integration node. 
Oct 19 12:06:41 flcormesbrkapp user:info IIB[8454742]: IBM Integration Bus v100016 (BRK001.WSG.SERVICES) [Thread 21375] (Msg 1/1) BIP2153I: About to 'Start' an integration server. 
Oct 19 12:06:43 flcormesbrkapp user:info IIB[8454742]: IBM Integration Bus v100016 (BRK001.WSG.SERVICES) [Thread 21375] (Msg 1/1) BIP2154I: Integration server finished with Configuration message. 
Oct 19 12:06:48 flcormesbrkapp user:info IIB[8454742]: IBM Integration Bus v100016 (BRK001.WSG.SERVICES) [Thread 17788] (Msg 1/1) BIP7162I: Catalog server 'BRK001_FLCORMESBRKAPP_2800' in integration server 'WSG.SERVICES' has started successfully. 
Oct 19 12:06:49 flcormesbrkapp user:info IIB[8454742]: IBM Integration Bus v100016 (BRK001.WSG.SERVICES) [Thread 17788] (Msg 1/1) BIP7163I: Container server 'BRK001_FLCORMESBRKAPP_2800' in integration server 'WSG.SERVICES' has started successfully. 
Oct 19 12:06:49 flcormesbrkapp user:info IIB[8454742]: IBM Integration Bus v100016 (BRK001.WSG.SERVICES) [Thread 21118] (Msg 1/1) BIP7155I: The integration server has established a connection to the integration node global cache. 
Oct 19 12:07:19 localhost user:err|error IIB[8454742]: IBM Integration Bus v100016 (BRK001.50bdbade-5001-0000-0080-b86f9822923f) [Thread 27287] (Msg 1/1) BIP2228E: Severe error: /build/S1000_slot1/S1000_P/src/CommonServices/Unix/ImbAbend.cpp 1227 signal received Abend file: /var/mqsi/common/errors/BRK001.50bdbade-5001-0000-0080-b86f9822923f.8454742.27287.abend action: abort
Oct 19 12:07:24 flcormesbrkapp user:warn|warning IIB[18219466]: IBM Integration Bus v100016 (BRK001) [Thread 19284] (Msg 1/1) BIP2060W: The integration node has detected that the integration server WSG.SERVICES, process ID 8454742, has shutdown. 
Oct 19 12:07:25 flcormesbrkapp user:info IIB[8913248]: IBM Integration Bus v100016 (BRK001.WSG.SERVICES) [Thread 1] (Msg 1/1) BIP2208I: Integration server (64) started: process '8913248'; thread '1'; additional information: integrationNodeName 'BRK001' (operation mode 'enterprise'); integrationServerUUID '50bdbade-5001-0000-0080-b86f9822923f'; integrationServerLabel 'WSG.SERVICES'; queueManagerName 'FLCORMESBRKAPP'; trusted 'false'; userId 'brkadmin'; migrationNeeded 'false'; integrationNodeUUID 'c0bdd364-4b98-11e1-af01-000000000000'; filePath '/SWIBM/wmbroker/mqsi/iib-10.0.0.16/server'; workPath '/var/mqsi'; ICU Converter Path ''; ordinality '1'. 
Oct 19 12:07:36 flcormesbrkapp user:err|error IIB[8913248]: IBM Integration Bus v100016 (BRK001.WSG.SERVICES) [Thread 1] (Msg 1/1) BIP2308E: File '/opt/IBM/ITM/aix533/k3/config/wmb70/lib64/kk3userexit64_wmb70.lel' could not be loaded; operating system return code '	0509-022 Cannot load module /opt/IBM/ITM/aix533/k3/config/wmb70/lib64/kk3userexit64_wmb70.lel. 	0509-150   Dependent module libimbdfplg64.a(libimbdfplg64.a.so) could not be loaded. 	0509-022 Cannot load module libimbdfplg64.a(libimbdfplg64.a.so). 	0509-026 System error: A file or directory in the path name does not exist. 	0509-022 Cannot load module /opt/IBM/ITM/aix533/k3/config/wmb70/lib64/kk3userexit64_wmb70.lel. 	0509-150   Dependent module /opt/IBM/ITM/aix533/k3/config/wmb70/lib64/kk3userexit64_wmb70.lel could not be loaded.'. 
Oct 19 12:07:36 flcormesbrkapp user:info IIB[8913248]: IBM Integration Bus v100016 (BRK001.WSG.SERVICES) [Thread 1] (Msg 1/1) BIP0000I: [MB] BRK001: Attaching Dynatrace agent
Oct 19 12:07:37 flcormesbrkapp user:info IIB[8913248]: IBM Integration Bus v100016 (BRK001.WSG.SERVICES) [Thread 1] (Msg 1/1) BIP0000I: [MB] BRK001: Dynatrace agent instance created
Oct 19 12:07:37 flcormesbrkapp user:info IIB[8913248]: IBM Integration Bus v100016 (BRK001.WSG.SERVICES) [Thread 1] (Msg 1/1) BIP0000I: [MB] BRK001: Configuring Dynatrace agent
Oct 19 12:07:37 flcormesbrkapp user:info IIB[8913248]: IBM Integration Bus v100016 (BRK001.WSG.SERVICES) [Thread 1] (Msg 1/1) BIP0000I: [MB] BRK001: Dynatrace agent configuration now available
Oct 19 12:07:37 flcormesbrkapp user:info IIB[8913248]: IBM Integration Bus v100016 (BRK001.WSG.SERVICES) [Thread 1] (Msg 1/1) BIP0000I: [MB] BRK001: Dynatrace agent debug options now accessible
Oct 19 12:07:37 flcormesbrkapp user:info IIB[8913248]: IBM Integration Bus v100016 (BRK001.WSG.SERVICES) [Thread 1] (Msg 1/1) BIP0000I: [MB] BRK001: Starting HTTP timeout task sender
Oct 19 12:07:37 flcormesbrkapp user:info IIB[8913248]: IBM Integration Bus v100016 (BRK001.WSG.SERVICES) [Thread 1] (Msg 1/1) BIP0000I: [MB] BRK001: Dynatrace agent MessageBroker[BRK001-WSG.SERVICES] successfully configured
Oct 19 12:07:37 flcormesbrkapp user:info IIB[8913248]: IBM Integration Bus v100016 (BRK001.WSG.SERVICES) [Thread 1] (Msg 1/1) BIP0000I: [MB] BRK001: Active user exit for linked broker 'BRK001': dtwsmbagent
Oct 19 12:07:37 flcormesbrkapp user:info IIB[8913248]: IBM Integration Bus v100016 (BRK001.WSG.SERVICES) [Thread 1] (Msg 1/1) BIP0000I: [MB] BRK001: User exit 'dtwsmbagent' for Dynatrace agent is enabled
Oct 19 12:07:37 flcormesbrkapp user:info IIB[8913248]: IBM Integration Bus v100016 (BRK001.WSG.SERVICES) [Thread 1] (Msg 1/1) BIP0000I: [MB] BRK001: Registering Dynatrace agent callbacks for user exit 'dtwsmbagent'
Oct 19 12:07:37 flcormesbrkapp user:info IIB[8913248]: IBM Integration Bus v100016 (BRK001.WSG.SERVICES) [Thread 1] (Msg 1/1) BIP0000I: [MB] BRK001: Dynatrace agent MessageBroker[BRK001-WSG.SERVICES] successfully attached
Oct 19 12:07:37 flcormesbrkapp user:info IIB[8913248]: IBM Integration Bus v100016 (BRK001.WSG.SERVICES) [Thread 1] (Msg 1/1) BIP0000I: [MB] BRK001: Initializing Dynatrace agent MessageBroker[BRK001-WSG.SERVICES]
Oct 19 12:07:38 flcormesbrkapp user:info IIB[8913248]: IBM Integration Bus v100016 (BRK001.WSG.SERVICES) [Thread 1] (Msg 1/1) BIP0000I: [MB] BRK001: Dynatrace agent successfully initialized
Oct 19 12:07:38 flcormesbrkapp user:warn|warning IIB[8913248]: IBM Integration Bus v100016 (BRK001.WSG.SERVICES) [Thread 1] (Msg 1/1) BIP2279W: The directory '/opt/dynatrace/oneagent/agent/bin/1.201.129.20201001-102441/aix-ppc-64' has been stated twice or more in the user exit path '/opt/IBM/ITM/aix533/k3/config/wmb70/lib64:/opt/dynatrace/oneagent/agent/bin/1.201.129.20201001-102441/aix-ppc-64:/opt/dynatrace/oneagent/agent/bin/1.201.129.20201001-102441/aix-ppc-64'. 
Oct 19 12:07:42 flcormesbrkapp user:info IIB[8913248]: IBM Integration Bus v100016 (BRK001.WSG.SERVICES) [Thread 20861] (Msg 1/1) BIP2152I: Configuration message received from integration node. 
Oct 19 12:07:42 flcormesbrkapp user:info IIB[8913248]: IBM Integration Bus v100016 (BRK001.WSG.SERVICES) [Thread 20861] (Msg 1/1) BIP2153I: About to 'Start' an integration server. 
Oct 19 12:07:43 flcormesbrkapp user:info IIB[8913248]: IBM Integration Bus v100016 (BRK001.WSG.SERVICES) [Thread 20861] (Msg 1/1) BIP2154I: Integration server finished with Configuration message. 
Oct 19 12:07:48 flcormesbrkapp user:info IIB[8913248]: IBM Integration Bus v100016 (BRK001.WSG.SERVICES) [Thread 17274] (Msg 1/1) BIP7162I: Catalog server 'BRK001_FLCORMESBRKAPP_2800' in integration server 'WSG.SERVICES' has started successfully. 
Oct 19 12:07:48 flcormesbrkapp user:info IIB[8913248]: IBM Integration Bus v100016 (BRK001.WSG.SERVICES) [Thread 17274] (Msg 1/1) BIP7163I: Container server 'BRK001_FLCORMESBRKAPP_2800' in integration server 'WSG.SERVICES' has started successfully. 
Oct 19 12:07:48 flcormesbrkapp user:info IIB[8913248]: IBM Integration Bus v100016 (BRK001.WSG.SERVICES) [Thread 20604] (Msg 1/1) BIP7155I: The integration server has established a connection to the integration node global cache. 
